<?xml version="1.0" encoding="UTF-8"?>
<!-- Generated by org.testng.reporters.JUnitXMLReporter -->
<testsuite hostname="123-PC" ignored="0" name="Test" tests="2" failures="2" timestamp="31 Aug 2019 17:02:55 GMT" time="181.43" errors="0">
  <testcase name="loginLogOut" time="10.106" classname="testcases.TC001_Login">
    <failure type="java.lang.StackOverflowError">
      <![CDATA[java.lang.StackOverflowError
at java.security.AccessController.doPrivileged(Native Method)
at java.net.URLClassLoader.findClass(Unknown Source)
at java.lang.ClassLoader.loadClass(Unknown Source)
at java.lang.ClassLoader.loadClass(Unknown Source)
at sun.misc.Launcher$AppClassLoader.loadClass(Unknown Source)
at java.lang.ClassLoader.loadClass(Unknown Source)
at org.openqa.selenium.remote.service.DriverCommandExecutor.execute(DriverCommandExecutor.java:84)
at org.openqa.selenium.remote.RemoteWebDriver.execute(RemoteWebDriver.java:637)
at org.openqa.selenium.remote.RemoteWebDriver.execute(RemoteWebDriver.java:694)
at org.openqa.selenium.remote.RemoteWebDriver.getScreenshotAs(RemoteWebDriver.java:382)
at wrappers.GenericWrappers.takeSnap(GenericWrappers.java:577)
at utils.Reporter.reportStep(Reporter.java:20)
at utils.Reporter.reportStep(Reporter.java:43)
at wrappers.GenericWrappers.takeSnap(GenericWrappers.java:579)
at utils.Reporter.reportStep(Reporter.java:20)
at utils.Reporter.reportStep(Reporter.java:43)
at wrappers.GenericWrappers.takeSnap(GenericWrappers.java:579)
at utils.Reporter.reportStep(Reporter.java:20)
at utils.Reporter.reportStep(Reporter.java:43)
at wrappers.GenericWrappers.takeSnap(GenericWrappers.java:579)
at utils.Reporter.reportStep(Reporter.java:20)
at utils.Reporter.reportStep(Reporter.java:43)
at wrappers.GenericWrappers.takeSnap(GenericWrappers.java:579)
at utils.Reporter.reportStep(Reporter.java:20)
at utils.Reporter.reportStep(Reporter.java:43)
at wrappers.GenericWrappers.takeSnap(GenericWrappers.java:579)
at utils.Reporter.reportStep(Reporter.java:20)
at utils.Reporter.reportStep(Reporter.java:43)
at wrappers.GenericWrappers.takeSnap(GenericWrappers.java:579)
at utils.Reporter.reportStep(Reporter.java:20)
at utils.Reporter.reportStep(Reporter.java:43)
at wrappers.GenericWrappers.takeSnap(GenericWrappers.java:579)
at utils.Reporter.reportStep(Reporter.java:20)
at utils.Reporter.reportStep(Reporter.java:43)
at wrappers.GenericWrappers.takeSnap(GenericWrappers.java:579)
at utils.Reporter.reportStep(Reporter.java:20)
at utils.Reporter.reportStep(Reporter.java:43)
at wrappers.GenericWrappers.takeSnap(GenericWrappers.java:579)
at utils.Reporter.reportStep(Reporter.java:20)
at utils.Reporter.reportStep(Reporter.java:43)
at wrappers.GenericWrappers.takeSnap(GenericWrappers.java:579)
at utils.Reporter.reportStep(Reporter.java:20)
at utils.Reporter.reportStep(Reporter.java:43)
at wrappers.GenericWrappers.takeSnap(GenericWrappers.java:579)
at utils.Reporter.reportStep(Reporter.java:20)
at utils.Reporter.reportStep(Reporter.java:43)
at wrappers.GenericWrappers.takeSnap(GenericWrappers.java:579)
at utils.Reporter.reportStep(Reporter.java:20)
at utils.Reporter.reportStep(Reporter.java:43)
at wrappers.GenericWrappers.takeSnap(GenericWrappers.java:579)
at utils.Reporter.reportStep(Reporter.java:20)
at utils.Reporter.reportStep(Reporter.java:43)
at wrappers.GenericWrappers.takeSnap(GenericWrappers.java:579)
at utils.Reporter.reportStep(Reporter.java:20)
at utils.Reporter.reportStep(Reporter.java:43)
at wrappers.GenericWrappers.takeSnap(GenericWrappers.java:579)
at utils.Reporter.reportStep(Reporter.java:20)
at utils.Reporter.reportStep(Reporter.java:43)
at wrappers.GenericWrappers.takeSnap(GenericWrappers.java:579)
at utils.Reporter.reportStep(Reporter.java:20)
at utils.Reporter.reportStep(Reporter.java:43)
at wrappers.GenericWrappers.takeSnap(GenericWrappers.java:579)
at utils.Reporter.reportStep(Reporter.java:20)
at utils.Reporter.reportStep(Reporter.java:43)
at wrappers.GenericWrappers.takeSnap(GenericWrappers.java:579)
at utils.Reporter.reportStep(Reporter.java:20)
at utils.Reporter.reportStep(Reporter.java:43)
at wrappers.GenericWrappers.takeSnap(GenericWrappers.java:579)
at utils.Reporter.reportStep(Reporter.java:20)
at utils.Reporter.reportStep(Reporter.java:43)
at wrappers.GenericWrappers.takeSnap(GenericWrappers.java:579)
at utils.Reporter.reportStep(Reporter.java:20)
at utils.Reporter.reportStep(Reporter.java:43)
at wrappers.GenericWrappers.takeSnap(GenericWrappers.java:579)
at utils.Reporter.reportStep(Reporter.java:20)
at utils.Reporter.reportStep(Reporter.java:43)
at wrappers.GenericWrappers.takeSnap(GenericWrappers.java:579)
at utils.Reporter.reportStep(Reporter.java:20)
at utils.Reporter.reportStep(Reporter.java:43)
at wrappers.GenericWrappers.takeSnap(GenericWrappers.java:579)
at utils.Reporter.reportStep(Reporter.java:20)
at utils.Reporter.reportStep(Reporter.java:43)
at wrappers.GenericWrappers.takeSnap(GenericWrappers.java:579)
at utils.Reporter.reportStep(Reporter.java:20)
at utils.Reporter.reportStep(Reporter.java:43)
at wrappers.GenericWrappers.takeSnap(GenericWrappers.java:579)
at utils.Reporter.reportStep(Reporter.java:20)
at utils.Reporter.reportStep(Reporter.java:43)
at wrappers.GenericWrappers.takeSnap(GenericWrappers.java:579)
at utils.Reporter.reportStep(Reporter.java:20)
at utils.Reporter.reportStep(Reporter.java:43)
at wrappers.GenericWrappers.takeSnap(GenericWrappers.java:579)
at utils.Reporter.reportStep(Reporter.java:20)
at utils.Reporter.reportStep(Reporter.java:43)
at wrappers.GenericWrappers.takeSnap(GenericWrappers.java:579)
at utils.Reporter.reportStep(Reporter.java:20)
at utils.Reporter.reportStep(Reporter.java:43)
at wrappers.GenericWrappers.takeSnap(GenericWrappers.java:579)
at utils.Reporter.reportStep(Reporter.java:20)
at utils.Reporter.reportStep(Reporter.java:43)
at wrappers.GenericWrappers.takeSnap(GenericWrappers.java:579)
at utils.Reporter.reportStep(Reporter.java:20)
at utils.Reporter.reportStep(Reporter.java:43)
at wrappers.GenericWrappers.takeSnap(GenericWrappers.java:579)
at utils.Reporter.reportStep(Reporter.java:20)
at utils.Reporter.reportStep(Reporter.java:43)
at wrappers.GenericWrappers.takeSnap(GenericWrappers.java:579)
at utils.Reporter.reportStep(Reporter.java:20)
at utils.Reporter.reportStep(Reporter.java:43)
at wrappers.GenericWrappers.takeSnap(GenericWrappers.java:579)
at utils.Reporter.reportStep(Reporter.java:20)
at utils.Reporter.reportStep(Reporter.java:43)
at wrappers.GenericWrappers.takeSnap(GenericWrappers.java:579)
at utils.Reporter.reportStep(Reporter.java:20)
at utils.Reporter.reportStep(Reporter.java:43)
at wrappers.GenericWrappers.takeSnap(GenericWrappers.java:579)
at utils.Reporter.reportStep(Reporter.java:20)
at utils.Reporter.reportStep(Reporter.java:43)
at wrappers.GenericWrappers.takeSnap(GenericWrappers.java:579)
at utils.Reporter.reportStep(Reporter.java:20)
at utils.Reporter.reportStep(Reporter.java:43)
at wrappers.GenericWrappers.takeSnap(GenericWrappers.java:579)
at utils.Reporter.reportStep(Reporter.java:20)
at utils.Reporter.reportStep(Reporter.java:43)
at wrappers.GenericWrappers.takeSnap(GenericWrappers.java:579)
at utils.Reporter.reportStep(Reporter.java:20)
at utils.Reporter.reportStep(Reporter.java:43)
at wrappers.GenericWrappers.takeSnap(GenericWrappers.java:579)
at utils.Reporter.reportStep(Reporter.java:20)
at utils.Reporter.reportStep(Reporter.java:43)
at wrappers.GenericWrappers.takeSnap(GenericWrappers.java:579)
at utils.Reporter.reportStep(Reporter.java:20)
at utils.Reporter.reportStep(Reporter.java:43)
at wrappers.GenericWrappers.takeSnap(GenericWrappers.java:579)
at utils.Reporter.reportStep(Reporter.java:20)
at utils.Reporter.reportStep(Reporter.java:43)
at wrappers.GenericWrappers.takeSnap(GenericWrappers.java:579)
at utils.Reporter.reportStep(Reporter.java:20)
at utils.Reporter.reportStep(Reporter.java:43)
at wrappers.GenericWrappers.takeSnap(GenericWrappers.java:579)
at utils.Reporter.reportStep(Reporter.java:20)
at utils.Reporter.reportStep(Reporter.java:43)
at wrappers.GenericWrappers.takeSnap(GenericWrappers.java:579)
at utils.Reporter.reportStep(Reporter.java:20)
at utils.Reporter.reportStep(Reporter.java:43)
at wrappers.GenericWrappers.takeSnap(GenericWrappers.java:579)
at utils.Reporter.reportStep(Reporter.java:20)
at utils.Reporter.reportStep(Reporter.java:43)
at wrappers.GenericWrappers.takeSnap(GenericWrappers.java:579)
at utils.Reporter.reportStep(Reporter.java:20)
at utils.Reporter.reportStep(Reporter.java:43)
at wrappers.GenericWrappers.takeSnap(GenericWrappers.java:579)
at utils.Reporter.reportStep(Reporter.java:20)
at utils.Reporter.reportStep(Reporter.java:43)
at wrappers.GenericWrappers.takeSnap(GenericWrappers.java:579)
at utils.Reporter.reportStep(Reporter.java:20)
at utils.Reporter.reportStep(Reporter.java:43)
at wrappers.GenericWrappers.takeSnap(GenericWrappers.java:579)
at utils.Reporter.reportStep(Reporter.java:20)
at utils.Reporter.reportStep(Reporter.java:43)
at wrappers.GenericWrappers.takeSnap(GenericWrappers.java:579)
at utils.Reporter.reportStep(Reporter.java:20)
at utils.Reporter.reportStep(Reporter.java:43)
at wrappers.GenericWrappers.takeSnap(GenericWrappers.java:579)
at utils.Reporter.reportStep(Reporter.java:20)
at utils.Reporter.reportStep(Reporter.java:43)
at wrappers.GenericWrappers.takeSnap(GenericWrappers.java:579)
at utils.Reporter.reportStep(Reporter.java:20)
at utils.Reporter.reportStep(Reporter.java:43)
at wrappers.GenericWrappers.takeSnap(GenericWrappers.java:579)
at utils.Reporter.reportStep(Reporter.java:20)
at utils.Reporter.reportStep(Reporter.java:43)
at wrappers.GenericWrappers.takeSnap(GenericWrappers.java:579)
at utils.Reporter.reportStep(Reporter.java:20)
at utils.Reporter.reportStep(Reporter.java:43)
at wrappers.GenericWrappers.takeSnap(GenericWrappers.java:579)
at utils.Reporter.reportStep(Reporter.java:20)
at utils.Reporter.reportStep(Reporter.java:43)
at wrappers.GenericWrappers.takeSnap(GenericWrappers.java:579)
at utils.Reporter.reportStep(Reporter.java:20)
at utils.Reporter.reportStep(Reporter.java:43)
at wrappers.GenericWrappers.takeSnap(GenericWrappers.java:579)
at utils.Reporter.reportStep(Reporter.java:20)
at utils.Reporter.reportStep(Reporter.java:43)
at wrappers.GenericWrappers.takeSnap(GenericWrappers.java:579)
at utils.Reporter.reportStep(Reporter.java:20)
at utils.Reporter.reportStep(Reporter.java:43)
at wrappers.GenericWrappers.takeSnap(GenericWrappers.java:579)
at utils.Reporter.reportStep(Reporter.java:20)
at utils.Reporter.reportStep(Reporter.java:43)
at wrappers.GenericWrappers.takeSnap(GenericWrappers.java:579)
at utils.Reporter.reportStep(Reporter.java:20)
at utils.Reporter.reportStep(Reporter.java:43)
at wrappers.GenericWrappers.takeSnap(GenericWrappers.java:579)
at utils.Reporter.reportStep(Reporter.java:20)
at utils.Reporter.reportStep(Reporter.java:43)
at wrappers.GenericWrappers.takeSnap(GenericWrappers.java:579)
at utils.Reporter.reportStep(Reporter.java:20)
at utils.Reporter.reportStep(Reporter.java:43)
at wrappers.GenericWrappers.takeSnap(GenericWrappers.java:579)
at utils.Reporter.reportStep(Reporter.java:20)
at utils.Reporter.reportStep(Reporter.java:43)
at wrappers.GenericWrappers.takeSnap(GenericWrappers.java:579)
at utils.Reporter.reportStep(Reporter.java:20)
at utils.Reporter.reportStep(Reporter.java:43)
at wrappers.GenericWrappers.takeSnap(GenericWrappers.java:579)
at utils.Reporter.reportStep(Reporter.java:20)
at utils.Reporter.reportStep(Reporter.java:43)
at wrappers.GenericWrappers.takeSnap(GenericWrappers.java:579)
at utils.Reporter.reportStep(Reporter.java:20)
at utils.Reporter.reportStep(Reporter.java:43)
at wrappers.GenericWrappers.takeSnap(GenericWrappers.java:579)
at utils.Reporter.reportStep(Reporter.java:20)
at utils.Reporter.reportStep(Reporter.java:43)
at wrappers.GenericWrappers.takeSnap(GenericWrappers.java:579)
at utils.Reporter.reportStep(Reporter.java:20)
at utils.Reporter.reportStep(Reporter.java:43)
at wrappers.GenericWrappers.takeSnap(GenericWrappers.java:579)
at utils.Reporter.reportStep(Reporter.java:20)
at utils.Reporter.reportStep(Reporter.java:43)
at wrappers.GenericWrappers.takeSnap(GenericWrappers.java:579)
at utils.Reporter.reportStep(Reporter.java:20)
at utils.Reporter.reportStep(Reporter.java:43)
at wrappers.GenericWrappers.takeSnap(GenericWrappers.java:579)
at utils.Reporter.reportStep(Reporter.java:20)
at utils.Reporter.reportStep(Reporter.java:43)
at wrappers.GenericWrappers.takeSnap(GenericWrappers.java:579)
at utils.Reporter.reportStep(Reporter.java:20)
at utils.Reporter.reportStep(Reporter.java:43)
at wrappers.GenericWrappers.takeSnap(GenericWrappers.java:579)
at utils.Reporter.reportStep(Reporter.java:20)
at utils.Reporter.reportStep(Reporter.java:43)
at wrappers.GenericWrappers.takeSnap(GenericWrappers.java:579)
at utils.Reporter.reportStep(Reporter.java:20)
at utils.Reporter.reportStep(Reporter.java:43)
at wrappers.GenericWrappers.takeSnap(GenericWrappers.java:579)
at utils.Reporter.reportStep(Reporter.java:20)
at utils.Reporter.reportStep(Reporter.java:43)
at wrappers.GenericWrappers.takeSnap(GenericWrappers.java:579)
at utils.Reporter.reportStep(Reporter.java:20)
at utils.Reporter.reportStep(Reporter.java:43)
at wrappers.GenericWrappers.takeSnap(GenericWrappers.java:579)
at utils.Reporter.reportStep(Reporter.java:20)
at utils.Reporter.reportStep(Reporter.java:43)
at wrappers.GenericWrappers.takeSnap(GenericWrappers.java:579)
at utils.Reporter.reportStep(Reporter.java:20)
at utils.Reporter.reportStep(Reporter.java:43)
at wrappers.GenericWrappers.takeSnap(GenericWrappers.java:579)
at utils.Reporter.reportStep(Reporter.java:20)
at utils.Reporter.reportStep(Reporter.java:43)
at wrappers.GenericWrappers.takeSnap(GenericWrappers.java:579)
at utils.Reporter.reportStep(Reporter.java:20)
at utils.Reporter.reportStep(Reporter.java:43)
at wrappers.GenericWrappers.takeSnap(GenericWrappers.java:579)
at utils.Reporter.reportStep(Reporter.java:20)
at utils.Reporter.reportStep(Reporter.java:43)
at wrappers.GenericWrappers.takeSnap(GenericWrappers.java:579)
at utils.Reporter.reportStep(Reporter.java:20)
at utils.Reporter.reportStep(Reporter.java:43)
at wrappers.GenericWrappers.takeSnap(GenericWrappers.java:579)
at utils.Reporter.reportStep(Reporter.java:20)
at utils.Reporter.reportStep(Reporter.java:43)
at wrappers.GenericWrappers.takeSnap(GenericWrappers.java:579)
at utils.Reporter.reportStep(Reporter.java:20)
at utils.Reporter.reportStep(Reporter.java:43)
at wrappers.GenericWrappers.takeSnap(GenericWrappers.java:579)
at utils.Reporter.reportStep(Reporter.java:20)
at utils.Reporter.reportStep(Reporter.java:43)
at wrappers.GenericWrappers.takeSnap(GenericWrappers.java:579)
at utils.Reporter.reportStep(Reporter.java:20)
at utils.Reporter.reportStep(Reporter.java:43)
at wrappers.GenericWrappers.takeSnap(GenericWrappers.java:579)
at utils.Reporter.reportStep(Reporter.java:20)
at utils.Reporter.reportStep(Reporter.java:43)
at wrappers.GenericWrappers.takeSnap(GenericWrappers.java:579)
at utils.Reporter.reportStep(Reporter.java:20)
at utils.Reporter.reportStep(Reporter.java:43)
at wrappers.GenericWrappers.takeSnap(GenericWrappers.java:579)
at utils.Reporter.reportStep(Reporter.java:20)
at utils.Reporter.reportStep(Reporter.java:43)
at wrappers.GenericWrappers.takeSnap(GenericWrappers.java:579)
at utils.Reporter.reportStep(Reporter.java:20)
at utils.Reporter.reportStep(Reporter.java:43)
at wrappers.GenericWrappers.takeSnap(GenericWrappers.java:579)
at utils.Reporter.reportStep(Reporter.java:20)
at utils.Reporter.reportStep(Reporter.java:43)
at wrappers.GenericWrappers.takeSnap(GenericWrappers.java:579)
at utils.Reporter.reportStep(Reporter.java:20)
at utils.Reporter.reportStep(Reporter.java:43)
at wrappers.GenericWrappers.takeSnap(GenericWrappers.java:579)
at utils.Reporter.reportStep(Reporter.java:20)
at utils.Reporter.reportStep(Reporter.java:43)
at wrappers.GenericWrappers.takeSnap(GenericWrappers.java:579)
at utils.Reporter.reportStep(Reporter.java:20)
at utils.Reporter.reportStep(Reporter.java:43)
at wrappers.GenericWrappers.takeSnap(GenericWrappers.java:579)
at utils.Reporter.reportStep(Reporter.java:20)
at utils.Reporter.reportStep(Reporter.java:43)
at wrappers.GenericWrappers.takeSnap(GenericWrappers.java:579)
at utils.Reporter.reportStep(Reporter.java:20)
at utils.Reporter.reportStep(Reporter.java:43)
at wrappers.GenericWrappers.takeSnap(GenericWrappers.java:579)
at utils.Reporter.reportStep(Reporter.java:20)
at utils.Reporter.reportStep(Reporter.java:43)
at wrappers.GenericWrappers.takeSnap(GenericWrappers.java:579)
at utils.Reporter.reportStep(Reporter.java:20)
at utils.Reporter.reportStep(Reporter.java:43)
at wrappers.GenericWrappers.takeSnap(GenericWrappers.java:579)
at utils.Reporter.reportStep(Reporter.java:20)
at utils.Reporter.reportStep(Reporter.java:43)
at wrappers.GenericWrappers.takeSnap(GenericWrappers.java:579)
at utils.Reporter.reportStep(Reporter.java:20)
at utils.Reporter.reportStep(Reporter.java:43)
at wrappers.GenericWrappers.takeSnap(GenericWrappers.java:579)
at utils.Reporter.reportStep(Reporter.java:20)
at utils.Reporter.reportStep(Reporter.java:43)
at wrappers.GenericWrappers.takeSnap(GenericWrappers.java:579)
at utils.Reporter.reportStep(Reporter.java:20)
at utils.Reporter.reportStep(Reporter.java:43)
at wrappers.GenericWrappers.takeSnap(GenericWrappers.java:579)
at utils.Reporter.reportStep(Reporter.java:20)
at utils.Reporter.reportStep(Reporter.java:43)
at wrappers.GenericWrappers.takeSnap(GenericWrappers.java:579)
at utils.Reporter.reportStep(Reporter.java:20)
at utils.Reporter.reportStep(Reporter.java:43)
at wrappers.GenericWrappers.takeSnap(GenericWrappers.java:579)
at utils.Reporter.reportStep(Reporter.java:20)
at utils.Reporter.reportStep(Reporter.java:43)
at wrappers.GenericWrappers.takeSnap(GenericWrappers.java:579)
at utils.Reporter.reportStep(Reporter.java:20)
at utils.Reporter.reportStep(Reporter.java:43)
at wrappers.GenericWrappers.takeSnap(GenericWrappers.java:579)
at utils.Reporter.reportStep(Reporter.java:20)
at utils.Reporter.reportStep(Reporter.java:43)
at wrappers.GenericWrappers.takeSnap(GenericWrappers.java:579)
at utils.Reporter.reportStep(Reporter.java:20)
at utils.Reporter.reportStep(Reporter.java:43)
at wrappers.GenericWrappers.takeSnap(GenericWrappers.java:579)
at utils.Reporter.reportStep(Reporter.java:20)
at utils.Reporter.reportStep(Reporter.java:43)
at wrappers.GenericWrappers.takeSnap(GenericWrappers.java:579)
at utils.Reporter.reportStep(Reporter.java:20)
at utils.Reporter.reportStep(Reporter.java:43)
at wrappers.GenericWrappers.takeSnap(GenericWrappers.java:579)
at utils.Reporter.reportStep(Reporter.java:20)
at utils.Reporter.reportStep(Reporter.java:43)
at wrappers.GenericWrappers.takeSnap(GenericWrappers.java:579)
at utils.Reporter.reportStep(Reporter.java:20)
at utils.Reporter.reportStep(Reporter.java:43)
at wrappers.GenericWrappers.takeSnap(GenericWrappers.java:579)
at utils.Reporter.reportStep(Reporter.java:20)
at utils.Reporter.reportStep(Reporter.java:43)
at wrappers.GenericWrappers.takeSnap(GenericWrappers.java:579)
at utils.Reporter.reportStep(Reporter.java:20)
at utils.Reporter.reportStep(Reporter.java:43)
at wrappers.GenericWrappers.takeSnap(GenericWrappers.java:579)
at utils.Reporter.reportStep(Reporter.java:20)
at utils.Reporter.reportStep(Reporter.java:43)
at wrappers.GenericWrappers.takeSnap(GenericWrappers.java:579)
at utils.Reporter.reportStep(Reporter.java:20)
at utils.Reporter.reportStep(Reporter.java:43)
at wrappers.GenericWrappers.takeSnap(GenericWrappers.java:579)
at utils.Reporter.reportStep(Reporter.java:20)
at utils.Reporter.reportStep(Reporter.java:43)
at wrappers.GenericWrappers.takeSnap(GenericWrappers.java:579)
at utils.Reporter.reportStep(Reporter.java:20)
at utils.Reporter.reportStep(Reporter.java:43)
at wrappers.GenericWrappers.takeSnap(GenericWrappers.java:579)
at utils.Reporter.reportStep(Reporter.java:20)
at utils.Reporter.reportStep(Reporter.java:43)
at wrappers.GenericWrappers.takeSnap(GenericWrappers.java:579)
at utils.Reporter.reportStep(Reporter.java:20)
at utils.Reporter.reportStep(Reporter.java:43)
at wrappers.GenericWrappers.takeSnap(GenericWrappers.java:579)
at utils.Reporter.reportStep(Reporter.java:20)
at utils.Reporter.reportStep(Reporter.java:43)
at wrappers.GenericWrappers.takeSnap(GenericWrappers.java:579)
at utils.Reporter.reportStep(Reporter.java:20)
at utils.Reporter.reportStep(Reporter.java:43)
at wrappers.GenericWrappers.takeSnap(GenericWrappers.java:579)
at utils.Reporter.reportStep(Reporter.java:20)
at utils.Reporter.reportStep(Reporter.java:43)
at wrappers.GenericWrappers.takeSnap(GenericWrappers.java:579)
at utils.Reporter.reportStep(Reporter.java:20)
at utils.Reporter.reportStep(Reporter.java:43)
at wrappers.GenericWrappers.takeSnap(GenericWrappers.java:579)
at utils.Reporter.reportStep(Reporter.java:20)
at utils.Reporter.reportStep(Reporter.java:43)
at wrappers.GenericWrappers.takeSnap(GenericWrappers.java:579)
at utils.Reporter.reportStep(Reporter.java:20)
at utils.Reporter.reportStep(Reporter.java:43)
at wrappers.GenericWrappers.takeSnap(GenericWrappers.java:579)
at utils.Reporter.reportStep(Reporter.java:20)
at utils.Reporter.reportStep(Reporter.java:43)
at wrappers.GenericWrappers.takeSnap(GenericWrappers.java:579)
at utils.Reporter.reportStep(Reporter.java:20)
at utils.Reporter.reportStep(Reporter.java:43)
at wrappers.GenericWrappers.takeSnap(GenericWrappers.java:579)
at utils.Reporter.reportStep(Reporter.java:20)
at utils.Reporter.reportStep(Reporter.java:43)
at wrappers.GenericWrappers.takeSnap(GenericWrappers.java:579)
at utils.Reporter.reportStep(Reporter.java:20)
at utils.Reporter.reportStep(Reporter.java:43)
at wrappers.GenericWrappers.takeSnap(GenericWrappers.java:579)
at utils.Reporter.reportStep(Reporter.java:20)
at utils.Reporter.reportStep(Reporter.java:43)
at wrappers.GenericWrappers.takeSnap(GenericWrappers.java:579)
at utils.Reporter.reportStep(Reporter.java:20)
at utils.Reporter.reportStep(Reporter.java:43)
at wrappers.GenericWrappers.takeSnap(GenericWrappers.java:579)
at utils.Reporter.reportStep(Reporter.java:20)
at utils.Reporter.reportStep(Reporter.java:43)
at wrappers.GenericWrappers.takeSnap(GenericWrappers.java:579)
at utils.Reporter.reportStep(Reporter.java:20)
at utils.Reporter.reportStep(Reporter.java:43)
at wrappers.GenericWrappers.takeSnap(GenericWrappers.java:579)
at utils.Reporter.reportStep(Reporter.java:20)
at utils.Reporter.reportStep(Reporter.java:43)
at wrappers.GenericWrappers.takeSnap(GenericWrappers.java:579)
at utils.Reporter.reportStep(Reporter.java:20)
at utils.Reporter.reportStep(Reporter.java:43)
at wrappers.GenericWrappers.takeSnap(GenericWrappers.java:579)
at utils.Reporter.reportStep(Reporter.java:20)
at utils.Reporter.reportStep(Reporter.java:43)
at wrappers.GenericWrappers.takeSnap(GenericWrappers.java:579)
at utils.Reporter.reportStep(Reporter.java:20)
at utils.Reporter.reportStep(Reporter.java:43)
at wrappers.GenericWrappers.takeSnap(GenericWrappers.java:579)
at utils.Reporter.reportStep(Reporter.java:20)
at utils.Reporter.reportStep(Reporter.java:43)
at wrappers.GenericWrappers.takeSnap(GenericWrappers.java:579)
at utils.Reporter.reportStep(Reporter.java:20)
at utils.Reporter.reportStep(Reporter.java:43)
at wrappers.GenericWrappers.takeSnap(GenericWrappers.java:579)
at utils.Reporter.reportStep(Reporter.java:20)
at utils.Reporter.reportStep(Reporter.java:43)
at wrappers.GenericWrappers.takeSnap(GenericWrappers.java:579)
at utils.Reporter.reportStep(Reporter.java:20)
at utils.Reporter.reportStep(Reporter.java:43)
at wrappers.GenericWrappers.takeSnap(GenericWrappers.java:579)
at utils.Reporter.reportStep(Reporter.java:20)
at utils.Reporter.reportStep(Reporter.java:43)
at wrappers.GenericWrappers.takeSnap(GenericWrappers.java:579)
at utils.Reporter.reportStep(Reporter.java:20)
at utils.Reporter.reportStep(Reporter.java:43)
at wrappers.GenericWrappers.takeSnap(GenericWrappers.java:579)
at utils.Reporter.reportStep(Reporter.java:20)
at utils.Reporter.reportStep(Reporter.java:43)
at wrappers.GenericWrappers.takeSnap(GenericWrappers.java:579)
at utils.Reporter.reportStep(Reporter.java:20)
at utils.Reporter.reportStep(Reporter.java:43)
at wrappers.GenericWrappers.takeSnap(GenericWrappers.java:579)
at utils.Reporter.reportStep(Reporter.java:20)
at utils.Reporter.reportStep(Reporter.java:43)
at wrappers.GenericWrappers.takeSnap(GenericWrappers.java:579)
at utils.Reporter.reportStep(Reporter.java:20)
at utils.Reporter.reportStep(Reporter.java:43)
at wrappers.GenericWrappers.takeSnap(GenericWrappers.java:579)
at utils.Reporter.reportStep(Reporter.java:20)
at utils.Reporter.reportStep(Reporter.java:43)
at wrappers.GenericWrappers.takeSnap(GenericWrappers.java:579)
at utils.Reporter.reportStep(Reporter.java:20)
at utils.Reporter.reportStep(Reporter.java:43)
at wrappers.GenericWrappers.takeSnap(GenericWrappers.java:579)
at utils.Reporter.reportStep(Reporter.java:20)
at utils.Reporter.reportStep(Reporter.java:43)
at wrappers.GenericWrappers.takeSnap(GenericWrappers.java:579)
at utils.Reporter.reportStep(Reporter.java:20)
at utils.Reporter.reportStep(Reporter.java:43)
at wrappers.GenericWrappers.takeSnap(GenericWrappers.java:579)
at utils.Reporter.reportStep(Reporter.java:20)
at utils.Reporter.reportStep(Reporter.java:43)
at wrappers.GenericWrappers.takeSnap(GenericWrappers.java:579)
at utils.Reporter.reportStep(Reporter.java:20)
at utils.Reporter.reportStep(Reporter.java:43)
at wrappers.GenericWrappers.takeSnap(GenericWrappers.java:579)
at utils.Reporter.reportStep(Reporter.java:20)
at utils.Reporter.reportStep(Reporter.java:43)
at wrappers.GenericWrappers.takeSnap(GenericWrappers.java:579)
at utils.Reporter.reportStep(Reporter.java:20)
at utils.Reporter.reportStep(Reporter.java:43)
at wrappers.GenericWrappers.takeSnap(GenericWrappers.java:579)
at utils.Reporter.reportStep(Reporter.java:20)
at utils.Reporter.reportStep(Reporter.java:43)
at wrappers.GenericWrappers.takeSnap(GenericWrappers.java:579)
at utils.Reporter.reportStep(Reporter.java:20)
at utils.Reporter.reportStep(Reporter.java:43)
at wrappers.GenericWrappers.takeSnap(GenericWrappers.java:579)
at utils.Reporter.reportStep(Reporter.java:20)
at utils.Reporter.reportStep(Reporter.java:43)
at wrappers.GenericWrappers.takeSnap(GenericWrappers.java:579)
at utils.Reporter.reportStep(Reporter.java:20)
at utils.Reporter.reportStep(Reporter.java:43)
at wrappers.GenericWrappers.takeSnap(GenericWrappers.java:579)
at utils.Reporter.reportStep(Reporter.java:20)
at utils.Reporter.reportStep(Reporter.java:43)
at wrappers.GenericWrappers.takeSnap(GenericWrappers.java:579)
at utils.Reporter.reportStep(Reporter.java:20)
at utils.Reporter.reportStep(Reporter.java:43)
at wrappers.GenericWrappers.takeSnap(GenericWrappers.java:579)
at utils.Reporter.reportStep(Reporter.java:20)
at utils.Reporter.reportStep(Reporter.java:43)
at wrappers.GenericWrappers.takeSnap(GenericWrappers.java:579)
at utils.Reporter.reportStep(Reporter.java:20)
at utils.Reporter.reportStep(Reporter.java:43)
at wrappers.GenericWrappers.takeSnap(GenericWrappers.java:579)
at utils.Reporter.reportStep(Reporter.java:20)
at utils.Reporter.reportStep(Reporter.java:43)
at wrappers.GenericWrappers.takeSnap(GenericWrappers.java:579)
at utils.Reporter.reportStep(Reporter.java:20)
at utils.Reporter.reportStep(Reporter.java:43)
at wrappers.GenericWrappers.takeSnap(GenericWrappers.java:579)
at utils.Reporter.reportStep(Reporter.java:20)
at utils.Reporter.reportStep(Reporter.java:43)
at wrappers.GenericWrappers.takeSnap(GenericWrappers.java:579)
at utils.Reporter.reportStep(Reporter.java:20)
at utils.Reporter.reportStep(Reporter.java:43)
at wrappers.GenericWrappers.takeSnap(GenericWrappers.java:579)
at utils.Reporter.reportStep(Reporter.java:20)
at utils.Reporter.reportStep(Reporter.java:43)
at wrappers.GenericWrappers.takeSnap(GenericWrappers.java:579)
at utils.Reporter.reportStep(Reporter.java:20)
at utils.Reporter.reportStep(Reporter.java:43)
at wrappers.GenericWrappers.takeSnap(GenericWrappers.java:579)
at utils.Reporter.reportStep(Reporter.java:20)
at utils.Reporter.reportStep(Reporter.java:43)
at wrappers.GenericWrappers.takeSnap(GenericWrappers.java:579)
at utils.Reporter.reportStep(Reporter.java:20)
at utils.Reporter.reportStep(Reporter.java:43)
at wrappers.GenericWrappers.takeSnap(GenericWrappers.java:579)
at utils.Reporter.reportStep(Reporter.java:20)
at utils.Reporter.reportStep(Reporter.java:43)
at wrappers.GenericWrappers.takeSnap(GenericWrappers.java:579)
at utils.Reporter.reportStep(Reporter.java:20)
at utils.Reporter.reportStep(Reporter.java:43)
at wrappers.GenericWrappers.takeSnap(GenericWrappers.java:579)
at utils.Reporter.reportStep(Reporter.java:20)
at utils.Reporter.reportStep(Reporter.java:43)
at wrappers.GenericWrappers.takeSnap(GenericWrappers.java:579)
at utils.Reporter.reportStep(Reporter.java:20)
at utils.Reporter.reportStep(Reporter.java:43)
at wrappers.GenericWrappers.takeSnap(GenericWrappers.java:579)
at utils.Reporter.reportStep(Reporter.java:20)
at utils.Reporter.reportStep(Reporter.java:43)
at wrappers.GenericWrappers.takeSnap(GenericWrappers.java:579)
at utils.Reporter.reportStep(Reporter.java:20)
at utils.Reporter.reportStep(Reporter.java:43)
at wrappers.GenericWrappers.takeSnap(GenericWrappers.java:579)
at utils.Reporter.reportStep(Reporter.java:20)
at utils.Reporter.reportStep(Reporter.java:43)
at wrappers.GenericWrappers.takeSnap(GenericWrappers.java:579)
at utils.Reporter.reportStep(Reporter.java:20)
at utils.Reporter.reportStep(Reporter.java:43)
at wrappers.GenericWrappers.takeSnap(GenericWrappers.java:579)
at utils.Reporter.reportStep(Reporter.java:20)
at utils.Reporter.reportStep(Reporter.java:43)
at wrappers.GenericWrappers.takeSnap(GenericWrappers.java:579)
at utils.Reporter.reportStep(Reporter.java:20)
at utils.Reporter.reportStep(Reporter.java:43)
at wrappers.GenericWrappers.takeSnap(GenericWrappers.java:579)
at utils.Reporter.reportStep(Reporter.java:20)
at utils.Reporter.reportStep(Reporter.java:43)
at wrappers.GenericWrappers.takeSnap(GenericWrappers.java:579)
at utils.Reporter.reportStep(Reporter.java:20)
at utils.Reporter.reportStep(Reporter.java:43)
at wrappers.GenericWrappers.takeSnap(GenericWrappers.java:579)
at utils.Reporter.reportStep(Reporter.java:20)
at utils.Reporter.reportStep(Reporter.java:43)
at wrappers.GenericWrappers.takeSnap(GenericWrappers.java:579)
at utils.Reporter.reportStep(Reporter.java:20)
at utils.Reporter.reportStep(Reporter.java:43)
at wrappers.GenericWrappers.takeSnap(GenericWrappers.java:579)
at utils.Reporter.reportStep(Reporter.java:20)
at utils.Reporter.reportStep(Reporter.java:43)
at wrappers.GenericWrappers.takeSnap(GenericWrappers.java:579)
at utils.Reporter.reportStep(Reporter.java:20)
at utils.Reporter.reportStep(Reporter.java:43)
at wrappers.GenericWrappers.takeSnap(GenericWrappers.java:579)
at utils.Reporter.reportStep(Reporter.java:20)
at utils.Reporter.reportStep(Reporter.java:43)
at wrappers.GenericWrappers.takeSnap(GenericWrappers.java:579)
at utils.Reporter.reportStep(Reporter.java:20)
at utils.Reporter.reportStep(Reporter.java:43)
at wrappers.GenericWrappers.takeSnap(GenericWrappers.java:579)
at utils.Reporter.reportStep(Reporter.java:20)
at utils.Reporter.reportStep(Reporter.java:43)
at wrappers.GenericWrappers.takeSnap(GenericWrappers.java:579)
at utils.Reporter.reportStep(Reporter.java:20)
at utils.Reporter.reportStep(Reporter.java:43)
at wrappers.GenericWrappers.takeSnap(GenericWrappers.java:579)
at utils.Reporter.reportStep(Reporter.java:20)
at utils.Reporter.reportStep(Reporter.java:43)
at wrappers.GenericWrappers.takeSnap(GenericWrappers.java:579)
at utils.Reporter.reportStep(Reporter.java:20)
at utils.Reporter.reportStep(Reporter.java:43)
at wrappers.GenericWrappers.takeSnap(GenericWrappers.java:579)
at utils.Reporter.reportStep(Reporter.java:20)
at utils.Reporter.reportStep(Reporter.java:43)
at wrappers.GenericWrappers.takeSnap(GenericWrappers.java:579)
at utils.Reporter.reportStep(Reporter.java:20)
at utils.Reporter.reportStep(Reporter.java:43)
at wrappers.GenericWrappers.takeSnap(GenericWrappers.java:579)
at utils.Reporter.reportStep(Reporter.java:20)
at utils.Reporter.reportStep(Reporter.java:43)
at wrappers.GenericWrappers.takeSnap(GenericWrappers.java:579)
at utils.Reporter.reportStep(Reporter.java:20)
at utils.Reporter.reportStep(Reporter.java:43)
at wrappers.GenericWrappers.takeSnap(GenericWrappers.java:579)
at utils.Reporter.reportStep(Reporter.java:20)
at utils.Reporter.reportStep(Reporter.java:43)
at wrappers.GenericWrappers.takeSnap(GenericWrappers.java:579)
at utils.Reporter.reportStep(Reporter.java:20)
at utils.Reporter.reportStep(Reporter.java:43)
at wrappers.GenericWrappers.takeSnap(GenericWrappers.java:579)
at utils.Reporter.reportStep(Reporter.java:20)
at utils.Reporter.reportStep(Reporter.java:43)
at wrappers.GenericWrappers.takeSnap(GenericWrappers.java:579)
at utils.Reporter.reportStep(Reporter.java:20)
at utils.Reporter.reportStep(Reporter.java:43)
at wrappers.GenericWrappers.takeSnap(GenericWrappers.java:579)
at utils.Reporter.reportStep(Reporter.java:20)
at utils.Reporter.reportStep(Reporter.java:43)
at wrappers.GenericWrappers.takeSnap(GenericWrappers.java:579)
at utils.Reporter.reportStep(Reporter.java:20)
at utils.Reporter.reportStep(Reporter.java:43)
at wrappers.GenericWrappers.takeSnap(GenericWrappers.java:579)
at utils.Reporter.reportStep(Reporter.java:20)
at utils.Reporter.reportStep(Reporter.java:43)
at wrappers.GenericWrappers.takeSnap(GenericWrappers.java:579)
at utils.Reporter.reportStep(Reporter.java:20)
at utils.Reporter.reportStep(Reporter.java:43)
at wrappers.GenericWrappers.takeSnap(GenericWrappers.java:579)
at utils.Reporter.reportStep(Reporter.java:20)
at utils.Reporter.reportStep(Reporter.java:43)
at wrappers.GenericWrappers.takeSnap(GenericWrappers.java:579)
at utils.Reporter.reportStep(Reporter.java:20)
at utils.Reporter.reportStep(Reporter.java:43)
at wrappers.GenericWrappers.takeSnap(GenericWrappers.java:579)
at utils.Reporter.reportStep(Reporter.java:20)
at utils.Reporter.reportStep(Reporter.java:43)
at wrappers.GenericWrappers.takeSnap(GenericWrappers.java:579)
at utils.Reporter.reportStep(Reporter.java:20)
at utils.Reporter.reportStep(Reporter.java:43)
at wrappers.GenericWrappers.takeSnap(GenericWrappers.java:579)
at utils.Reporter.reportStep(Reporter.java:20)
at utils.Reporter.reportStep(Reporter.java:43)
at wrappers.GenericWrappers.takeSnap(GenericWrappers.java:579)
at utils.Reporter.reportStep(Reporter.java:20)
at utils.Reporter.reportStep(Reporter.java:43)
at wrappers.GenericWrappers.takeSnap(GenericWrappers.java:579)
at utils.Reporter.reportStep(Reporter.java:20)
at utils.Reporter.reportStep(Reporter.java:43)
at wrappers.GenericWrappers.takeSnap(GenericWrappers.java:579)
at utils.Reporter.reportStep(Reporter.java:20)
at utils.Reporter.reportStep(Reporter.java:43)
at wrappers.GenericWrappers.takeSnap(GenericWrappers.java:579)
at utils.Reporter.reportStep(Reporter.java:20)
at utils.Reporter.reportStep(Reporter.java:43)
at wrappers.GenericWrappers.takeSnap(GenericWrappers.java:579)
at utils.Reporter.reportStep(Reporter.java:20)
at utils.Reporter.reportStep(Reporter.java:43)
at wrappers.GenericWrappers.takeSnap(GenericWrappers.java:579)
at utils.Reporter.reportStep(Reporter.java:20)
at utils.Reporter.reportStep(Reporter.java:43)
at wrappers.GenericWrappers.takeSnap(GenericWrappers.java:579)
at utils.Reporter.reportStep(Reporter.java:20)
at utils.Reporter.reportStep(Reporter.java:43)
at wrappers.GenericWrappers.takeSnap(GenericWrappers.java:579)
at utils.Reporter.reportStep(Reporter.java:20)
at utils.Reporter.reportStep(Reporter.java:43)
at wrappers.GenericWrappers.takeSnap(GenericWrappers.java:579)
at utils.Reporter.reportStep(Reporter.java:20)
at utils.Reporter.reportStep(Reporter.java:43)
at wrappers.GenericWrappers.takeSnap(GenericWrappers.java:579)
at utils.Reporter.reportStep(Reporter.java:20)
at utils.Reporter.reportStep(Reporter.java:43)
at wrappers.GenericWrappers.takeSnap(GenericWrappers.java:579)
at utils.Reporter.reportStep(Reporter.java:20)
at utils.Reporter.reportStep(Reporter.java:43)
at wrappers.GenericWrappers.takeSnap(GenericWrappers.java:579)
at utils.Reporter.reportStep(Reporter.java:20)
at utils.Reporter.reportStep(Reporter.java:43)
at wrappers.GenericWrappers.takeSnap(GenericWrappers.java:579)
at utils.Reporter.reportStep(Reporter.java:20)
at utils.Reporter.reportStep(Reporter.java:43)
at wrappers.GenericWrappers.takeSnap(GenericWrappers.java:579)
at utils.Reporter.reportStep(Reporter.java:20)
at utils.Reporter.reportStep(Reporter.java:43)
at wrappers.GenericWrappers.takeSnap(GenericWrappers.java:579)
at utils.Reporter.reportStep(Reporter.java:20)
at utils.Reporter.reportStep(Reporter.java:43)
at wrappers.GenericWrappers.takeSnap(GenericWrappers.java:579)
at utils.Reporter.reportStep(Reporter.java:20)
at utils.Reporter.reportStep(Reporter.java:43)
at wrappers.GenericWrappers.takeSnap(GenericWrappers.java:579)
at utils.Reporter.reportStep(Reporter.java:20)
at utils.Reporter.reportStep(Reporter.java:43)
at wrappers.GenericWrappers.takeSnap(GenericWrappers.java:579)
at utils.Reporter.reportStep(Reporter.java:20)
at utils.Reporter.reportStep(Reporter.java:43)
at wrappers.GenericWrappers.takeSnap(GenericWrappers.java:579)
at utils.Reporter.reportStep(Reporter.java:20)
at utils.Reporter.reportStep(Reporter.java:43)
at wrappers.GenericWrappers.takeSnap(GenericWrappers.java:579)
at utils.Reporter.reportStep(Reporter.java:20)
at utils.Reporter.reportStep(Reporter.java:43)
at wrappers.GenericWrappers.takeSnap(GenericWrappers.java:579)
at utils.Reporter.reportStep(Reporter.java:20)
at utils.Reporter.reportStep(Reporter.java:43)
at wrappers.GenericWrappers.takeSnap(GenericWrappers.java:579)
at utils.Reporter.reportStep(Reporter.java:20)
at utils.Reporter.reportStep(Reporter.java:43)
at wrappers.GenericWrappers.takeSnap(GenericWrappers.java:579)
at utils.Reporter.reportStep(Reporter.java:20)
at utils.Reporter.reportStep(Reporter.java:43)
at wrappers.GenericWrappers.takeSnap(GenericWrappers.java:579)
at utils.Reporter.reportStep(Reporter.java:20)
at utils.Reporter.reportStep(Reporter.java:43)
at wrappers.GenericWrappers.takeSnap(GenericWrappers.java:579)
at utils.Reporter.reportStep(Reporter.java:20)
at utils.Reporter.reportStep(Reporter.java:43)
at wrappers.GenericWrappers.takeSnap(GenericWrappers.java:579)
at utils.Reporter.reportStep(Reporter.java:20)
at utils.Reporter.reportStep(Reporter.java:43)
at wrappers.GenericWrappers.takeSnap(GenericWrappers.java:579)
at utils.Reporter.reportStep(Reporter.java:20)
at utils.Reporter.reportStep(Reporter.java:43)
at wrappers.GenericWrappers.takeSnap(GenericWrappers.java:579)
at utils.Reporter.reportStep(Reporter.java:20)
at utils.Reporter.reportStep(Reporter.java:43)
at wrappers.GenericWrappers.takeSnap(GenericWrappers.java:579)
at utils.Reporter.reportStep(Reporter.java:20)
at utils.Reporter.reportStep(Reporter.java:43)
at wrappers.GenericWrappers.takeSnap(GenericWrappers.java:579)
at utils.Reporter.reportStep(Reporter.java:20)
at utils.Reporter.reportStep(Reporter.java:43)
at wrappers.GenericWrappers.takeSnap(GenericWrappers.java:579)
at utils.Reporter.reportStep(Reporter.java:20)
at utils.Reporter.reportStep(Reporter.java:43)
at wrappers.GenericWrappers.takeSnap(GenericWrappers.java:579)
at utils.Reporter.reportStep(Reporter.java:20)
at utils.Reporter.reportStep(Reporter.java:43)
at wrappers.GenericWrappers.takeSnap(GenericWrappers.java:579)
at utils.Reporter.reportStep(Reporter.java:20)
at utils.Reporter.reportStep(Reporter.java:43)
at wrappers.GenericWrappers.takeSnap(GenericWrappers.java:579)
at utils.Reporter.reportStep(Reporter.java:20)
at utils.Reporter.reportStep(Reporter.java:43)
at wrappers.GenericWrappers.takeSnap(GenericWrappers.java:579)
at utils.Reporter.reportStep(Reporter.java:20)
at utils.Reporter.reportStep(Reporter.java:43)
at wrappers.GenericWrappers.takeSnap(GenericWrappers.java:579)
at utils.Reporter.reportStep(Reporter.java:20)
at utils.Reporter.reportStep(Reporter.java:43)
at wrappers.GenericWrappers.takeSnap(GenericWrappers.java:579)
at utils.Reporter.reportStep(Reporter.java:20)
at utils.Reporter.reportStep(Reporter.java:43)
at wrappers.GenericWrappers.takeSnap(GenericWrappers.java:579)
at utils.Reporter.reportStep(Reporter.java:20)
at utils.Reporter.reportStep(Reporter.java:43)
at wrappers.GenericWrappers.takeSnap(GenericWrappers.java:579)
at utils.Reporter.reportStep(Reporter.java:20)
at utils.Reporter.reportStep(Reporter.java:43)
at wrappers.GenericWrappers.takeSnap(GenericWrappers.java:579)
at utils.Reporter.reportStep(Reporter.java:20)
at utils.Reporter.reportStep(Reporter.java:43)
at wrappers.GenericWrappers.takeSnap(GenericWrappers.java:579)
at utils.Reporter.reportStep(Reporter.java:20)
at utils.Reporter.reportStep(Reporter.java:43)
at wrappers.GenericWrappers.takeSnap(GenericWrappers.java:579)
at utils.Reporter.reportStep(Reporter.java:20)
at utils.Reporter.reportStep(Reporter.java:43)
at wrappers.GenericWrappers.takeSnap(GenericWrappers.java:579)
at utils.Reporter.reportStep(Reporter.java:20)
at utils.Reporter.reportStep(Reporter.java:43)
at wrappers.GenericWrappers.takeSnap(GenericWrappers.java:579)
at utils.Reporter.reportStep(Reporter.java:20)
at utils.Reporter.reportStep(Reporter.java:43)
at wrappers.GenericWrappers.takeSnap(GenericWrappers.java:579)
at utils.Reporter.reportStep(Reporter.java:20)
at utils.Reporter.reportStep(Reporter.java:43)
at wrappers.GenericWrappers.takeSnap(GenericWrappers.java:579)
at utils.Reporter.reportStep(Reporter.java:20)
at utils.Reporter.reportStep(Reporter.java:43)
at wrappers.GenericWrappers.takeSnap(GenericWrappers.java:579)
at utils.Reporter.reportStep(Reporter.java:20)
at utils.Reporter.reportStep(Reporter.java:43)
at wrappers.GenericWrappers.takeSnap(GenericWrappers.java:579)
at utils.Reporter.reportStep(Reporter.java:20)
at utils.Reporter.reportStep(Reporter.java:43)
at wrappers.GenericWrappers.takeSnap(GenericWrappers.java:579)
at utils.Reporter.reportStep(Reporter.java:20)
at utils.Reporter.reportStep(Reporter.java:43)
at wrappers.GenericWrappers.takeSnap(GenericWrappers.java:579)
at utils.Reporter.reportStep(Reporter.java:20)
at utils.Reporter.reportStep(Reporter.java:43)
at wrappers.GenericWrappers.takeSnap(GenericWrappers.java:579)
at utils.Reporter.reportStep(Reporter.java:20)
at utils.Reporter.reportStep(Reporter.java:43)
at wrappers.GenericWrappers.takeSnap(GenericWrappers.java:579)
at utils.Reporter.reportStep(Reporter.java:20)
at utils.Reporter.reportStep(Reporter.java:43)
at wrappers.GenericWrappers.takeSnap(GenericWrappers.java:579)
at utils.Reporter.reportStep(Reporter.java:20)
at utils.Reporter.reportStep(Reporter.java:43)
at wrappers.GenericWrappers.takeSnap(GenericWrappers.java:579)
at utils.Reporter.reportStep(Reporter.java:20)
at utils.Reporter.reportStep(Reporter.java:43)
at wrappers.GenericWrappers.takeSnap(GenericWrappers.java:579)
at utils.Reporter.reportStep(Reporter.java:20)
at utils.Reporter.reportStep(Reporter.java:43)
at wrappers.GenericWrappers.takeSnap(GenericWrappers.java:579)
at utils.Reporter.reportStep(Reporter.java:20)
at utils.Reporter.reportStep(Reporter.java:43)
at wrappers.GenericWrappers.takeSnap(GenericWrappers.java:579)
at utils.Reporter.reportStep(Reporter.java:20)
at utils.Reporter.reportStep(Reporter.java:43)
at wrappers.GenericWrappers.takeSnap(GenericWrappers.java:579)
at utils.Reporter.reportStep(Reporter.java:20)
at utils.Reporter.reportStep(Reporter.java:43)
at wrappers.GenericWrappers.takeSnap(GenericWrappers.java:579)
at utils.Reporter.reportStep(Reporter.java:20)
at utils.Reporter.reportStep(Reporter.java:43)
at wrappers.GenericWrappers.takeSnap(GenericWrappers.java:579)
at utils.Reporter.reportStep(Reporter.java:20)
at utils.Reporter.reportStep(Reporter.java:43)
at wrappers.GenericWrappers.takeSnap(GenericWrappers.java:579)
at utils.Reporter.reportStep(Reporter.java:20)
at utils.Reporter.reportStep(Reporter.java:43)
at wrappers.GenericWrappers.takeSnap(GenericWrappers.java:579)
at utils.Reporter.reportStep(Reporter.java:20)
at utils.Reporter.reportStep(Reporter.java:43)
at wrappers.GenericWrappers.takeSnap(GenericWrappers.java:579)
at utils.Reporter.reportStep(Reporter.java:20)
at utils.Reporter.reportStep(Reporter.java:43)
at wrappers.GenericWrappers.takeSnap(GenericWrappers.java:579)
at utils.Reporter.reportStep(Reporter.java:20)
at utils.Reporter.reportStep(Reporter.java:43)
at wrappers.GenericWrappers.takeSnap(GenericWrappers.java:579)
at utils.Reporter.reportStep(Reporter.java:20)
at utils.Reporter.reportStep(Reporter.java:43)
at wrappers.GenericWrappers.takeSnap(GenericWrappers.java:579)
at utils.Reporter.reportStep(Reporter.java:20)
at utils.Reporter.reportStep(Reporter.java:43)
at wrappers.GenericWrappers.takeSnap(GenericWrappers.java:579)
at utils.Reporter.reportStep(Reporter.java:20)
at utils.Reporter.reportStep(Reporter.java:43)
at wrappers.GenericWrappers.takeSnap(GenericWrappers.java:579)
at utils.Reporter.reportStep(Reporter.java:20)
at utils.Reporter.reportStep(Reporter.java:43)
at wrappers.GenericWrappers.takeSnap(GenericWrappers.java:579)
at utils.Reporter.reportStep(Reporter.java:20)
at utils.Reporter.reportStep(Reporter.java:43)
at wrappers.GenericWrappers.takeSnap(GenericWrappers.java:579)
at utils.Reporter.reportStep(Reporter.java:20)
at utils.Reporter.reportStep(Reporter.java:43)
at wrappers.GenericWrappers.takeSnap(GenericWrappers.java:579)
at utils.Reporter.reportStep(Reporter.java:20)
at utils.Reporter.reportStep(Reporter.java:43)
at wrappers.GenericWrappers.takeSnap(GenericWrappers.java:579)
at utils.Reporter.reportStep(Reporter.java:20)
at utils.Reporter.reportStep(Reporter.java:43)
at wrappers.GenericWrappers.takeSnap(GenericWrappers.java:579)
at utils.Reporter.reportStep(Reporter.java:20)
at utils.Reporter.reportStep(Reporter.java:43)
at wrappers.GenericWrappers.takeSnap(GenericWrappers.java:579)
at utils.Reporter.reportStep(Reporter.java:20)
at utils.Reporter.reportStep(Reporter.java:43)
at wrappers.GenericWrappers.takeSnap(GenericWrappers.java:579)
at utils.Reporter.reportStep(Reporter.java:20)
at utils.Reporter.reportStep(Reporter.java:43)
at wrappers.GenericWrappers.takeSnap(GenericWrappers.java:579)
at utils.Reporter.reportStep(Reporter.java:20)
at utils.Reporter.reportStep(Reporter.java:43)
at wrappers.GenericWrappers.takeSnap(GenericWrappers.java:579)
at utils.Reporter.reportStep(Reporter.java:20)
at utils.Reporter.reportStep(Reporter.java:43)
at wrappers.GenericWrappers.takeSnap(GenericWrappers.java:579)
at utils.Reporter.reportStep(Reporter.java:20)
at utils.Reporter.reportStep(Reporter.java:43)
at wrappers.GenericWrappers.takeSnap(GenericWrappers.java:579)
at utils.Reporter.reportStep(Reporter.java:20)
at utils.Reporter.reportStep(Reporter.java:43)
at wrappers.GenericWrappers.takeSnap(GenericWrappers.java:579)
at utils.Reporter.reportStep(Reporter.java:20)
at utils.Reporter.reportStep(Reporter.java:43)
at wrappers.GenericWrappers.takeSnap(GenericWrappers.java:579)
at utils.Reporter.reportStep(Reporter.java:20)
at utils.Reporter.reportStep(Reporter.java:43)
at wrappers.GenericWrappers.takeSnap(GenericWrappers.java:579)
at utils.Reporter.reportStep(Reporter.java:20)
at utils.Reporter.reportStep(Reporter.java:43)
at wrappers.GenericWrappers.takeSnap(GenericWrappers.java:579)
at utils.Reporter.reportStep(Reporter.java:20)
at utils.Reporter.reportStep(Reporter.java:43)
at wrappers.GenericWrappers.takeSnap(GenericWrappers.java:579)
at utils.Reporter.reportStep(Reporter.java:20)
at utils.Reporter.reportStep(Reporter.java:43)
at wrappers.GenericWrappers.takeSnap(GenericWrappers.java:579)
at utils.Reporter.reportStep(Reporter.java:20)
at utils.Reporter.reportStep(Reporter.java:43)
at wrappers.GenericWrappers.takeSnap(GenericWrappers.java:579)
at utils.Reporter.reportStep(Reporter.java:20)
at utils.Reporter.reportStep(Reporter.java:43)
at wrappers.GenericWrappers.takeSnap(GenericWrappers.java:579)
at utils.Reporter.reportStep(Reporter.java:20)
at utils.Reporter.reportStep(Reporter.java:43)
at wrappers.GenericWrappers.takeSnap(GenericWrappers.java:579)
at utils.Reporter.reportStep(Reporter.java:20)
at utils.Reporter.reportStep(Reporter.java:43)
at wrappers.GenericWrappers.takeSnap(GenericWrappers.java:579)
at utils.Reporter.reportStep(Reporter.java:20)
at utils.Reporter.reportStep(Reporter.java:43)
at wrappers.GenericWrappers.takeSnap(GenericWrappers.java:579)
at utils.Reporter.reportStep(Reporter.java:20)
at utils.Reporter.reportStep(Reporter.java:43)
at wrappers.GenericWrappers.takeSnap(GenericWrappers.java:579)
at utils.Reporter.reportStep(Reporter.java:20)
at utils.Reporter.reportStep(Reporter.java:43)
at wrappers.GenericWrappers.takeSnap(GenericWrappers.java:579)
at utils.Reporter.reportStep(Reporter.java:20)
at utils.Reporter.reportStep(Reporter.java:43)
at wrappers.GenericWrappers.takeSnap(GenericWrappers.java:579)
at utils.Reporter.reportStep(Reporter.java:20)
at utils.Reporter.reportStep(Reporter.java:43)
at wrappers.GenericWrappers.takeSnap(GenericWrappers.java:579)
at utils.Reporter.reportStep(Reporter.java:20)
at utils.Reporter.reportStep(Reporter.java:43)
at wrappers.GenericWrappers.takeSnap(GenericWrappers.java:579)
at utils.Reporter.reportStep(Reporter.java:20)
at utils.Reporter.reportStep(Reporter.java:43)
at wrappers.GenericWrappers.takeSnap(GenericWrappers.java:579)
at utils.Reporter.reportStep(Reporter.java:20)
at utils.Reporter.reportStep(Reporter.java:43)
at wrappers.GenericWrappers.takeSnap(GenericWrappers.java:579)
at utils.Reporter.reportStep(Reporter.java:20)
at utils.Reporter.reportStep(Reporter.java:43)
at wrappers.GenericWrappers.takeSnap(GenericWrappers.java:579)
at utils.Reporter.reportStep(Reporter.java:20)
at utils.Reporter.reportStep(Reporter.java:43)
at wrappers.GenericWrappers.takeSnap(GenericWrappers.java:579)
at utils.Reporter.reportStep(Reporter.java:20)
at utils.Reporter.reportStep(Reporter.java:43)
at wrappers.GenericWrappers.takeSnap(GenericWrappers.java:579)
at utils.Reporter.reportStep(Reporter.java:20)
at utils.Reporter.reportStep(Reporter.java:43)
at wrappers.GenericWrappers.takeSnap(GenericWrappers.java:579)
at utils.Reporter.reportStep(Reporter.java:20)
at utils.Reporter.reportStep(Reporter.java:43)
at wrappers.GenericWrappers.takeSnap(GenericWrappers.java:579)
at utils.Reporter.reportStep(Reporter.java:20)
at utils.Reporter.reportStep(Reporter.java:43)
at wrappers.GenericWrappers.takeSnap(GenericWrappers.java:579)
at utils.Reporter.reportStep(Reporter.java:20)
at utils.Reporter.reportStep(Reporter.java:43)
at wrappers.GenericWrappers.takeSnap(GenericWrappers.java:579)
at utils.Reporter.reportStep(Reporter.java:20)
at utils.Reporter.reportStep(Reporter.java:43)
at wrappers.GenericWrappers.takeSnap(GenericWrappers.java:579)
at utils.Reporter.reportStep(Reporter.java:20)
at utils.Reporter.reportStep(Reporter.java:43)
at wrappers.GenericWrappers.takeSnap(GenericWrappers.java:579)
at utils.Reporter.reportStep(Reporter.java:20)
at utils.Reporter.reportStep(Reporter.java:43)
at wrappers.GenericWrappers.takeSnap(GenericWrappers.java:579)
at utils.Reporter.reportStep(Reporter.java:20)
at utils.Reporter.reportStep(Reporter.java:43)
at wrappers.GenericWrappers.takeSnap(GenericWrappers.java:579)
at utils.Reporter.reportStep(Reporter.java:20)
at utils.Reporter.reportStep(Reporter.java:43)
at wrappers.GenericWrappers.takeSnap(GenericWrappers.java:579)
at utils.Reporter.reportStep(Reporter.java:20)
at utils.Reporter.reportStep(Reporter.java:43)
at wrappers.GenericWrappers.takeSnap(GenericWrappers.java:579)
at utils.Reporter.reportStep(Reporter.java:20)
at utils.Reporter.reportStep(Reporter.java:43)
at wrappers.GenericWrappers.takeSnap(GenericWrappers.java:579)
at utils.Reporter.reportStep(Reporter.java:20)
at utils.Reporter.reportStep(Reporter.java:43)
at wrappers.GenericWrappers.takeSnap(GenericWrappers.java:579)
at utils.Reporter.reportStep(Reporter.java:20)
at utils.Reporter.reportStep(Reporter.java:43)
at wrappers.GenericWrappers.takeSnap(GenericWrappers.java:579)
at utils.Reporter.reportStep(Reporter.java:20)
at utils.Reporter.reportStep(Reporter.java:43)
at wrappers.GenericWrappers.takeSnap(GenericWrappers.java:579)
at utils.Reporter.reportStep(Reporter.java:20)
at utils.Reporter.reportStep(Reporter.java:43)
at wrappers.GenericWrappers.takeSnap(GenericWrappers.java:579)
at utils.Reporter.reportStep(Reporter.java:20)
at utils.Reporter.reportStep(Reporter.java:43)
at wrappers.GenericWrappers.takeSnap(GenericWrappers.java:579)
at utils.Reporter.reportStep(Reporter.java:20)
at utils.Reporter.reportStep(Reporter.java:43)
at wrappers.GenericWrappers.takeSnap(GenericWrappers.java:579)
at utils.Reporter.reportStep(Reporter.java:20)
at utils.Reporter.reportStep(Reporter.java:43)
at wrappers.GenericWrappers.takeSnap(GenericWrappers.java:579)
at utils.Reporter.reportStep(Reporter.java:20)
at utils.Reporter.reportStep(Reporter.java:43)
at wrappers.GenericWrappers.takeSnap(GenericWrappers.java:579)
at utils.Reporter.reportStep(Reporter.java:20)
at utils.Reporter.reportStep(Reporter.java:43)
at wrappers.GenericWrappers.takeSnap(GenericWrappers.java:579)
at utils.Reporter.reportStep(Reporter.java:20)
at utils.Reporter.reportStep(Reporter.java:43)
at wrappers.GenericWrappers.takeSnap(GenericWrappers.java:579)
at utils.Reporter.reportStep(Reporter.java:20)
at utils.Reporter.reportStep(Reporter.java:43)
at wrappers.GenericWrappers.takeSnap(GenericWrappers.java:579)
at utils.Reporter.reportStep(Reporter.java:20)
at utils.Reporter.reportStep(Reporter.java:43)
at wrappers.GenericWrappers.takeSnap(GenericWrappers.java:579)
at utils.Reporter.reportStep(Reporter.java:20)
at utils.Reporter.reportStep(Reporter.java:43)
at wrappers.GenericWrappers.takeSnap(GenericWrappers.java:579)
at utils.Reporter.reportStep(Reporter.java:20)
at utils.Reporter.reportStep(Reporter.java:43)
at wrappers.GenericWrappers.takeSnap(GenericWrappers.java:579)
at utils.Reporter.reportStep(Reporter.java:20)
at utils.Reporter.reportStep(Reporter.java:43)
at wrappers.GenericWrappers.takeSnap(GenericWrappers.java:579)
at utils.Reporter.reportStep(Reporter.java:20)
at utils.Reporter.reportStep(Reporter.java:43)
]]>
    </failure>
  </testcase> <!-- loginLogOut -->
  <testcase name="loginLogOut" time="105.778" classname="testcases.TC001_Login">
    <failure type="java.lang.StackOverflowError">
      <![CDATA[java.lang.StackOverflowError
at java.security.AccessController.doPrivileged(Native Method)
at java.net.URLClassLoader.findClass(Unknown Source)
at java.lang.ClassLoader.loadClass(Unknown Source)
at java.lang.ClassLoader.loadClass(Unknown Source)
at sun.misc.Launcher$AppClassLoader.loadClass(Unknown Source)
at java.lang.ClassLoader.loadClass(Unknown Source)
at org.openqa.selenium.remote.service.DriverCommandExecutor.execute(DriverCommandExecutor.java:84)
at org.openqa.selenium.remote.RemoteWebDriver.execute(RemoteWebDriver.java:637)
at org.openqa.selenium.remote.RemoteWebDriver.execute(RemoteWebDriver.java:694)
at org.openqa.selenium.remote.RemoteWebDriver.getScreenshotAs(RemoteWebDriver.java:382)
at wrappers.GenericWrappers.takeSnap(GenericWrappers.java:577)
at utils.Reporter.reportStep(Reporter.java:20)
at utils.Reporter.reportStep(Reporter.java:43)
at wrappers.GenericWrappers.takeSnap(GenericWrappers.java:579)
at utils.Reporter.reportStep(Reporter.java:20)
at utils.Reporter.reportStep(Reporter.java:43)
at wrappers.GenericWrappers.takeSnap(GenericWrappers.java:579)
at utils.Reporter.reportStep(Reporter.java:20)
at utils.Reporter.reportStep(Reporter.java:43)
at wrappers.GenericWrappers.takeSnap(GenericWrappers.java:579)
at utils.Reporter.reportStep(Reporter.java:20)
at utils.Reporter.reportStep(Reporter.java:43)
at wrappers.GenericWrappers.takeSnap(GenericWrappers.java:579)
at utils.Reporter.reportStep(Reporter.java:20)
at utils.Reporter.reportStep(Reporter.java:43)
at wrappers.GenericWrappers.takeSnap(GenericWrappers.java:579)
at utils.Reporter.reportStep(Reporter.java:20)
at utils.Reporter.reportStep(Reporter.java:43)
at wrappers.GenericWrappers.takeSnap(GenericWrappers.java:579)
at utils.Reporter.reportStep(Reporter.java:20)
at utils.Reporter.reportStep(Reporter.java:43)
at wrappers.GenericWrappers.takeSnap(GenericWrappers.java:579)
at utils.Reporter.reportStep(Reporter.java:20)
at utils.Reporter.reportStep(Reporter.java:43)
at wrappers.GenericWrappers.takeSnap(GenericWrappers.java:579)
at utils.Reporter.reportStep(Reporter.java:20)
at utils.Reporter.reportStep(Reporter.java:43)
at wrappers.GenericWrappers.takeSnap(GenericWrappers.java:579)
at utils.Reporter.reportStep(Reporter.java:20)
at utils.Reporter.reportStep(Reporter.java:43)
at wrappers.GenericWrappers.takeSnap(GenericWrappers.java:579)
at utils.Reporter.reportStep(Reporter.java:20)
at utils.Reporter.reportStep(Reporter.java:43)
at wrappers.GenericWrappers.takeSnap(GenericWrappers.java:579)
at utils.Reporter.reportStep(Reporter.java:20)
at utils.Reporter.reportStep(Reporter.java:43)
at wrappers.GenericWrappers.takeSnap(GenericWrappers.java:579)
at utils.Reporter.reportStep(Reporter.java:20)
at utils.Reporter.reportStep(Reporter.java:43)
at wrappers.GenericWrappers.takeSnap(GenericWrappers.java:579)
at utils.Reporter.reportStep(Reporter.java:20)
at utils.Reporter.reportStep(Reporter.java:43)
at wrappers.GenericWrappers.takeSnap(GenericWrappers.java:579)
at utils.Reporter.reportStep(Reporter.java:20)
at utils.Reporter.reportStep(Reporter.java:43)
at wrappers.GenericWrappers.takeSnap(GenericWrappers.java:579)
at utils.Reporter.reportStep(Reporter.java:20)
at utils.Reporter.reportStep(Reporter.java:43)
at wrappers.GenericWrappers.takeSnap(GenericWrappers.java:579)
at utils.Reporter.reportStep(Reporter.java:20)
at utils.Reporter.reportStep(Reporter.java:43)
at wrappers.GenericWrappers.takeSnap(GenericWrappers.java:579)
at utils.Reporter.reportStep(Reporter.java:20)
at utils.Reporter.reportStep(Reporter.java:43)
at wrappers.GenericWrappers.takeSnap(GenericWrappers.java:579)
at utils.Reporter.reportStep(Reporter.java:20)
at utils.Reporter.reportStep(Reporter.java:43)
at wrappers.GenericWrappers.takeSnap(GenericWrappers.java:579)
at utils.Reporter.reportStep(Reporter.java:20)
at utils.Reporter.reportStep(Reporter.java:43)
at wrappers.GenericWrappers.takeSnap(GenericWrappers.java:579)
at utils.Reporter.reportStep(Reporter.java:20)
at utils.Reporter.reportStep(Reporter.java:43)
at wrappers.GenericWrappers.takeSnap(GenericWrappers.java:579)
at utils.Reporter.reportStep(Reporter.java:20)
at utils.Reporter.reportStep(Reporter.java:43)
at wrappers.GenericWrappers.takeSnap(GenericWrappers.java:579)
at utils.Reporter.reportStep(Reporter.java:20)
at utils.Reporter.reportStep(Reporter.java:43)
at wrappers.GenericWrappers.takeSnap(GenericWrappers.java:579)
at utils.Reporter.reportStep(Reporter.java:20)
at utils.Reporter.reportStep(Reporter.java:43)
at wrappers.GenericWrappers.takeSnap(GenericWrappers.java:579)
at utils.Reporter.reportStep(Reporter.java:20)
at utils.Reporter.reportStep(Reporter.java:43)
at wrappers.GenericWrappers.takeSnap(GenericWrappers.java:579)
at utils.Reporter.reportStep(Reporter.java:20)
at utils.Reporter.reportStep(Reporter.java:43)
at wrappers.GenericWrappers.takeSnap(GenericWrappers.java:579)
at utils.Reporter.reportStep(Reporter.java:20)
at utils.Reporter.reportStep(Reporter.java:43)
at wrappers.GenericWrappers.takeSnap(GenericWrappers.java:579)
at utils.Reporter.reportStep(Reporter.java:20)
at utils.Reporter.reportStep(Reporter.java:43)
at wrappers.GenericWrappers.takeSnap(GenericWrappers.java:579)
at utils.Reporter.reportStep(Reporter.java:20)
at utils.Reporter.reportStep(Reporter.java:43)
at wrappers.GenericWrappers.takeSnap(GenericWrappers.java:579)
at utils.Reporter.reportStep(Reporter.java:20)
at utils.Reporter.reportStep(Reporter.java:43)
at wrappers.GenericWrappers.takeSnap(GenericWrappers.java:579)
at utils.Reporter.reportStep(Reporter.java:20)
at utils.Reporter.reportStep(Reporter.java:43)
at wrappers.GenericWrappers.takeSnap(GenericWrappers.java:579)
at utils.Reporter.reportStep(Reporter.java:20)
at utils.Reporter.reportStep(Reporter.java:43)
at wrappers.GenericWrappers.takeSnap(GenericWrappers.java:579)
at utils.Reporter.reportStep(Reporter.java:20)
at utils.Reporter.reportStep(Reporter.java:43)
at wrappers.GenericWrappers.takeSnap(GenericWrappers.java:579)
at utils.Reporter.reportStep(Reporter.java:20)
at utils.Reporter.reportStep(Reporter.java:43)
at wrappers.GenericWrappers.takeSnap(GenericWrappers.java:579)
at utils.Reporter.reportStep(Reporter.java:20)
at utils.Reporter.reportStep(Reporter.java:43)
at wrappers.GenericWrappers.takeSnap(GenericWrappers.java:579)
at utils.Reporter.reportStep(Reporter.java:20)
at utils.Reporter.reportStep(Reporter.java:43)
at wrappers.GenericWrappers.takeSnap(GenericWrappers.java:579)
at utils.Reporter.reportStep(Reporter.java:20)
at utils.Reporter.reportStep(Reporter.java:43)
at wrappers.GenericWrappers.takeSnap(GenericWrappers.java:579)
at utils.Reporter.reportStep(Reporter.java:20)
at utils.Reporter.reportStep(Reporter.java:43)
at wrappers.GenericWrappers.takeSnap(GenericWrappers.java:579)
at utils.Reporter.reportStep(Reporter.java:20)
at utils.Reporter.reportStep(Reporter.java:43)
at wrappers.GenericWrappers.takeSnap(GenericWrappers.java:579)
at utils.Reporter.reportStep(Reporter.java:20)
at utils.Reporter.reportStep(Reporter.java:43)
at wrappers.GenericWrappers.takeSnap(GenericWrappers.java:579)
at utils.Reporter.reportStep(Reporter.java:20)
at utils.Reporter.reportStep(Reporter.java:43)
at wrappers.GenericWrappers.takeSnap(GenericWrappers.java:579)
at utils.Reporter.reportStep(Reporter.java:20)
at utils.Reporter.reportStep(Reporter.java:43)
at wrappers.GenericWrappers.takeSnap(GenericWrappers.java:579)
at utils.Reporter.reportStep(Reporter.java:20)
at utils.Reporter.reportStep(Reporter.java:43)
at wrappers.GenericWrappers.takeSnap(GenericWrappers.java:579)
at utils.Reporter.reportStep(Reporter.java:20)
at utils.Reporter.reportStep(Reporter.java:43)
at wrappers.GenericWrappers.takeSnap(GenericWrappers.java:579)
at utils.Reporter.reportStep(Reporter.java:20)
at utils.Reporter.reportStep(Reporter.java:43)
at wrappers.GenericWrappers.takeSnap(GenericWrappers.java:579)
at utils.Reporter.reportStep(Reporter.java:20)
at utils.Reporter.reportStep(Reporter.java:43)
at wrappers.GenericWrappers.takeSnap(GenericWrappers.java:579)
at utils.Reporter.reportStep(Reporter.java:20)
at utils.Reporter.reportStep(Reporter.java:43)
at wrappers.GenericWrappers.takeSnap(GenericWrappers.java:579)
at utils.Reporter.reportStep(Reporter.java:20)
at utils.Reporter.reportStep(Reporter.java:43)
at wrappers.GenericWrappers.takeSnap(GenericWrappers.java:579)
at utils.Reporter.reportStep(Reporter.java:20)
at utils.Reporter.reportStep(Reporter.java:43)
at wrappers.GenericWrappers.takeSnap(GenericWrappers.java:579)
at utils.Reporter.reportStep(Reporter.java:20)
at utils.Reporter.reportStep(Reporter.java:43)
at wrappers.GenericWrappers.takeSnap(GenericWrappers.java:579)
at utils.Reporter.reportStep(Reporter.java:20)
at utils.Reporter.reportStep(Reporter.java:43)
at wrappers.GenericWrappers.takeSnap(GenericWrappers.java:579)
at utils.Reporter.reportStep(Reporter.java:20)
at utils.Reporter.reportStep(Reporter.java:43)
at wrappers.GenericWrappers.takeSnap(GenericWrappers.java:579)
at utils.Reporter.reportStep(Reporter.java:20)
at utils.Reporter.reportStep(Reporter.java:43)
at wrappers.GenericWrappers.takeSnap(GenericWrappers.java:579)
at utils.Reporter.reportStep(Reporter.java:20)
at utils.Reporter.reportStep(Reporter.java:43)
at wrappers.GenericWrappers.takeSnap(GenericWrappers.java:579)
at utils.Reporter.reportStep(Reporter.java:20)
at utils.Reporter.reportStep(Reporter.java:43)
at wrappers.GenericWrappers.takeSnap(GenericWrappers.java:579)
at utils.Reporter.reportStep(Reporter.java:20)
at utils.Reporter.reportStep(Reporter.java:43)
at wrappers.GenericWrappers.takeSnap(GenericWrappers.java:579)
at utils.Reporter.reportStep(Reporter.java:20)
at utils.Reporter.reportStep(Reporter.java:43)
at wrappers.GenericWrappers.takeSnap(GenericWrappers.java:579)
at utils.Reporter.reportStep(Reporter.java:20)
at utils.Reporter.reportStep(Reporter.java:43)
at wrappers.GenericWrappers.takeSnap(GenericWrappers.java:579)
at utils.Reporter.reportStep(Reporter.java:20)
at utils.Reporter.reportStep(Reporter.java:43)
at wrappers.GenericWrappers.takeSnap(GenericWrappers.java:579)
at utils.Reporter.reportStep(Reporter.java:20)
at utils.Reporter.reportStep(Reporter.java:43)
at wrappers.GenericWrappers.takeSnap(GenericWrappers.java:579)
at utils.Reporter.reportStep(Reporter.java:20)
at utils.Reporter.reportStep(Reporter.java:43)
at wrappers.GenericWrappers.takeSnap(GenericWrappers.java:579)
at utils.Reporter.reportStep(Reporter.java:20)
at utils.Reporter.reportStep(Reporter.java:43)
at wrappers.GenericWrappers.takeSnap(GenericWrappers.java:579)
at utils.Reporter.reportStep(Reporter.java:20)
at utils.Reporter.reportStep(Reporter.java:43)
at wrappers.GenericWrappers.takeSnap(GenericWrappers.java:579)
at utils.Reporter.reportStep(Reporter.java:20)
at utils.Reporter.reportStep(Reporter.java:43)
at wrappers.GenericWrappers.takeSnap(GenericWrappers.java:579)
at utils.Reporter.reportStep(Reporter.java:20)
at utils.Reporter.reportStep(Reporter.java:43)
at wrappers.GenericWrappers.takeSnap(GenericWrappers.java:579)
at utils.Reporter.reportStep(Reporter.java:20)
at utils.Reporter.reportStep(Reporter.java:43)
at wrappers.GenericWrappers.takeSnap(GenericWrappers.java:579)
at utils.Reporter.reportStep(Reporter.java:20)
at utils.Reporter.reportStep(Reporter.java:43)
at wrappers.GenericWrappers.takeSnap(GenericWrappers.java:579)
at utils.Reporter.reportStep(Reporter.java:20)
at utils.Reporter.reportStep(Reporter.java:43)
at wrappers.GenericWrappers.takeSnap(GenericWrappers.java:579)
at utils.Reporter.reportStep(Reporter.java:20)
at utils.Reporter.reportStep(Reporter.java:43)
at wrappers.GenericWrappers.takeSnap(GenericWrappers.java:579)
at utils.Reporter.reportStep(Reporter.java:20)
at utils.Reporter.reportStep(Reporter.java:43)
at wrappers.GenericWrappers.takeSnap(GenericWrappers.java:579)
at utils.Reporter.reportStep(Reporter.java:20)
at utils.Reporter.reportStep(Reporter.java:43)
at wrappers.GenericWrappers.takeSnap(GenericWrappers.java:579)
at utils.Reporter.reportStep(Reporter.java:20)
at utils.Reporter.reportStep(Reporter.java:43)
at wrappers.GenericWrappers.takeSnap(GenericWrappers.java:579)
at utils.Reporter.reportStep(Reporter.java:20)
at utils.Reporter.reportStep(Reporter.java:43)
at wrappers.GenericWrappers.takeSnap(GenericWrappers.java:579)
at utils.Reporter.reportStep(Reporter.java:20)
at utils.Reporter.reportStep(Reporter.java:43)
at wrappers.GenericWrappers.takeSnap(GenericWrappers.java:579)
at utils.Reporter.reportStep(Reporter.java:20)
at utils.Reporter.reportStep(Reporter.java:43)
at wrappers.GenericWrappers.takeSnap(GenericWrappers.java:579)
at utils.Reporter.reportStep(Reporter.java:20)
at utils.Reporter.reportStep(Reporter.java:43)
at wrappers.GenericWrappers.takeSnap(GenericWrappers.java:579)
at utils.Reporter.reportStep(Reporter.java:20)
at utils.Reporter.reportStep(Reporter.java:43)
at wrappers.GenericWrappers.takeSnap(GenericWrappers.java:579)
at utils.Reporter.reportStep(Reporter.java:20)
at utils.Reporter.reportStep(Reporter.java:43)
at wrappers.GenericWrappers.takeSnap(GenericWrappers.java:579)
at utils.Reporter.reportStep(Reporter.java:20)
at utils.Reporter.reportStep(Reporter.java:43)
at wrappers.GenericWrappers.takeSnap(GenericWrappers.java:579)
at utils.Reporter.reportStep(Reporter.java:20)
at utils.Reporter.reportStep(Reporter.java:43)
at wrappers.GenericWrappers.takeSnap(GenericWrappers.java:579)
at utils.Reporter.reportStep(Reporter.java:20)
at utils.Reporter.reportStep(Reporter.java:43)
at wrappers.GenericWrappers.takeSnap(GenericWrappers.java:579)
at utils.Reporter.reportStep(Reporter.java:20)
at utils.Reporter.reportStep(Reporter.java:43)
at wrappers.GenericWrappers.takeSnap(GenericWrappers.java:579)
at utils.Reporter.reportStep(Reporter.java:20)
at utils.Reporter.reportStep(Reporter.java:43)
at wrappers.GenericWrappers.takeSnap(GenericWrappers.java:579)
at utils.Reporter.reportStep(Reporter.java:20)
at utils.Reporter.reportStep(Reporter.java:43)
at wrappers.GenericWrappers.takeSnap(GenericWrappers.java:579)
at utils.Reporter.reportStep(Reporter.java:20)
at utils.Reporter.reportStep(Reporter.java:43)
at wrappers.GenericWrappers.takeSnap(GenericWrappers.java:579)
at utils.Reporter.reportStep(Reporter.java:20)
at utils.Reporter.reportStep(Reporter.java:43)
at wrappers.GenericWrappers.takeSnap(GenericWrappers.java:579)
at utils.Reporter.reportStep(Reporter.java:20)
at utils.Reporter.reportStep(Reporter.java:43)
at wrappers.GenericWrappers.takeSnap(GenericWrappers.java:579)
at utils.Reporter.reportStep(Reporter.java:20)
at utils.Reporter.reportStep(Reporter.java:43)
at wrappers.GenericWrappers.takeSnap(GenericWrappers.java:579)
at utils.Reporter.reportStep(Reporter.java:20)
at utils.Reporter.reportStep(Reporter.java:43)
at wrappers.GenericWrappers.takeSnap(GenericWrappers.java:579)
at utils.Reporter.reportStep(Reporter.java:20)
at utils.Reporter.reportStep(Reporter.java:43)
at wrappers.GenericWrappers.takeSnap(GenericWrappers.java:579)
at utils.Reporter.reportStep(Reporter.java:20)
at utils.Reporter.reportStep(Reporter.java:43)
at wrappers.GenericWrappers.takeSnap(GenericWrappers.java:579)
at utils.Reporter.reportStep(Reporter.java:20)
at utils.Reporter.reportStep(Reporter.java:43)
at wrappers.GenericWrappers.takeSnap(GenericWrappers.java:579)
at utils.Reporter.reportStep(Reporter.java:20)
at utils.Reporter.reportStep(Reporter.java:43)
at wrappers.GenericWrappers.takeSnap(GenericWrappers.java:579)
at utils.Reporter.reportStep(Reporter.java:20)
at utils.Reporter.reportStep(Reporter.java:43)
at wrappers.GenericWrappers.takeSnap(GenericWrappers.java:579)
at utils.Reporter.reportStep(Reporter.java:20)
at utils.Reporter.reportStep(Reporter.java:43)
at wrappers.GenericWrappers.takeSnap(GenericWrappers.java:579)
at utils.Reporter.reportStep(Reporter.java:20)
at utils.Reporter.reportStep(Reporter.java:43)
at wrappers.GenericWrappers.takeSnap(GenericWrappers.java:579)
at utils.Reporter.reportStep(Reporter.java:20)
at utils.Reporter.reportStep(Reporter.java:43)
at wrappers.GenericWrappers.takeSnap(GenericWrappers.java:579)
at utils.Reporter.reportStep(Reporter.java:20)
at utils.Reporter.reportStep(Reporter.java:43)
at wrappers.GenericWrappers.takeSnap(GenericWrappers.java:579)
at utils.Reporter.reportStep(Reporter.java:20)
at utils.Reporter.reportStep(Reporter.java:43)
at wrappers.GenericWrappers.takeSnap(GenericWrappers.java:579)
at utils.Reporter.reportStep(Reporter.java:20)
at utils.Reporter.reportStep(Reporter.java:43)
at wrappers.GenericWrappers.takeSnap(GenericWrappers.java:579)
at utils.Reporter.reportStep(Reporter.java:20)
at utils.Reporter.reportStep(Reporter.java:43)
at wrappers.GenericWrappers.takeSnap(GenericWrappers.java:579)
at utils.Reporter.reportStep(Reporter.java:20)
at utils.Reporter.reportStep(Reporter.java:43)
at wrappers.GenericWrappers.takeSnap(GenericWrappers.java:579)
at utils.Reporter.reportStep(Reporter.java:20)
at utils.Reporter.reportStep(Reporter.java:43)
at wrappers.GenericWrappers.takeSnap(GenericWrappers.java:579)
at utils.Reporter.reportStep(Reporter.java:20)
at utils.Reporter.reportStep(Reporter.java:43)
at wrappers.GenericWrappers.takeSnap(GenericWrappers.java:579)
at utils.Reporter.reportStep(Reporter.java:20)
at utils.Reporter.reportStep(Reporter.java:43)
at wrappers.GenericWrappers.takeSnap(GenericWrappers.java:579)
at utils.Reporter.reportStep(Reporter.java:20)
at utils.Reporter.reportStep(Reporter.java:43)
at wrappers.GenericWrappers.takeSnap(GenericWrappers.java:579)
at utils.Reporter.reportStep(Reporter.java:20)
at utils.Reporter.reportStep(Reporter.java:43)
at wrappers.GenericWrappers.takeSnap(GenericWrappers.java:579)
at utils.Reporter.reportStep(Reporter.java:20)
at utils.Reporter.reportStep(Reporter.java:43)
at wrappers.GenericWrappers.takeSnap(GenericWrappers.java:579)
at utils.Reporter.reportStep(Reporter.java:20)
at utils.Reporter.reportStep(Reporter.java:43)
at wrappers.GenericWrappers.takeSnap(GenericWrappers.java:579)
at utils.Reporter.reportStep(Reporter.java:20)
at utils.Reporter.reportStep(Reporter.java:43)
at wrappers.GenericWrappers.takeSnap(GenericWrappers.java:579)
at utils.Reporter.reportStep(Reporter.java:20)
at utils.Reporter.reportStep(Reporter.java:43)
at wrappers.GenericWrappers.takeSnap(GenericWrappers.java:579)
at utils.Reporter.reportStep(Reporter.java:20)
at utils.Reporter.reportStep(Reporter.java:43)
at wrappers.GenericWrappers.takeSnap(GenericWrappers.java:579)
at utils.Reporter.reportStep(Reporter.java:20)
at utils.Reporter.reportStep(Reporter.java:43)
at wrappers.GenericWrappers.takeSnap(GenericWrappers.java:579)
at utils.Reporter.reportStep(Reporter.java:20)
at utils.Reporter.reportStep(Reporter.java:43)
at wrappers.GenericWrappers.takeSnap(GenericWrappers.java:579)
at utils.Reporter.reportStep(Reporter.java:20)
at utils.Reporter.reportStep(Reporter.java:43)
at wrappers.GenericWrappers.takeSnap(GenericWrappers.java:579)
at utils.Reporter.reportStep(Reporter.java:20)
at utils.Reporter.reportStep(Reporter.java:43)
at wrappers.GenericWrappers.takeSnap(GenericWrappers.java:579)
at utils.Reporter.reportStep(Reporter.java:20)
at utils.Reporter.reportStep(Reporter.java:43)
at wrappers.GenericWrappers.takeSnap(GenericWrappers.java:579)
at utils.Reporter.reportStep(Reporter.java:20)
at utils.Reporter.reportStep(Reporter.java:43)
at wrappers.GenericWrappers.takeSnap(GenericWrappers.java:579)
at utils.Reporter.reportStep(Reporter.java:20)
at utils.Reporter.reportStep(Reporter.java:43)
at wrappers.GenericWrappers.takeSnap(GenericWrappers.java:579)
at utils.Reporter.reportStep(Reporter.java:20)
at utils.Reporter.reportStep(Reporter.java:43)
at wrappers.GenericWrappers.takeSnap(GenericWrappers.java:579)
at utils.Reporter.reportStep(Reporter.java:20)
at utils.Reporter.reportStep(Reporter.java:43)
at wrappers.GenericWrappers.takeSnap(GenericWrappers.java:579)
at utils.Reporter.reportStep(Reporter.java:20)
at utils.Reporter.reportStep(Reporter.java:43)
at wrappers.GenericWrappers.takeSnap(GenericWrappers.java:579)
at utils.Reporter.reportStep(Reporter.java:20)
at utils.Reporter.reportStep(Reporter.java:43)
at wrappers.GenericWrappers.takeSnap(GenericWrappers.java:579)
at utils.Reporter.reportStep(Reporter.java:20)
at utils.Reporter.reportStep(Reporter.java:43)
at wrappers.GenericWrappers.takeSnap(GenericWrappers.java:579)
at utils.Reporter.reportStep(Reporter.java:20)
at utils.Reporter.reportStep(Reporter.java:43)
at wrappers.GenericWrappers.takeSnap(GenericWrappers.java:579)
at utils.Reporter.reportStep(Reporter.java:20)
at utils.Reporter.reportStep(Reporter.java:43)
at wrappers.GenericWrappers.takeSnap(GenericWrappers.java:579)
at utils.Reporter.reportStep(Reporter.java:20)
at utils.Reporter.reportStep(Reporter.java:43)
at wrappers.GenericWrappers.takeSnap(GenericWrappers.java:579)
at utils.Reporter.reportStep(Reporter.java:20)
at utils.Reporter.reportStep(Reporter.java:43)
at wrappers.GenericWrappers.takeSnap(GenericWrappers.java:579)
at utils.Reporter.reportStep(Reporter.java:20)
at utils.Reporter.reportStep(Reporter.java:43)
at wrappers.GenericWrappers.takeSnap(GenericWrappers.java:579)
at utils.Reporter.reportStep(Reporter.java:20)
at utils.Reporter.reportStep(Reporter.java:43)
at wrappers.GenericWrappers.takeSnap(GenericWrappers.java:579)
at utils.Reporter.reportStep(Reporter.java:20)
at utils.Reporter.reportStep(Reporter.java:43)
at wrappers.GenericWrappers.takeSnap(GenericWrappers.java:579)
at utils.Reporter.reportStep(Reporter.java:20)
at utils.Reporter.reportStep(Reporter.java:43)
at wrappers.GenericWrappers.takeSnap(GenericWrappers.java:579)
at utils.Reporter.reportStep(Reporter.java:20)
at utils.Reporter.reportStep(Reporter.java:43)
at wrappers.GenericWrappers.takeSnap(GenericWrappers.java:579)
at utils.Reporter.reportStep(Reporter.java:20)
at utils.Reporter.reportStep(Reporter.java:43)
at wrappers.GenericWrappers.takeSnap(GenericWrappers.java:579)
at utils.Reporter.reportStep(Reporter.java:20)
at utils.Reporter.reportStep(Reporter.java:43)
at wrappers.GenericWrappers.takeSnap(GenericWrappers.java:579)
at utils.Reporter.reportStep(Reporter.java:20)
at utils.Reporter.reportStep(Reporter.java:43)
at wrappers.GenericWrappers.takeSnap(GenericWrappers.java:579)
at utils.Reporter.reportStep(Reporter.java:20)
at utils.Reporter.reportStep(Reporter.java:43)
at wrappers.GenericWrappers.takeSnap(GenericWrappers.java:579)
at utils.Reporter.reportStep(Reporter.java:20)
at utils.Reporter.reportStep(Reporter.java:43)
at wrappers.GenericWrappers.takeSnap(GenericWrappers.java:579)
at utils.Reporter.reportStep(Reporter.java:20)
at utils.Reporter.reportStep(Reporter.java:43)
at wrappers.GenericWrappers.takeSnap(GenericWrappers.java:579)
at utils.Reporter.reportStep(Reporter.java:20)
at utils.Reporter.reportStep(Reporter.java:43)
at wrappers.GenericWrappers.takeSnap(GenericWrappers.java:579)
at utils.Reporter.reportStep(Reporter.java:20)
at utils.Reporter.reportStep(Reporter.java:43)
at wrappers.GenericWrappers.takeSnap(GenericWrappers.java:579)
at utils.Reporter.reportStep(Reporter.java:20)
at utils.Reporter.reportStep(Reporter.java:43)
at wrappers.GenericWrappers.takeSnap(GenericWrappers.java:579)
at utils.Reporter.reportStep(Reporter.java:20)
at utils.Reporter.reportStep(Reporter.java:43)
at wrappers.GenericWrappers.takeSnap(GenericWrappers.java:579)
at utils.Reporter.reportStep(Reporter.java:20)
at utils.Reporter.reportStep(Reporter.java:43)
at wrappers.GenericWrappers.takeSnap(GenericWrappers.java:579)
at utils.Reporter.reportStep(Reporter.java:20)
at utils.Reporter.reportStep(Reporter.java:43)
at wrappers.GenericWrappers.takeSnap(GenericWrappers.java:579)
at utils.Reporter.reportStep(Reporter.java:20)
at utils.Reporter.reportStep(Reporter.java:43)
at wrappers.GenericWrappers.takeSnap(GenericWrappers.java:579)
at utils.Reporter.reportStep(Reporter.java:20)
at utils.Reporter.reportStep(Reporter.java:43)
at wrappers.GenericWrappers.takeSnap(GenericWrappers.java:579)
at utils.Reporter.reportStep(Reporter.java:20)
at utils.Reporter.reportStep(Reporter.java:43)
at wrappers.GenericWrappers.takeSnap(GenericWrappers.java:579)
at utils.Reporter.reportStep(Reporter.java:20)
at utils.Reporter.reportStep(Reporter.java:43)
at wrappers.GenericWrappers.takeSnap(GenericWrappers.java:579)
at utils.Reporter.reportStep(Reporter.java:20)
at utils.Reporter.reportStep(Reporter.java:43)
at wrappers.GenericWrappers.takeSnap(GenericWrappers.java:579)
at utils.Reporter.reportStep(Reporter.java:20)
at utils.Reporter.reportStep(Reporter.java:43)
at wrappers.GenericWrappers.takeSnap(GenericWrappers.java:579)
at utils.Reporter.reportStep(Reporter.java:20)
at utils.Reporter.reportStep(Reporter.java:43)
at wrappers.GenericWrappers.takeSnap(GenericWrappers.java:579)
at utils.Reporter.reportStep(Reporter.java:20)
at utils.Reporter.reportStep(Reporter.java:43)
at wrappers.GenericWrappers.takeSnap(GenericWrappers.java:579)
at utils.Reporter.reportStep(Reporter.java:20)
at utils.Reporter.reportStep(Reporter.java:43)
at wrappers.GenericWrappers.takeSnap(GenericWrappers.java:579)
at utils.Reporter.reportStep(Reporter.java:20)
at utils.Reporter.reportStep(Reporter.java:43)
at wrappers.GenericWrappers.takeSnap(GenericWrappers.java:579)
at utils.Reporter.reportStep(Reporter.java:20)
at utils.Reporter.reportStep(Reporter.java:43)
at wrappers.GenericWrappers.takeSnap(GenericWrappers.java:579)
at utils.Reporter.reportStep(Reporter.java:20)
at utils.Reporter.reportStep(Reporter.java:43)
at wrappers.GenericWrappers.takeSnap(GenericWrappers.java:579)
at utils.Reporter.reportStep(Reporter.java:20)
at utils.Reporter.reportStep(Reporter.java:43)
at wrappers.GenericWrappers.takeSnap(GenericWrappers.java:579)
at utils.Reporter.reportStep(Reporter.java:20)
[...]
at utils.Reporter.reportStep(Reporter.java:20)
at utils.Reporter.reportStep(Reporter.java:43)
at wrappers.GenericWrappers.takeSnap(GenericWrappers.java:579)
at utils.Reporter.reportStep(Reporter.java:20)
at utils.Reporter.reportStep(Reporter.java:43)
at wrappers.GenericWrappers.takeSnap(GenericWrappers.java:579)
at utils.Reporter.reportStep(Reporter.java:20)
at utils.Reporter.reportStep(Reporter.java:43)
at wrappers.GenericWrappers.takeSnap(GenericWrappers.java:579)
at utils.Reporter.reportStep(Reporter.java:20)
at utils.Reporter.reportStep(Reporter.java:43)
at wrappers.GenericWrappers.takeSnap(GenericWrappers.java:579)
at utils.Reporter.reportStep(Reporter.java:20)
at utils.Reporter.reportStep(Reporter.java:43)
at wrappers.GenericWrappers.takeSnap(GenericWrappers.java:579)
at utils.Reporter.reportStep(Reporter.java:20)
at utils.Reporter.reportStep(Reporter.java:43)
at wrappers.GenericWrappers.takeSnap(GenericWrappers.java:579)
at utils.Reporter.reportStep(Reporter.java:20)
at utils.Reporter.reportStep(Reporter.java:43)
at wrappers.GenericWrappers.takeSnap(GenericWrappers.java:579)
at utils.Reporter.reportStep(Reporter.java:20)
at utils.Reporter.reportStep(Reporter.java:43)
at wrappers.GenericWrappers.takeSnap(GenericWrappers.java:579)
at utils.Reporter.reportStep(Reporter.java:20)
at utils.Reporter.reportStep(Reporter.java:43)
at wrappers.GenericWrappers.takeSnap(GenericWrappers.java:579)
at utils.Reporter.reportStep(Reporter.java:20)
at utils.Reporter.reportStep(Reporter.java:43)
at wrappers.GenericWrappers.takeSnap(GenericWrappers.java:579)
at utils.Reporter.reportStep(Reporter.java:20)
at utils.Reporter.reportStep(Reporter.java:43)
at wrappers.GenericWrappers.takeSnap(GenericWrappers.java:579)
at utils.Reporter.reportStep(Reporter.java:20)
at utils.Reporter.reportStep(Reporter.java:43)
at wrappers.GenericWrappers.takeSnap(GenericWrappers.java:579)
at utils.Reporter.reportStep(Reporter.java:20)
at utils.Reporter.reportStep(Reporter.java:43)
at wrappers.GenericWrappers.takeSnap(GenericWrappers.java:579)
at utils.Reporter.reportStep(Reporter.java:20)
at utils.Reporter.reportStep(Reporter.java:43)
at wrappers.GenericWrappers.takeSnap(GenericWrappers.java:579)
at utils.Reporter.reportStep(Reporter.java:20)
at utils.Reporter.reportStep(Reporter.java:43)
at wrappers.GenericWrappers.takeSnap(GenericWrappers.java:579)
at utils.Reporter.reportStep(Reporter.java:20)
at utils.Reporter.reportStep(Reporter.java:43)
at wrappers.GenericWrappers.takeSnap(GenericWrappers.java:579)
at utils.Reporter.reportStep(Reporter.java:20)
at utils.Reporter.reportStep(Reporter.java:43)
at wrappers.GenericWrappers.takeSnap(GenericWrappers.java:579)
at utils.Reporter.reportStep(Reporter.java:20)
at utils.Reporter.reportStep(Reporter.java:43)
at wrappers.GenericWrappers.takeSnap(GenericWrappers.java:579)
at utils.Reporter.reportStep(Reporter.java:20)
at utils.Reporter.reportStep(Reporter.java:43)
at wrappers.GenericWrappers.takeSnap(GenericWrappers.java:579)
at utils.Reporter.reportStep(Reporter.java:20)
at utils.Reporter.reportStep(Reporter.java:43)
at wrappers.GenericWrappers.takeSnap(GenericWrappers.java:579)
at utils.Reporter.reportStep(Reporter.java:20)
at utils.Reporter.reportStep(Reporter.java:43)
at wrappers.GenericWrappers.takeSnap(GenericWrappers.java:579)
at utils.Reporter.reportStep(Reporter.java:20)
at utils.Reporter.reportStep(Reporter.java:43)
at wrappers.GenericWrappers.takeSnap(GenericWrappers.java:579)
at utils.Reporter.reportStep(Reporter.java:20)
at utils.Reporter.reportStep(Reporter.java:43)
at wrappers.GenericWrappers.takeSnap(GenericWrappers.java:579)
at utils.Reporter.reportStep(Reporter.java:20)
at utils.Reporter.reportStep(Reporter.java:43)
at wrappers.GenericWrappers.takeSnap(GenericWrappers.java:579)
at utils.Reporter.reportStep(Reporter.java:20)
at utils.Reporter.reportStep(Reporter.java:43)
at wrappers.GenericWrappers.takeSnap(GenericWrappers.java:579)
at utils.Reporter.reportStep(Reporter.java:20)
at utils.Reporter.reportStep(Reporter.java:43)
at wrappers.GenericWrappers.takeSnap(GenericWrappers.java:579)
at utils.Reporter.reportStep(Reporter.java:20)
at utils.Reporter.reportStep(Reporter.java:43)
at wrappers.GenericWrappers.takeSnap(GenericWrappers.java:579)
at utils.Reporter.reportStep(Reporter.java:20)
at utils.Reporter.reportStep(Reporter.java:43)
at wrappers.GenericWrappers.takeSnap(GenericWrappers.java:579)
at utils.Reporter.reportStep(Reporter.java:20)
at utils.Reporter.reportStep(Reporter.java:43)
at wrappers.GenericWrappers.takeSnap(GenericWrappers.java:579)
at utils.Reporter.reportStep(Reporter.java:20)
at utils.Reporter.reportStep(Reporter.java:43)
at wrappers.GenericWrappers.takeSnap(GenericWrappers.java:579)
at utils.Reporter.reportStep(Reporter.java:20)
at utils.Reporter.reportStep(Reporter.java:43)
at wrappers.GenericWrappers.takeSnap(GenericWrappers.java:579)
at utils.Reporter.reportStep(Reporter.java:20)
at utils.Reporter.reportStep(Reporter.java:43)
at wrappers.GenericWrappers.takeSnap(GenericWrappers.java:579)
at utils.Reporter.reportStep(Reporter.java:20)
at utils.Reporter.reportStep(Reporter.java:43)
at wrappers.GenericWrappers.takeSnap(GenericWrappers.java:579)
at utils.Reporter.reportStep(Reporter.java:20)
at utils.Reporter.reportStep(Reporter.java:43)
at wrappers.GenericWrappers.takeSnap(GenericWrappers.java:579)
at utils.Reporter.reportStep(Reporter.java:20)
at utils.Reporter.reportStep(Reporter.java:43)
at wrappers.GenericWrappers.takeSnap(GenericWrappers.java:579)
at utils.Reporter.reportStep(Reporter.java:20)
at utils.Reporter.reportStep(Reporter.java:43)
at wrappers.GenericWrappers.takeSnap(GenericWrappers.java:579)
at utils.Reporter.reportStep(Reporter.java:20)
at utils.Reporter.reportStep(Reporter.java:43)
at wrappers.GenericWrappers.takeSnap(GenericWrappers.java:579)
at utils.Reporter.reportStep(Reporter.java:20)
at utils.Reporter.reportStep(Reporter.java:43)
at wrappers.GenericWrappers.takeSnap(GenericWrappers.java:579)
at utils.Reporter.reportStep(Reporter.java:20)
at utils.Reporter.reportStep(Reporter.java:43)
at wrappers.GenericWrappers.takeSnap(GenericWrappers.java:579)
at utils.Reporter.reportStep(Reporter.java:20)
at utils.Reporter.reportStep(Reporter.java:43)
at wrappers.GenericWrappers.takeSnap(GenericWrappers.java:579)
at utils.Reporter.reportStep(Reporter.java:20)
at utils.Reporter.reportStep(Reporter.java:43)
at wrappers.GenericWrappers.takeSnap(GenericWrappers.java:579)
at utils.Reporter.reportStep(Reporter.java:20)
at utils.Reporter.reportStep(Reporter.java:43)
at wrappers.GenericWrappers.takeSnap(GenericWrappers.java:579)
at utils.Reporter.reportStep(Reporter.java:20)
at utils.Reporter.reportStep(Reporter.java:43)
at wrappers.GenericWrappers.takeSnap(GenericWrappers.java:579)
at utils.Reporter.reportStep(Reporter.java:20)
at utils.Reporter.reportStep(Reporter.java:43)
at wrappers.GenericWrappers.takeSnap(GenericWrappers.java:579)
at utils.Reporter.reportStep(Reporter.java:20)
at utils.Reporter.reportStep(Reporter.java:43)
at wrappers.GenericWrappers.takeSnap(GenericWrappers.java:579)
at utils.Reporter.reportStep(Reporter.java:20)
at utils.Reporter.reportStep(Reporter.java:43)
at wrappers.GenericWrappers.takeSnap(GenericWrappers.java:579)
at utils.Reporter.reportStep(Reporter.java:20)
at utils.Reporter.reportStep(Reporter.java:43)
at wrappers.GenericWrappers.takeSnap(GenericWrappers.java:579)
at utils.Reporter.reportStep(Reporter.java:20)
at utils.Reporter.reportStep(Reporter.java:43)
at wrappers.GenericWrappers.takeSnap(GenericWrappers.java:579)
at utils.Reporter.reportStep(Reporter.java:20)
at utils.Reporter.reportStep(Reporter.java:43)
at wrappers.GenericWrappers.takeSnap(GenericWrappers.java:579)
at utils.Reporter.reportStep(Reporter.java:20)
at utils.Reporter.reportStep(Reporter.java:43)
at wrappers.GenericWrappers.takeSnap(GenericWrappers.java:579)
at utils.Reporter.reportStep(Reporter.java:20)
at utils.Reporter.reportStep(Reporter.java:43)
at wrappers.GenericWrappers.takeSnap(GenericWrappers.java:579)
at utils.Reporter.reportStep(Reporter.java:20)
at utils.Reporter.reportStep(Reporter.java:43)
at wrappers.GenericWrappers.takeSnap(GenericWrappers.java:579)
at utils.Reporter.reportStep(Reporter.java:20)
at utils.Reporter.reportStep(Reporter.java:43)
at wrappers.GenericWrappers.takeSnap(GenericWrappers.java:579)
at utils.Reporter.reportStep(Reporter.java:20)
at utils.Reporter.reportStep(Reporter.java:43)
at wrappers.GenericWrappers.takeSnap(GenericWrappers.java:579)
at utils.Reporter.reportStep(Reporter.java:20)
at utils.Reporter.reportStep(Reporter.java:43)
at wrappers.GenericWrappers.takeSnap(GenericWrappers.java:579)
at utils.Reporter.reportStep(Reporter.java:20)
at utils.Reporter.reportStep(Reporter.java:43)
at wrappers.GenericWrappers.takeSnap(GenericWrappers.java:579)
at utils.Reporter.reportStep(Reporter.java:20)
at utils.Reporter.reportStep(Reporter.java:43)
at wrappers.GenericWrappers.takeSnap(GenericWrappers.java:579)
at utils.Reporter.reportStep(Reporter.java:20)
at utils.Reporter.reportStep(Reporter.java:43)
at wrappers.GenericWrappers.takeSnap(GenericWrappers.java:579)
at utils.Reporter.reportStep(Reporter.java:20)
at utils.Reporter.reportStep(Reporter.java:43)
at wrappers.GenericWrappers.takeSnap(GenericWrappers.java:579)
at utils.Reporter.reportStep(Reporter.java:20)
at utils.Reporter.reportStep(Reporter.java:43)
at wrappers.GenericWrappers.takeSnap(GenericWrappers.java:579)
at utils.Reporter.reportStep(Reporter.java:20)
at utils.Reporter.reportStep(Reporter.java:43)
at wrappers.GenericWrappers.takeSnap(GenericWrappers.java:579)
at utils.Reporter.reportStep(Reporter.java:20)
at utils.Reporter.reportStep(Reporter.java:43)
at wrappers.GenericWrappers.takeSnap(GenericWrappers.java:579)
at utils.Reporter.reportStep(Reporter.java:20)
at utils.Reporter.reportStep(Reporter.java:43)
at wrappers.GenericWrappers.takeSnap(GenericWrappers.java:579)
at utils.Reporter.reportStep(Reporter.java:20)
at utils.Reporter.reportStep(Reporter.java:43)
at wrappers.GenericWrappers.takeSnap(GenericWrappers.java:579)
at utils.Reporter.reportStep(Reporter.java:20)
at utils.Reporter.reportStep(Reporter.java:43)
at wrappers.GenericWrappers.takeSnap(GenericWrappers.java:579)
at utils.Reporter.reportStep(Reporter.java:20)
at utils.Reporter.reportStep(Reporter.java:43)
at wrappers.GenericWrappers.takeSnap(GenericWrappers.java:579)
at utils.Reporter.reportStep(Reporter.java:20)
at utils.Reporter.reportStep(Reporter.java:43)
at wrappers.GenericWrappers.takeSnap(GenericWrappers.java:579)
at utils.Reporter.reportStep(Reporter.java:20)
at utils.Reporter.reportStep(Reporter.java:43)
at wrappers.GenericWrappers.takeSnap(GenericWrappers.java:579)
at utils.Reporter.reportStep(Reporter.java:20)
at utils.Reporter.reportStep(Reporter.java:43)
at wrappers.GenericWrappers.takeSnap(GenericWrappers.java:579)
at utils.Reporter.reportStep(Reporter.java:20)
at utils.Reporter.reportStep(Reporter.java:43)
at wrappers.GenericWrappers.takeSnap(GenericWrappers.java:579)
at utils.Reporter.reportStep(Reporter.java:20)
at utils.Reporter.reportStep(Reporter.java:43)
at wrappers.GenericWrappers.takeSnap(GenericWrappers.java:579)
at utils.Reporter.reportStep(Reporter.java:20)
at utils.Reporter.reportStep(Reporter.java:43)
at wrappers.GenericWrappers.takeSnap(GenericWrappers.java:579)
at utils.Reporter.reportStep(Reporter.java:20)
at utils.Reporter.reportStep(Reporter.java:43)
at wrappers.GenericWrappers.takeSnap(GenericWrappers.java:579)
at utils.Reporter.reportStep(Reporter.java:20)
at utils.Reporter.reportStep(Reporter.java:43)
at wrappers.GenericWrappers.takeSnap(GenericWrappers.java:579)
at utils.Reporter.reportStep(Reporter.java:20)
at utils.Reporter.reportStep(Reporter.java:43)
at wrappers.GenericWrappers.takeSnap(GenericWrappers.java:579)
at utils.Reporter.reportStep(Reporter.java:20)
at utils.Reporter.reportStep(Reporter.java:43)
at wrappers.GenericWrappers.takeSnap(GenericWrappers.java:579)
at utils.Reporter.reportStep(Reporter.java:20)
at utils.Reporter.reportStep(Reporter.java:43)
at wrappers.GenericWrappers.takeSnap(GenericWrappers.java:579)
at utils.Reporter.reportStep(Reporter.java:20)
at utils.Reporter.reportStep(Reporter.java:43)
at wrappers.GenericWrappers.takeSnap(GenericWrappers.java:579)
at utils.Reporter.reportStep(Reporter.java:20)
at utils.Reporter.reportStep(Reporter.java:43)
at wrappers.GenericWrappers.takeSnap(GenericWrappers.java:579)
at utils.Reporter.reportStep(Reporter.java:20)
at utils.Reporter.reportStep(Reporter.java:43)
at wrappers.GenericWrappers.takeSnap(GenericWrappers.java:579)
at utils.Reporter.reportStep(Reporter.java:20)
at utils.Reporter.reportStep(Reporter.java:43)
at wrappers.GenericWrappers.takeSnap(GenericWrappers.java:579)
at utils.Reporter.reportStep(Reporter.java:20)
at utils.Reporter.reportStep(Reporter.java:43)
at wrappers.GenericWrappers.takeSnap(GenericWrappers.java:579)
at utils.Reporter.reportStep(Reporter.java:20)
at utils.Reporter.reportStep(Reporter.java:43)
at wrappers.GenericWrappers.takeSnap(GenericWrappers.java:579)
at utils.Reporter.reportStep(Reporter.java:20)
at utils.Reporter.reportStep(Reporter.java:43)
at wrappers.GenericWrappers.takeSnap(GenericWrappers.java:579)
at utils.Reporter.reportStep(Reporter.java:20)
at utils.Reporter.reportStep(Reporter.java:43)
at wrappers.GenericWrappers.takeSnap(GenericWrappers.java:579)
at utils.Reporter.reportStep(Reporter.java:20)
at utils.Reporter.reportStep(Reporter.java:43)
at wrappers.GenericWrappers.takeSnap(GenericWrappers.java:579)
at utils.Reporter.reportStep(Reporter.java:20)
at utils.Reporter.reportStep(Reporter.java:43)
at wrappers.GenericWrappers.takeSnap(GenericWrappers.java:579)
at utils.Reporter.reportStep(Reporter.java:20)
at utils.Reporter.reportStep(Reporter.java:43)
at wrappers.GenericWrappers.takeSnap(GenericWrappers.java:579)
at utils.Reporter.reportStep(Reporter.java:20)
at utils.Reporter.reportStep(Reporter.java:43)
at wrappers.GenericWrappers.takeSnap(GenericWrappers.java:579)
at utils.Reporter.reportStep(Reporter.java:20)
at utils.Reporter.reportStep(Reporter.java:43)
at wrappers.GenericWrappers.takeSnap(GenericWrappers.java:579)
at utils.Reporter.reportStep(Reporter.java:20)
at utils.Reporter.reportStep(Reporter.java:43)
at wrappers.GenericWrappers.takeSnap(GenericWrappers.java:579)
at utils.Reporter.reportStep(Reporter.java:20)
at utils.Reporter.reportStep(Reporter.java:43)
at wrappers.GenericWrappers.takeSnap(GenericWrappers.java:579)
at utils.Reporter.reportStep(Reporter.java:20)
at utils.Reporter.reportStep(Reporter.java:43)
at wrappers.GenericWrappers.takeSnap(GenericWrappers.java:579)
at utils.Reporter.reportStep(Reporter.java:20)
at utils.Reporter.reportStep(Reporter.java:43)
at wrappers.GenericWrappers.takeSnap(GenericWrappers.java:579)
at utils.Reporter.reportStep(Reporter.java:20)
at utils.Reporter.reportStep(Reporter.java:43)
at wrappers.GenericWrappers.takeSnap(GenericWrappers.java:579)
at utils.Reporter.reportStep(Reporter.java:20)
at utils.Reporter.reportStep(Reporter.java:43)
at wrappers.GenericWrappers.takeSnap(GenericWrappers.java:579)
at utils.Reporter.reportStep(Reporter.java:20)
at utils.Reporter.reportStep(Reporter.java:43)
at wrappers.GenericWrappers.takeSnap(GenericWrappers.java:579)
at utils.Reporter.reportStep(Reporter.java:20)
at utils.Reporter.reportStep(Reporter.java:43)
at wrappers.GenericWrappers.takeSnap(GenericWrappers.java:579)
at utils.Reporter.reportStep(Reporter.java:20)
at utils.Reporter.reportStep(Reporter.java:43)
at wrappers.GenericWrappers.takeSnap(GenericWrappers.java:579)
at utils.Reporter.reportStep(Reporter.java:20)
at utils.Reporter.reportStep(Reporter.java:43)
at wrappers.GenericWrappers.takeSnap(GenericWrappers.java:579)
at utils.Reporter.reportStep(Reporter.java:20)
at utils.Reporter.reportStep(Reporter.java:43)
at wrappers.GenericWrappers.takeSnap(GenericWrappers.java:579)
at utils.Reporter.reportStep(Reporter.java:20)
at utils.Reporter.reportStep(Reporter.java:43)
at wrappers.GenericWrappers.takeSnap(GenericWrappers.java:579)
at utils.Reporter.reportStep(Reporter.java:20)
at utils.Reporter.reportStep(Reporter.java:43)
at wrappers.GenericWrappers.takeSnap(GenericWrappers.java:579)
at utils.Reporter.reportStep(Reporter.java:20)
at utils.Reporter.reportStep(Reporter.java:43)
at wrappers.GenericWrappers.takeSnap(GenericWrappers.java:579)
at utils.Reporter.reportStep(Reporter.java:20)
at utils.Reporter.reportStep(Reporter.java:43)
at wrappers.GenericWrappers.takeSnap(GenericWrappers.java:579)
at utils.Reporter.reportStep(Reporter.java:20)
at utils.Reporter.reportStep(Reporter.java:43)
at wrappers.GenericWrappers.takeSnap(GenericWrappers.java:579)
at utils.Reporter.reportStep(Reporter.java:20)
at utils.Reporter.reportStep(Reporter.java:43)
at wrappers.GenericWrappers.takeSnap(GenericWrappers.java:579)
at utils.Reporter.reportStep(Reporter.java:20)
at utils.Reporter.reportStep(Reporter.java:43)
at wrappers.GenericWrappers.takeSnap(GenericWrappers.java:579)
at utils.Reporter.reportStep(Reporter.java:20)
at utils.Reporter.reportStep(Reporter.java:43)
at wrappers.GenericWrappers.takeSnap(GenericWrappers.java:579)
at utils.Reporter.reportStep(Reporter.java:20)
at utils.Reporter.reportStep(Reporter.java:43)
at wrappers.GenericWrappers.takeSnap(GenericWrappers.java:579)
at utils.Reporter.reportStep(Reporter.java:20)
at utils.Reporter.reportStep(Reporter.java:43)
at wrappers.GenericWrappers.takeSnap(GenericWrappers.java:579)
at utils.Reporter.reportStep(Reporter.java:20)
at utils.Reporter.reportStep(Reporter.java:43)
at wrappers.GenericWrappers.takeSnap(GenericWrappers.java:579)
at utils.Reporter.reportStep(Reporter.java:20)
at utils.Reporter.reportStep(Reporter.java:43)
at wrappers.GenericWrappers.takeSnap(GenericWrappers.java:579)
at utils.Reporter.reportStep(Reporter.java:20)
at utils.Reporter.reportStep(Reporter.java:43)
at wrappers.GenericWrappers.takeSnap(GenericWrappers.java:579)
at utils.Reporter.reportStep(Reporter.java:20)
at utils.Reporter.reportStep(Reporter.java:43)
at wrappers.GenericWrappers.takeSnap(GenericWrappers.java:579)
at utils.Reporter.reportStep(Reporter.java:20)
at utils.Reporter.reportStep(Reporter.java:43)
at wrappers.GenericWrappers.takeSnap(GenericWrappers.java:579)
at utils.Reporter.reportStep(Reporter.java:20)
at utils.Reporter.reportStep(Reporter.java:43)
at wrappers.GenericWrappers.takeSnap(GenericWrappers.java:579)
at utils.Reporter.reportStep(Reporter.java:20)
at utils.Reporter.reportStep(Reporter.java:43)
at wrappers.GenericWrappers.takeSnap(GenericWrappers.java:579)
at utils.Reporter.reportStep(Reporter.java:20)
at utils.Reporter.reportStep(Reporter.java:43)
at wrappers.GenericWrappers.takeSnap(GenericWrappers.java:579)
at utils.Reporter.reportStep(Reporter.java:20)
at utils.Reporter.reportStep(Reporter.java:43)
at wrappers.GenericWrappers.takeSnap(GenericWrappers.java:579)
at utils.Reporter.reportStep(Reporter.java:20)
at utils.Reporter.reportStep(Reporter.java:43)
at wrappers.GenericWrappers.takeSnap(GenericWrappers.java:579)
at utils.Reporter.reportStep(Reporter.java:20)
at utils.Reporter.reportStep(Reporter.java:43)
at wrappers.GenericWrappers.takeSnap(GenericWrappers.java:579)
at utils.Reporter.reportStep(Reporter.java:20)
at utils.Reporter.reportStep(Reporter.java:43)
at wrappers.GenericWrappers.takeSnap(GenericWrappers.java:579)
at utils.Reporter.reportStep(Reporter.java:20)
at utils.Reporter.reportStep(Reporter.java:43)
at wrappers.GenericWrappers.takeSnap(GenericWrappers.java:579)
at utils.Reporter.reportStep(Reporter.java:20)
at utils.Reporter.reportStep(Reporter.java:43)
at wrappers.GenericWrappers.takeSnap(GenericWrappers.java:579)
at utils.Reporter.reportStep(Reporter.java:20)
at utils.Reporter.reportStep(Reporter.java:43)
at wrappers.GenericWrappers.takeSnap(GenericWrappers.java:579)
at utils.Reporter.reportStep(Reporter.java:20)
at utils.Reporter.reportStep(Reporter.java:43)
]]>
    </failure>
  </testcase> <!-- loginLogOut -->
</testsuite> <!-- Test -->
