<?xml version="1.0" encoding="UTF-8"?>
<testng-results skipped="2" failed="0" ignored="0" total="2" passed="0">
  <reporter-output>
  </reporter-output>
  <suite name="Suite" duration-ms="28297" started-at="2019-10-27T09:24:58Z" finished-at="2019-10-27T09:25:26Z">
    <groups>
    </groups>
    <test name="Test" duration-ms="28297" started-at="2019-10-27T09:24:58Z" finished-at="2019-10-27T09:25:26Z">
      <class name="testcases.TC001_Login">
        <test-method status="PASS" signature="beforeSuite()[pri:0, instance:testcases.TC001_Login@1a485d2]" name="beforeSuite" is-config="true" duration-ms="1317" started-at="2019-10-27T14:54:56Z" finished-at="2019-10-27T14:54:58Z">
          <reporter-output>
          </reporter-output>
        </test-method> <!-- beforeSuite -->
        <test-method status="PASS" signature="beforeTest()[pri:0, instance:testcases.TC001_Login@1a485d2]" name="beforeTest" is-config="true" duration-ms="0" started-at="2019-10-27T14:54:58Z" finished-at="2019-10-27T14:54:58Z">
          <reporter-output>
          </reporter-output>
        </test-method> <!-- beforeTest -->
        <test-method status="PASS" signature="setValues()[pri:0, instance:testcases.TC001_Login@1a485d2]" name="setValues" is-config="true" duration-ms="0" started-at="2019-10-27T14:54:58Z" finished-at="2019-10-27T14:54:58Z">
          <reporter-output>
          </reporter-output>
        </test-method> <!-- setValues -->
        <test-method status="FAIL" signature="beforeMethod()[pri:0, instance:testcases.TC001_Login@1a485d2]" name="beforeMethod" is-config="true" duration-ms="26437" started-at="2019-10-27T14:54:59Z" finished-at="2019-10-27T14:55:26Z">
          <exception class="java.lang.StackOverflowError">
            <full-stacktrace>
              <![CDATA[java.lang.StackOverflowError
	at java.security.AccessController.doPrivileged(Native Method)
	at java.net.URLClassLoader.findClass(URLClassLoader.java:362)
	at java.lang.ClassLoader.loadClass(ClassLoader.java:424)
	at java.lang.ClassLoader.loadClass(ClassLoader.java:411)
	at sun.misc.Launcher$AppClassLoader.loadClass(Launcher.java:349)
	at java.lang.ClassLoader.loadClass(ClassLoader.java:357)
	at org.openqa.selenium.remote.service.DriverCommandExecutor.execute(DriverCommandExecutor.java:84)
	at org.openqa.selenium.remote.RemoteWebDriver.execute(RemoteWebDriver.java:637)
	at org.openqa.selenium.remote.RemoteWebDriver.execute(RemoteWebDriver.java:694)
	at org.openqa.selenium.remote.RemoteWebDriver.getScreenshotAs(RemoteWebDriver.java:382)
	at wrappers.GenericWrappers.takeSnap(GenericWrappers.java:577)
	at utils.Reporter.reportStep(Reporter.java:20)
	at utils.Reporter.reportStep(Reporter.java:43)
	at wrappers.GenericWrappers.takeSnap(GenericWrappers.java:579)
	at utils.Reporter.reportStep(Reporter.java:20)
	at utils.Reporter.reportStep(Reporter.java:43)
	at wrappers.GenericWrappers.takeSnap(GenericWrappers.java:579)
	at utils.Reporter.reportStep(Reporter.java:20)
	at utils.Reporter.reportStep(Reporter.java:43)
	at wrappers.GenericWrappers.takeSnap(GenericWrappers.java:579)
	at utils.Reporter.reportStep(Reporter.java:20)
	at utils.Reporter.reportStep(Reporter.java:43)
	at wrappers.GenericWrappers.takeSnap(GenericWrappers.java:579)
	at utils.Reporter.reportStep(Reporter.java:20)
	at utils.Reporter.reportStep(Reporter.java:43)
	at wrappers.GenericWrappers.takeSnap(GenericWrappers.java:579)
	at utils.Reporter.reportStep(Reporter.java:20)
	at utils.Reporter.reportStep(Reporter.java:43)
	at wrappers.GenericWrappers.takeSnap(GenericWrappers.java:579)
	at utils.Reporter.reportStep(Reporter.java:20)
	at utils.Reporter.reportStep(Reporter.java:43)
	at wrappers.GenericWrappers.takeSnap(GenericWrappers.java:579)
	at utils.Reporter.reportStep(Reporter.java:20)
	at utils.Reporter.reportStep(Reporter.java:43)
	at wrappers.GenericWrappers.takeSnap(GenericWrappers.java:579)
	at utils.Reporter.reportStep(Reporter.java:20)
	at utils.Reporter.reportStep(Reporter.java:43)
	at wrappers.GenericWrappers.takeSnap(GenericWrappers.java:579)
	at utils.Reporter.reportStep(Reporter.java:20)
	at utils.Reporter.reportStep(Reporter.java:43)
	at wrappers.GenericWrappers.takeSnap(GenericWrappers.java:579)
	at utils.Reporter.reportStep(Reporter.java:20)
	at utils.Reporter.reportStep(Reporter.java:43)
	at wrappers.GenericWrappers.takeSnap(GenericWrappers.java:579)
	at utils.Reporter.reportStep(Reporter.java:20)
	at utils.Reporter.reportStep(Reporter.java:43)
	at wrappers.GenericWrappers.takeSnap(GenericWrappers.java:579)
	at utils.Reporter.reportStep(Reporter.java:20)
	at utils.Reporter.reportStep(Reporter.java:43)
	at wrappers.GenericWrappers.takeSnap(GenericWrappers.java:579)
	at utils.Reporter.reportStep(Reporter.java:20)
	at utils.Reporter.reportStep(Reporter.java:43)
	at wrappers.GenericWrappers.takeSnap(GenericWrappers.java:579)
	at utils.Reporter.reportStep(Reporter.java:20)
	at utils.Reporter.reportStep(Reporter.java:43)
	at wrappers.GenericWrappers.takeSnap(GenericWrappers.java:579)
	at utils.Reporter.reportStep(Reporter.java:20)
	at utils.Reporter.reportStep(Reporter.java:43)
	at wrappers.GenericWrappers.takeSnap(GenericWrappers.java:579)
	at utils.Reporter.reportStep(Reporter.java:20)
	at utils.Reporter.reportStep(Reporter.java:43)
	at wrappers.GenericWrappers.takeSnap(GenericWrappers.java:579)
	at utils.Reporter.reportStep(Reporter.java:20)
	at utils.Reporter.reportStep(Reporter.java:43)
	at wrappers.GenericWrappers.takeSnap(GenericWrappers.java:579)
	at utils.Reporter.reportStep(Reporter.java:20)
	at utils.Reporter.reportStep(Reporter.java:43)
	at wrappers.GenericWrappers.takeSnap(GenericWrappers.java:579)
	at utils.Reporter.reportStep(Reporter.java:20)
	at utils.Reporter.reportStep(Reporter.java:43)
	at wrappers.GenericWrappers.takeSnap(GenericWrappers.java:579)
	at utils.Reporter.reportStep(Reporter.java:20)
	at utils.Reporter.reportStep(Reporter.java:43)
	at wrappers.GenericWrappers.takeSnap(GenericWrappers.java:579)
	at utils.Reporter.reportStep(Reporter.java:20)
	at utils.Reporter.reportStep(Reporter.java:43)
	at wrappers.GenericWrappers.takeSnap(GenericWrappers.java:579)
	at utils.Reporter.reportStep(Reporter.java:20)
	at utils.Reporter.reportStep(Reporter.java:43)
	at wrappers.GenericWrappers.takeSnap(GenericWrappers.java:579)
	at utils.Reporter.reportStep(Reporter.java:20)
	at utils.Reporter.reportStep(Reporter.java:43)
	at wrappers.GenericWrappers.takeSnap(GenericWrappers.java:579)
	at utils.Reporter.reportStep(Reporter.java:20)
	at utils.Reporter.reportStep(Reporter.java:43)
	at wrappers.GenericWrappers.takeSnap(GenericWrappers.java:579)
	at utils.Reporter.reportStep(Reporter.java:20)
	at utils.Reporter.reportStep(Reporter.java:43)
	at wrappers.GenericWrappers.takeSnap(GenericWrappers.java:579)
	at utils.Reporter.reportStep(Reporter.java:20)
	at utils.Reporter.reportStep(Reporter.java:43)
	at wrappers.GenericWrappers.takeSnap(GenericWrappers.java:579)
	at utils.Reporter.reportStep(Reporter.java:20)
	at utils.Reporter.reportStep(Reporter.java:43)
	at wrappers.GenericWrappers.takeSnap(GenericWrappers.java:579)
	at utils.Reporter.reportStep(Reporter.java:20)
	at utils.Reporter.reportStep(Reporter.java:43)
	at wrappers.GenericWrappers.takeSnap(GenericWrappers.java:579)
	at utils.Reporter.reportStep(Reporter.java:20)
	at utils.Reporter.reportStep(Reporter.java:43)
	at wrappers.GenericWrappers.takeSnap(GenericWrappers.java:579)
	at utils.Reporter.reportStep(Reporter.java:20)
	at utils.Reporter.reportStep(Reporter.java:43)
	at wrappers.GenericWrappers.takeSnap(GenericWrappers.java:579)
	at utils.Reporter.reportStep(Reporter.java:20)
	at utils.Reporter.reportStep(Reporter.java:43)
	at wrappers.GenericWrappers.takeSnap(GenericWrappers.java:579)
	at utils.Reporter.reportStep(Reporter.java:20)
	at utils.Reporter.reportStep(Reporter.java:43)
	at wrappers.GenericWrappers.takeSnap(GenericWrappers.java:579)
	at utils.Reporter.reportStep(Reporter.java:20)
	at utils.Reporter.reportStep(Reporter.java:43)
	at wrappers.GenericWrappers.takeSnap(GenericWrappers.java:579)
	at utils.Reporter.reportStep(Reporter.java:20)
	at utils.Reporter.reportStep(Reporter.java:43)
	at wrappers.GenericWrappers.takeSnap(GenericWrappers.java:579)
	at utils.Reporter.reportStep(Reporter.java:20)
	at utils.Reporter.reportStep(Reporter.java:43)
	at wrappers.GenericWrappers.takeSnap(GenericWrappers.java:579)
	at utils.Reporter.reportStep(Reporter.java:20)
	at utils.Reporter.reportStep(Reporter.java:43)
	at wrappers.GenericWrappers.takeSnap(GenericWrappers.java:579)
	at utils.Reporter.reportStep(Reporter.java:20)
	at utils.Reporter.reportStep(Reporter.java:43)
	at wrappers.GenericWrappers.takeSnap(GenericWrappers.java:579)
	at utils.Reporter.reportStep(Reporter.java:20)
	at utils.Reporter.reportStep(Reporter.java:43)
	at wrappers.GenericWrappers.takeSnap(GenericWrappers.java:579)
	at utils.Reporter.reportStep(Reporter.java:20)
	at utils.Reporter.reportStep(Reporter.java:43)
	at wrappers.GenericWrappers.takeSnap(GenericWrappers.java:579)
	at utils.Reporter.reportStep(Reporter.java:20)
	at utils.Reporter.reportStep(Reporter.java:43)
	at wrappers.GenericWrappers.takeSnap(GenericWrappers.java:579)
	at utils.Reporter.reportStep(Reporter.java:20)
	at utils.Reporter.reportStep(Reporter.java:43)
	at wrappers.GenericWrappers.takeSnap(GenericWrappers.java:579)
	at utils.Reporter.reportStep(Reporter.java:20)
	at utils.Reporter.reportStep(Reporter.java:43)
	at wrappers.GenericWrappers.takeSnap(GenericWrappers.java:579)
	at utils.Reporter.reportStep(Reporter.java:20)
	at utils.Reporter.reportStep(Reporter.java:43)
	at wrappers.GenericWrappers.takeSnap(GenericWrappers.java:579)
	at utils.Reporter.reportStep(Reporter.java:20)
	at utils.Reporter.reportStep(Reporter.java:43)
	at wrappers.GenericWrappers.takeSnap(GenericWrappers.java:579)
	at utils.Reporter.reportStep(Reporter.java:20)
	at utils.Reporter.reportStep(Reporter.java:43)
	at wrappers.GenericWrappers.takeSnap(GenericWrappers.java:579)
	at utils.Reporter.reportStep(Reporter.java:20)
	at utils.Reporter.reportStep(Reporter.java:43)
	at wrappers.GenericWrappers.takeSnap(GenericWrappers.java:579)
	at utils.Reporter.reportStep(Reporter.java:20)
	at utils.Reporter.reportStep(Reporter.java:43)
	at wrappers.GenericWrappers.takeSnap(GenericWrappers.java:579)
	at utils.Reporter.reportStep(Reporter.java:20)
	at utils.Reporter.reportStep(Reporter.java:43)
	at wrappers.GenericWrappers.takeSnap(GenericWrappers.java:579)
	at utils.Reporter.reportStep(Reporter.java:20)
	at utils.Reporter.reportStep(Reporter.java:43)
	at wrappers.GenericWrappers.takeSnap(GenericWrappers.java:579)
	at utils.Reporter.reportStep(Reporter.java:20)
	at utils.Reporter.reportStep(Reporter.java:43)
	at wrappers.GenericWrappers.takeSnap(GenericWrappers.java:579)
	at utils.Reporter.reportStep(Reporter.java:20)
	at utils.Reporter.reportStep(Reporter.java:43)
	at wrappers.GenericWrappers.takeSnap(GenericWrappers.java:579)
	at utils.Reporter.reportStep(Reporter.java:20)
	at utils.Reporter.reportStep(Reporter.java:43)
	at wrappers.GenericWrappers.takeSnap(GenericWrappers.java:579)
	at utils.Reporter.reportStep(Reporter.java:20)
	at utils.Reporter.reportStep(Reporter.java:43)
	at wrappers.GenericWrappers.takeSnap(GenericWrappers.java:579)
	at utils.Reporter.reportStep(Reporter.java:20)
	at utils.Reporter.reportStep(Reporter.java:43)
	at wrappers.GenericWrappers.takeSnap(GenericWrappers.java:579)
	at utils.Reporter.reportStep(Reporter.java:20)
	at utils.Reporter.reportStep(Reporter.java:43)
	at wrappers.GenericWrappers.takeSnap(GenericWrappers.java:579)
	at utils.Reporter.reportStep(Reporter.java:20)
	at utils.Reporter.reportStep(Reporter.java:43)
	at wrappers.GenericWrappers.takeSnap(GenericWrappers.java:579)
	at utils.Reporter.reportStep(Reporter.java:20)
	at utils.Reporter.reportStep(Reporter.java:43)
	at wrappers.GenericWrappers.takeSnap(GenericWrappers.java:579)
	at utils.Reporter.reportStep(Reporter.java:20)
	at utils.Reporter.reportStep(Reporter.java:43)
	at wrappers.GenericWrappers.takeSnap(GenericWrappers.java:579)
	at utils.Reporter.reportStep(Reporter.java:20)
	at utils.Reporter.reportStep(Reporter.java:43)
	at wrappers.GenericWrappers.takeSnap(GenericWrappers.java:579)
	at utils.Reporter.reportStep(Reporter.java:20)
	at utils.Reporter.reportStep(Reporter.java:43)
	at wrappers.GenericWrappers.takeSnap(GenericWrappers.java:579)
	at utils.Reporter.reportStep(Reporter.java:20)
	at utils.Reporter.reportStep(Reporter.java:43)
	at wrappers.GenericWrappers.takeSnap(GenericWrappers.java:579)
	at utils.Reporter.reportStep(Reporter.java:20)
	at utils.Reporter.reportStep(Reporter.java:43)
	at wrappers.GenericWrappers.takeSnap(GenericWrappers.java:579)
	at utils.Reporter.reportStep(Reporter.java:20)
	at utils.Reporter.reportStep(Reporter.java:43)
	at wrappers.GenericWrappers.takeSnap(GenericWrappers.java:579)
	at utils.Reporter.reportStep(Reporter.java:20)
	at utils.Reporter.reportStep(Reporter.java:43)
	at wrappers.GenericWrappers.takeSnap(GenericWrappers.java:579)
	at utils.Reporter.reportStep(Reporter.java:20)
	at utils.Reporter.reportStep(Reporter.java:43)
	at wrappers.GenericWrappers.takeSnap(GenericWrappers.java:579)
	at utils.Reporter.reportStep(Reporter.java:20)
	at utils.Reporter.reportStep(Reporter.java:43)
	at wrappers.GenericWrappers.takeSnap(GenericWrappers.java:579)
	at utils.Reporter.reportStep(Reporter.java:20)
	at utils.Reporter.reportStep(Reporter.java:43)
	at wrappers.GenericWrappers.takeSnap(GenericWrappers.java:579)
	at utils.Reporter.reportStep(Reporter.java:20)
	at utils.Reporter.reportStep(Reporter.java:43)
	at wrappers.GenericWrappers.takeSnap(GenericWrappers.java:579)
	at utils.Reporter.reportStep(Reporter.java:20)
	at utils.Reporter.reportStep(Reporter.java:43)
	at wrappers.GenericWrappers.takeSnap(GenericWrappers.java:579)
	at utils.Reporter.reportStep(Reporter.java:20)
	at utils.Reporter.reportStep(Reporter.java:43)
	at wrappers.GenericWrappers.takeSnap(GenericWrappers.java:579)
	at utils.Reporter.reportStep(Reporter.java:20)
	at utils.Reporter.reportStep(Reporter.java:43)
	at wrappers.GenericWrappers.takeSnap(GenericWrappers.java:579)
	at utils.Reporter.reportStep(Reporter.java:20)
	at utils.Reporter.reportStep(Reporter.java:43)
	at wrappers.GenericWrappers.takeSnap(GenericWrappers.java:579)
	at utils.Reporter.reportStep(Reporter.java:20)
	at utils.Reporter.reportStep(Reporter.java:43)
	at wrappers.GenericWrappers.takeSnap(GenericWrappers.java:579)
	at utils.Reporter.reportStep(Reporter.java:20)
	at utils.Reporter.reportStep(Reporter.java:43)
	at wrappers.GenericWrappers.takeSnap(GenericWrappers.java:579)
	at utils.Reporter.reportStep(Reporter.java:20)
	at utils.Reporter.reportStep(Reporter.java:43)
	at wrappers.GenericWrappers.takeSnap(GenericWrappers.java:579)
	at utils.Reporter.reportStep(Reporter.java:20)
	at utils.Reporter.reportStep(Reporter.java:43)
	at wrappers.GenericWrappers.takeSnap(GenericWrappers.java:579)
	at utils.Reporter.reportStep(Reporter.java:20)
	at utils.Reporter.reportStep(Reporter.java:43)
	at wrappers.GenericWrappers.takeSnap(GenericWrappers.java:579)
	at utils.Reporter.reportStep(Reporter.java:20)
	at utils.Reporter.reportStep(Reporter.java:43)
	at wrappers.GenericWrappers.takeSnap(GenericWrappers.java:579)
	at utils.Reporter.reportStep(Reporter.java:20)
	at utils.Reporter.reportStep(Reporter.java:43)
	at wrappers.GenericWrappers.takeSnap(GenericWrappers.java:579)
	at utils.Reporter.reportStep(Reporter.java:20)
	at utils.Reporter.reportStep(Reporter.java:43)
	at wrappers.GenericWrappers.takeSnap(GenericWrappers.java:579)
	at utils.Reporter.reportStep(Reporter.java:20)
	at utils.Reporter.reportStep(Reporter.java:43)
	at wrappers.GenericWrappers.takeSnap(GenericWrappers.java:579)
	at utils.Reporter.reportStep(Reporter.java:20)
	at utils.Reporter.reportStep(Reporter.java:43)
	at wrappers.GenericWrappers.takeSnap(GenericWrappers.java:579)
	at utils.Reporter.reportStep(Reporter.java:20)
	at utils.Reporter.reportStep(Reporter.java:43)
	at wrappers.GenericWrappers.takeSnap(GenericWrappers.java:579)
	at utils.Reporter.reportStep(Reporter.java:20)
	at utils.Reporter.reportStep(Reporter.java:43)
	at wrappers.GenericWrappers.takeSnap(GenericWrappers.java:579)
	at utils.Reporter.reportStep(Reporter.java:20)
	at utils.Reporter.reportStep(Reporter.java:43)
	at wrappers.GenericWrappers.takeSnap(GenericWrappers.java:579)
	at utils.Reporter.reportStep(Reporter.java:20)
	at utils.Reporter.reportStep(Reporter.java:43)
	at wrappers.GenericWrappers.takeSnap(GenericWrappers.java:579)
	at utils.Reporter.reportStep(Reporter.java:20)
	at utils.Reporter.reportStep(Reporter.java:43)
	at wrappers.GenericWrappers.takeSnap(GenericWrappers.java:579)
	at utils.Reporter.reportStep(Reporter.java:20)
	at utils.Reporter.reportStep(Reporter.java:43)
	at wrappers.GenericWrappers.takeSnap(GenericWrappers.java:579)
	at utils.Reporter.reportStep(Reporter.java:20)
	at utils.Reporter.reportStep(Reporter.java:43)
	at wrappers.GenericWrappers.takeSnap(GenericWrappers.java:579)
	at utils.Reporter.reportStep(Reporter.java:20)
	at utils.Reporter.reportStep(Reporter.java:43)
	at wrappers.GenericWrappers.takeSnap(GenericWrappers.java:579)
	at utils.Reporter.reportStep(Reporter.java:20)
	at utils.Reporter.reportStep(Reporter.java:43)
	at wrappers.GenericWrappers.takeSnap(GenericWrappers.java:579)
	at utils.Reporter.reportStep(Reporter.java:20)
	at utils.Reporter.reportStep(Reporter.java:43)
	at wrappers.GenericWrappers.takeSnap(GenericWrappers.java:579)
	at utils.Reporter.reportStep(Reporter.java:20)
	at utils.Reporter.reportStep(Reporter.java:43)
	at wrappers.GenericWrappers.takeSnap(GenericWrappers.java:579)
	at utils.Reporter.reportStep(Reporter.java:20)
	at utils.Reporter.reportStep(Reporter.java:43)
	at wrappers.GenericWrappers.takeSnap(GenericWrappers.java:579)
	at utils.Reporter.reportStep(Reporter.java:20)
	at utils.Reporter.reportStep(Reporter.java:43)
	at wrappers.GenericWrappers.takeSnap(GenericWrappers.java:579)
	at utils.Reporter.reportStep(Reporter.java:20)
	at utils.Reporter.reportStep(Reporter.java:43)
	at wrappers.GenericWrappers.takeSnap(GenericWrappers.java:579)
	at utils.Reporter.reportStep(Reporter.java:20)
	at utils.Reporter.reportStep(Reporter.java:43)
	at wrappers.GenericWrappers.takeSnap(GenericWrappers.java:579)
	at utils.Reporter.reportStep(Reporter.java:20)
	at utils.Reporter.reportStep(Reporter.java:43)
	at wrappers.GenericWrappers.takeSnap(GenericWrappers.java:579)
	at utils.Reporter.reportStep(Reporter.java:20)
	at utils.Reporter.reportStep(Reporter.java:43)
	at wrappers.GenericWrappers.takeSnap(GenericWrappers.java:579)
	at utils.Reporter.reportStep(Reporter.java:20)
	at utils.Reporter.reportStep(Reporter.java:43)
	at wrappers.GenericWrappers.takeSnap(GenericWrappers.java:579)
	at utils.Reporter.reportStep(Reporter.java:20)
	at utils.Reporter.reportStep(Reporter.java:43)
	at wrappers.GenericWrappers.takeSnap(GenericWrappers.java:579)
	at utils.Reporter.reportStep(Reporter.java:20)
	at utils.Reporter.reportStep(Reporter.java:43)
	at wrappers.GenericWrappers.takeSnap(GenericWrappers.java:579)
	at utils.Reporter.reportStep(Reporter.java:20)
	at utils.Reporter.reportStep(Reporter.java:43)
	at wrappers.GenericWrappers.takeSnap(GenericWrappers.java:579)
	at utils.Reporter.reportStep(Reporter.java:20)
	at utils.Reporter.reportStep(Reporter.java:43)
	at wrappers.GenericWrappers.takeSnap(GenericWrappers.java:579)
	at utils.Reporter.reportStep(Reporter.java:20)
	at utils.Reporter.reportStep(Reporter.java:43)
	at wrappers.GenericWrappers.takeSnap(GenericWrappers.java:579)
	at utils.Reporter.reportStep(Reporter.java:20)
	at utils.Reporter.reportStep(Reporter.java:43)
	at wrappers.GenericWrappers.takeSnap(GenericWrappers.java:579)
	at utils.Reporter.reportStep(Reporter.java:20)
	at utils.Reporter.reportStep(Reporter.java:43)
	at wrappers.GenericWrappers.takeSnap(GenericWrappers.java:579)
	at utils.Reporter.reportStep(Reporter.java:20)
	at utils.Reporter.reportStep(Reporter.java:43)
	at wrappers.GenericWrappers.takeSnap(GenericWrappers.java:579)
	at utils.Reporter.reportStep(Reporter.java:20)
	at utils.Reporter.reportStep(Reporter.java:43)
	at wrappers.GenericWrappers.takeSnap(GenericWrappers.java:579)
	at utils.Reporter.reportStep(Reporter.java:20)
	at utils.Reporter.reportStep(Reporter.java:43)
	at wrappers.GenericWrappers.takeSnap(GenericWrappers.java:579)
	at utils.Reporter.reportStep(Reporter.java:20)
	at utils.Reporter.reportStep(Reporter.java:43)
	at wrappers.GenericWrappers.takeSnap(GenericWrappers.java:579)
	at utils.Reporter.reportStep(Reporter.java:20)
	at utils.Reporter.reportStep(Reporter.java:43)
	at wrappers.GenericWrappers.takeSnap(GenericWrappers.java:579)
	at utils.Reporter.reportStep(Reporter.java:20)
	at utils.Reporter.reportStep(Reporter.java:43)
	at wrappers.GenericWrappers.takeSnap(GenericWrappers.java:579)
	at utils.Reporter.reportStep(Reporter.java:20)
	at utils.Reporter.reportStep(Reporter.java:43)
	at wrappers.GenericWrappers.takeSnap(GenericWrappers.java:579)
	at utils.Reporter.reportStep(Reporter.java:20)
	at utils.Reporter.reportStep(Reporter.java:43)
	at wrappers.GenericWrappers.takeSnap(GenericWrappers.java:579)
	at utils.Reporter.reportStep(Reporter.java:20)
	at utils.Reporter.reportStep(Reporter.java:43)
	at wrappers.GenericWrappers.takeSnap(GenericWrappers.java:579)
	at utils.Reporter.reportStep(Reporter.java:20)
	at utils.Reporter.reportStep(Reporter.java:43)
	at wrappers.GenericWrappers.takeSnap(GenericWrappers.java:579)
	at utils.Reporter.reportStep(Reporter.java:20)
	at utils.Reporter.reportStep(Reporter.java:43)
	at wrappers.GenericWrappers.takeSnap(GenericWrappers.java:579)
	at utils.Reporter.reportStep(Reporter.java:20)
	at utils.Reporter.reportStep(Reporter.java:43)
	at wrappers.GenericWrappers.takeSnap(GenericWrappers.java:579)
	at utils.Reporter.reportStep(Reporter.java:20)
	at utils.Reporter.reportStep(Reporter.java:43)
	at wrappers.GenericWrappers.takeSnap(GenericWrappers.java:579)
	at utils.Reporter.reportStep(Reporter.java:20)
	at utils.Reporter.reportStep(Reporter.java:43)
	at wrappers.GenericWrappers.takeSnap(GenericWrappers.java:579)
	at utils.Reporter.reportStep(Reporter.java:20)
	at utils.Reporter.reportStep(Reporter.java:43)
	at wrappers.GenericWrappers.takeSnap(GenericWrappers.java:579)
	at utils.Reporter.reportStep(Reporter.java:20)
	at utils.Reporter.reportStep(Reporter.java:43)
	at wrappers.GenericWrappers.takeSnap(GenericWrappers.java:579)
	at utils.Reporter.reportStep(Reporter.java:20)
	at utils.Reporter.reportStep(Reporter.java:43)
	at wrappers.GenericWrappers.takeSnap(GenericWrappers.java:579)
	at utils.Reporter.reportStep(Reporter.java:20)
	at utils.Reporter.reportStep(Reporter.java:43)
	at wrappers.GenericWrappers.takeSnap(GenericWrappers.java:579)
	at utils.Reporter.reportStep(Reporter.java:20)
	at utils.Reporter.reportStep(Reporter.java:43)
	at wrappers.GenericWrappers.takeSnap(GenericWrappers.java:579)
	at utils.Reporter.reportStep(Reporter.java:20)
	at utils.Reporter.reportStep(Reporter.java:43)
	at wrappers.GenericWrappers.takeSnap(GenericWrappers.java:579)
	at utils.Reporter.reportStep(Reporter.java:20)
	at utils.Reporter.reportStep(Reporter.java:43)
	at wrappers.GenericWrappers.takeSnap(GenericWrappers.java:579)
	at utils.Reporter.reportStep(Reporter.java:20)
	at utils.Reporter.reportStep(Reporter.java:43)
	at wrappers.GenericWrappers.takeSnap(GenericWrappers.java:579)
	at utils.Reporter.reportStep(Reporter.java:20)
	at utils.Reporter.reportStep(Reporter.java:43)
	at wrappers.GenericWrappers.takeSnap(GenericWrappers.java:579)
	at utils.Reporter.reportStep(Reporter.java:20)
	at utils.Reporter.reportStep(Reporter.java:43)
	at wrappers.GenericWrappers.takeSnap(GenericWrappers.java:579)
	at utils.Reporter.reportStep(Reporter.java:20)
	at utils.Reporter.reportStep(Reporter.java:43)
	at wrappers.GenericWrappers.takeSnap(GenericWrappers.java:579)
	at utils.Reporter.reportStep(Reporter.java:20)
	at utils.Reporter.reportStep(Reporter.java:43)
	at wrappers.GenericWrappers.takeSnap(GenericWrappers.java:579)
	at utils.Reporter.reportStep(Reporter.java:20)
	at utils.Reporter.reportStep(Reporter.java:43)
	at wrappers.GenericWrappers.takeSnap(GenericWrappers.java:579)
	at utils.Reporter.reportStep(Reporter.java:20)
	at utils.Reporter.reportStep(Reporter.java:43)
	at wrappers.GenericWrappers.takeSnap(GenericWrappers.java:579)
	at utils.Reporter.reportStep(Reporter.java:20)
	at utils.Reporter.reportStep(Reporter.java:43)
	at wrappers.GenericWrappers.takeSnap(GenericWrappers.java:579)
	at utils.Reporter.reportStep(Reporter.java:20)
	at utils.Reporter.reportStep(Reporter.java:43)
	at wrappers.GenericWrappers.takeSnap(GenericWrappers.java:579)
	at utils.Reporter.reportStep(Reporter.java:20)
	at utils.Reporter.reportStep(Reporter.java:43)
	at wrappers.GenericWrappers.takeSnap(GenericWrappers.java:579)
	at utils.Reporter.reportStep(Reporter.java:20)
	at utils.Reporter.reportStep(Reporter.java:43)
	at wrappers.GenericWrappers.takeSnap(GenericWrappers.java:579)
	at utils.Reporter.reportStep(Reporter.java:20)
	at utils.Reporter.reportStep(Reporter.java:43)
	at wrappers.GenericWrappers.takeSnap(GenericWrappers.java:579)
	at utils.Reporter.reportStep(Reporter.java:20)
	at utils.Reporter.reportStep(Reporter.java:43)
	at wrappers.GenericWrappers.takeSnap(GenericWrappers.java:579)
	at utils.Reporter.reportStep(Reporter.java:20)
	at utils.Reporter.reportStep(Reporter.java:43)
	at wrappers.GenericWrappers.takeSnap(GenericWrappers.java:579)
	at utils.Reporter.reportStep(Reporter.java:20)
	at utils.Reporter.reportStep(Reporter.java:43)
	at wrappers.GenericWrappers.takeSnap(GenericWrappers.java:579)
	at utils.Reporter.reportStep(Reporter.java:20)
	at utils.Reporter.reportStep(Reporter.java:43)
	at wrappers.GenericWrappers.takeSnap(GenericWrappers.java:579)
	at utils.Reporter.reportStep(Reporter.java:20)
	at utils.Reporter.reportStep(Reporter.java:43)
	at wrappers.GenericWrappers.takeSnap(GenericWrappers.java:579)
	at utils.Reporter.reportStep(Reporter.java:20)
	at utils.Reporter.reportStep(Reporter.java:43)
	at wrappers.GenericWrappers.takeSnap(GenericWrappers.java:579)
	at utils.Reporter.reportStep(Reporter.java:20)
	at utils.Reporter.reportStep(Reporter.java:43)
	at wrappers.GenericWrappers.takeSnap(GenericWrappers.java:579)
	at utils.Reporter.reportStep(Reporter.java:20)
	at utils.Reporter.reportStep(Reporter.java:43)
	at wrappers.GenericWrappers.takeSnap(GenericWrappers.java:579)
	at utils.Reporter.reportStep(Reporter.java:20)
	at utils.Reporter.reportStep(Reporter.java:43)
	at wrappers.GenericWrappers.takeSnap(GenericWrappers.java:579)
	at utils.Reporter.reportStep(Reporter.java:20)
	at utils.Reporter.reportStep(Reporter.java:43)
	at wrappers.GenericWrappers.takeSnap(GenericWrappers.java:579)
	at utils.Reporter.reportStep(Reporter.java:20)
	at utils.Reporter.reportStep(Reporter.java:43)
	at wrappers.GenericWrappers.takeSnap(GenericWrappers.java:579)
	at utils.Reporter.reportStep(Reporter.java:20)
	at utils.Reporter.reportStep(Reporter.java:43)
	at wrappers.GenericWrappers.takeSnap(GenericWrappers.java:579)
	at utils.Reporter.reportStep(Reporter.java:20)
	at utils.Reporter.reportStep(Reporter.java:43)
	at wrappers.GenericWrappers.takeSnap(GenericWrappers.java:579)
	at utils.Reporter.reportStep(Reporter.java:20)
	at utils.Reporter.reportStep(Reporter.java:43)
	at wrappers.GenericWrappers.takeSnap(GenericWrappers.java:579)
	at utils.Reporter.reportStep(Reporter.java:20)
	at utils.Reporter.reportStep(Reporter.java:43)
	at wrappers.GenericWrappers.takeSnap(GenericWrappers.java:579)
	at utils.Reporter.reportStep(Reporter.java:20)
	at utils.Reporter.reportStep(Reporter.java:43)
	at wrappers.GenericWrappers.takeSnap(GenericWrappers.java:579)
	at utils.Reporter.reportStep(Reporter.java:20)
	at utils.Reporter.reportStep(Reporter.java:43)
	at wrappers.GenericWrappers.takeSnap(GenericWrappers.java:579)
	at utils.Reporter.reportStep(Reporter.java:20)
	at utils.Reporter.reportStep(Reporter.java:43)
	at wrappers.GenericWrappers.takeSnap(GenericWrappers.java:579)
	at utils.Reporter.reportStep(Reporter.java:20)
	at utils.Reporter.reportStep(Reporter.java:43)
	at wrappers.GenericWrappers.takeSnap(GenericWrappers.java:579)
	at utils.Reporter.reportStep(Reporter.java:20)
	at utils.Reporter.reportStep(Reporter.java:43)
	at wrappers.GenericWrappers.takeSnap(GenericWrappers.java:579)
	at utils.Reporter.reportStep(Reporter.java:20)
	at utils.Reporter.reportStep(Reporter.java:43)
	at wrappers.GenericWrappers.takeSnap(GenericWrappers.java:579)
	at utils.Reporter.reportStep(Reporter.java:20)
	at utils.Reporter.reportStep(Reporter.java:43)
	at wrappers.GenericWrappers.takeSnap(GenericWrappers.java:579)
	at utils.Reporter.reportStep(Reporter.java:20)
	at utils.Reporter.reportStep(Reporter.java:43)
	at wrappers.GenericWrappers.takeSnap(GenericWrappers.java:579)
	at utils.Reporter.reportStep(Reporter.java:20)
	at utils.Reporter.reportStep(Reporter.java:43)
	at wrappers.GenericWrappers.takeSnap(GenericWrappers.java:579)
	at utils.Reporter.reportStep(Reporter.java:20)
	at utils.Reporter.reportStep(Reporter.java:43)
	at wrappers.GenericWrappers.takeSnap(GenericWrappers.java:579)
	at utils.Reporter.reportStep(Reporter.java:20)
	at utils.Reporter.reportStep(Reporter.java:43)
	at wrappers.GenericWrappers.takeSnap(GenericWrappers.java:579)
	at utils.Reporter.reportStep(Reporter.java:20)
	at utils.Reporter.reportStep(Reporter.java:43)
	at wrappers.GenericWrappers.takeSnap(GenericWrappers.java:579)
	at utils.Reporter.reportStep(Reporter.java:20)
	at utils.Reporter.reportStep(Reporter.java:43)
	at wrappers.GenericWrappers.takeSnap(GenericWrappers.java:579)
	at utils.Reporter.reportStep(Reporter.java:20)
	at utils.Reporter.reportStep(Reporter.java:43)
	at wrappers.GenericWrappers.takeSnap(GenericWrappers.java:579)
	at utils.Reporter.reportStep(Reporter.java:20)
	at utils.Reporter.reportStep(Reporter.java:43)
	at wrappers.GenericWrappers.takeSnap(GenericWrappers.java:579)
	at utils.Reporter.reportStep(Reporter.java:20)
	at utils.Reporter.reportStep(Reporter.java:43)
	at wrappers.GenericWrappers.takeSnap(GenericWrappers.java:579)
	at utils.Reporter.reportStep(Reporter.java:20)
	at utils.Reporter.reportStep(Reporter.java:43)
	at wrappers.GenericWrappers.takeSnap(GenericWrappers.java:579)
	at utils.Reporter.reportStep(Reporter.java:20)
	at utils.Reporter.reportStep(Reporter.java:43)
	at wrappers.GenericWrappers.takeSnap(GenericWrappers.java:579)
	at utils.Reporter.reportStep(Reporter.java:20)
	at utils.Reporter.reportStep(Reporter.java:43)
	at wrappers.GenericWrappers.takeSnap(GenericWrappers.java:579)
	at utils.Reporter.reportStep(Reporter.java:20)
	at utils.Reporter.reportStep(Reporter.java:43)
	at wrappers.GenericWrappers.takeSnap(GenericWrappers.java:579)
	at utils.Reporter.reportStep(Reporter.java:20)
	at utils.Reporter.reportStep(Reporter.java:43)
	at wrappers.GenericWrappers.takeSnap(GenericWrappers.java:579)
	at utils.Reporter.reportStep(Reporter.java:20)
	at utils.Reporter.reportStep(Reporter.java:43)
	at wrappers.GenericWrappers.takeSnap(GenericWrappers.java:579)
	at utils.Reporter.reportStep(Reporter.java:20)
	at utils.Reporter.reportStep(Reporter.java:43)
	at wrappers.GenericWrappers.takeSnap(GenericWrappers.java:579)
	at utils.Reporter.reportStep(Reporter.java:20)
	at utils.Reporter.reportStep(Reporter.java:43)
	at wrappers.GenericWrappers.takeSnap(GenericWrappers.java:579)
	at utils.Reporter.reportStep(Reporter.java:20)
	at utils.Reporter.reportStep(Reporter.java:43)
	at wrappers.GenericWrappers.takeSnap(GenericWrappers.java:579)
	at utils.Reporter.reportStep(Reporter.java:20)
	at utils.Reporter.reportStep(Reporter.java:43)
	at wrappers.GenericWrappers.takeSnap(GenericWrappers.java:579)
	at utils.Reporter.reportStep(Reporter.java:20)
	at utils.Reporter.reportStep(Reporter.java:43)
	at wrappers.GenericWrappers.takeSnap(GenericWrappers.java:579)
	at utils.Reporter.reportStep(Reporter.java:20)
	at utils.Reporter.reportStep(Reporter.java:43)
	at wrappers.GenericWrappers.takeSnap(GenericWrappers.java:579)
	at utils.Reporter.reportStep(Reporter.java:20)
	at utils.Reporter.reportStep(Reporter.java:43)
	at wrappers.GenericWrappers.takeSnap(GenericWrappers.java:579)
	at utils.Reporter.reportStep(Reporter.java:20)
	at utils.Reporter.reportStep(Reporter.java:43)
	at wrappers.GenericWrappers.takeSnap(GenericWrappers.java:579)
	at utils.Reporter.reportStep(Reporter.java:20)
	at utils.Reporter.reportStep(Reporter.java:43)
	at wrappers.GenericWrappers.takeSnap(GenericWrappers.java:579)
	at utils.Reporter.reportStep(Reporter.java:20)
	at utils.Reporter.reportStep(Reporter.java:43)
	at wrappers.GenericWrappers.takeSnap(GenericWrappers.java:579)
	at utils.Reporter.reportStep(Reporter.java:20)
	at utils.Reporter.reportStep(Reporter.java:43)
	at wrappers.GenericWrappers.takeSnap(GenericWrappers.java:579)
	at utils.Reporter.reportStep(Reporter.java:20)
	at utils.Reporter.reportStep(Reporter.java:43)
	at wrappers.GenericWrappers.takeSnap(GenericWrappers.java:579)
	at utils.Reporter.reportStep(Reporter.java:20)
	at utils.Reporter.reportStep(Reporter.java:43)
	at wrappers.GenericWrappers.takeSnap(GenericWrappers.java:579)
	at utils.Reporter.reportStep(Reporter.java:20)
	at utils.Reporter.reportStep(Reporter.java:43)
	at wrappers.GenericWrappers.takeSnap(GenericWrappers.java:579)
	at utils.Reporter.reportStep(Reporter.java:20)
	at utils.Reporter.reportStep(Reporter.java:43)
	at wrappers.GenericWrappers.takeSnap(GenericWrappers.java:579)
	at utils.Reporter.reportStep(Reporter.java:20)
	at utils.Reporter.reportStep(Reporter.java:43)
	at wrappers.GenericWrappers.takeSnap(GenericWrappers.java:579)
	at utils.Reporter.reportStep(Reporter.java:20)
	at utils.Reporter.reportStep(Reporter.java:43)
	at wrappers.GenericWrappers.takeSnap(GenericWrappers.java:579)
	at utils.Reporter.reportStep(Reporter.java:20)
	at utils.Reporter.reportStep(Reporter.java:43)
	at wrappers.GenericWrappers.takeSnap(GenericWrappers.java:579)
	at utils.Reporter.reportStep(Reporter.java:20)
	at utils.Reporter.reportStep(Reporter.java:43)
	at wrappers.GenericWrappers.takeSnap(GenericWrappers.java:579)
	at utils.Reporter.reportStep(Reporter.java:20)
	at utils.Reporter.reportStep(Reporter.java:43)
	at wrappers.GenericWrappers.takeSnap(GenericWrappers.java:579)
	at utils.Reporter.reportStep(Reporter.java:20)
	at utils.Reporter.reportStep(Reporter.java:43)
	at wrappers.GenericWrappers.takeSnap(GenericWrappers.java:579)
	at utils.Reporter.reportStep(Reporter.java:20)
	at utils.Reporter.reportStep(Reporter.java:43)
	at wrappers.GenericWrappers.takeSnap(GenericWrappers.java:579)
	at utils.Reporter.reportStep(Reporter.java:20)
	at utils.Reporter.reportStep(Reporter.java:43)
	at wrappers.GenericWrappers.takeSnap(GenericWrappers.java:579)
	at utils.Reporter.reportStep(Reporter.java:20)
	at utils.Reporter.reportStep(Reporter.java:43)
	at wrappers.GenericWrappers.takeSnap(GenericWrappers.java:579)
	at utils.Reporter.reportStep(Reporter.java:20)
	at utils.Reporter.reportStep(Reporter.java:43)
	at wrappers.GenericWrappers.takeSnap(GenericWrappers.java:579)
	at utils.Reporter.reportStep(Reporter.java:20)
	at utils.Reporter.reportStep(Reporter.java:43)
	at wrappers.GenericWrappers.takeSnap(GenericWrappers.java:579)
	at utils.Reporter.reportStep(Reporter.java:20)
	at utils.Reporter.reportStep(Reporter.java:43)
	at wrappers.GenericWrappers.takeSnap(GenericWrappers.java:579)
	at utils.Reporter.reportStep(Reporter.java:20)
	at utils.Reporter.reportStep(Reporter.java:43)
	at wrappers.GenericWrappers.takeSnap(GenericWrappers.java:579)
	at utils.Reporter.reportStep(Reporter.java:20)
	at utils.Reporter.reportStep(Reporter.java:43)
	at wrappers.GenericWrappers.takeSnap(GenericWrappers.java:579)
	at utils.Reporter.reportStep(Reporter.java:20)
	at utils.Reporter.reportStep(Reporter.java:43)
	at wrappers.GenericWrappers.takeSnap(GenericWrappers.java:579)
	at utils.Reporter.reportStep(Reporter.java:20)
	at utils.Reporter.reportStep(Reporter.java:43)
	at wrappers.GenericWrappers.takeSnap(GenericWrappers.java:579)
	at utils.Reporter.reportStep(Reporter.java:20)
	at utils.Reporter.reportStep(Reporter.java:43)
	at wrappers.GenericWrappers.takeSnap(GenericWrappers.java:579)
	at utils.Reporter.reportStep(Reporter.java:20)
	at utils.Reporter.reportStep(Reporter.java:43)
	at wrappers.GenericWrappers.takeSnap(GenericWrappers.java:579)
	at utils.Reporter.reportStep(Reporter.java:20)
	at utils.Reporter.reportStep(Reporter.java:43)
	at wrappers.GenericWrappers.takeSnap(GenericWrappers.java:579)
	at utils.Reporter.reportStep(Reporter.java:20)
	at utils.Reporter.reportStep(Reporter.java:43)
	at wrappers.GenericWrappers.takeSnap(GenericWrappers.java:579)
	at utils.Reporter.reportStep(Reporter.java:20)
	at utils.Reporter.reportStep(Reporter.java:43)
	at wrappers.GenericWrappers.takeSnap(GenericWrappers.java:579)
	at utils.Reporter.reportStep(Reporter.java:20)
	at utils.Reporter.reportStep(Reporter.java:43)
	at wrappers.GenericWrappers.takeSnap(GenericWrappers.java:579)
	at utils.Reporter.reportStep(Reporter.java:20)
	at utils.Reporter.reportStep(Reporter.java:43)
	at wrappers.GenericWrappers.takeSnap(GenericWrappers.java:579)
	at utils.Reporter.reportStep(Reporter.java:20)
	at utils.Reporter.reportStep(Reporter.java:43)
	at wrappers.GenericWrappers.takeSnap(GenericWrappers.java:579)
	at utils.Reporter.reportStep(Reporter.java:20)
	at utils.Reporter.reportStep(Reporter.java:43)
	at wrappers.GenericWrappers.takeSnap(GenericWrappers.java:579)
	at utils.Reporter.reportStep(Reporter.java:20)
	at utils.Reporter.reportStep(Reporter.java:43)
	at wrappers.GenericWrappers.takeSnap(GenericWrappers.java:579)
	at utils.Reporter.reportStep(Reporter.java:20)
	at utils.Reporter.reportStep(Reporter.java:43)
	at wrappers.GenericWrappers.takeSnap(GenericWrappers.java:579)
	at utils.Reporter.reportStep(Reporter.java:20)
	at utils.Reporter.reportStep(Reporter.java:43)
	at wrappers.GenericWrappers.takeSnap(GenericWrappers.java:579)
	at utils.Reporter.reportStep(Reporter.java:20)
	at utils.Reporter.reportStep(Reporter.java:43)
	at wrappers.GenericWrappers.takeSnap(GenericWrappers.java:579)
	at utils.Reporter.reportStep(Reporter.java:20)
	at utils.Reporter.reportStep(Reporter.java:43)
	at wrappers.GenericWrappers.takeSnap(GenericWrappers.java:579)
	at utils.Reporter.reportStep(Reporter.java:20)
	at utils.Reporter.reportStep(Reporter.java:43)
	at wrappers.GenericWrappers.takeSnap(GenericWrappers.java:579)
	at utils.Reporter.reportStep(Reporter.java:20)
	at utils.Reporter.reportStep(Reporter.java:43)
	at wrappers.GenericWrappers.takeSnap(GenericWrappers.java:579)
	at utils.Reporter.reportStep(Reporter.java:20)
	at utils.Reporter.reportStep(Reporter.java:43)
	at wrappers.GenericWrappers.takeSnap(GenericWrappers.java:579)
	at utils.Reporter.reportStep(Reporter.java:20)
	at utils.Reporter.reportStep(Reporter.java:43)
	at wrappers.GenericWrappers.takeSnap(GenericWrappers.java:579)
	at utils.Reporter.reportStep(Reporter.java:20)
	at utils.Reporter.reportStep(Reporter.java:43)
	at wrappers.GenericWrappers.takeSnap(GenericWrappers.java:579)
	at utils.Reporter.reportStep(Reporter.java:20)
	at utils.Reporter.reportStep(Reporter.java:43)
	at wrappers.GenericWrappers.takeSnap(GenericWrappers.java:579)
	at utils.Reporter.reportStep(Reporter.java:20)
	at utils.Reporter.reportStep(Reporter.java:43)
	at wrappers.GenericWrappers.takeSnap(GenericWrappers.java:579)
	at utils.Reporter.reportStep(Reporter.java:20)
	at utils.Reporter.reportStep(Reporter.java:43)
	at wrappers.GenericWrappers.takeSnap(GenericWrappers.java:579)
	at utils.Reporter.reportStep(Reporter.java:20)
	at utils.Reporter.reportStep(Reporter.java:43)
	at wrappers.GenericWrappers.takeSnap(GenericWrappers.java:579)
	at utils.Reporter.reportStep(Reporter.java:20)
	at utils.Reporter.reportStep(Reporter.java:43)
	at wrappers.GenericWrappers.takeSnap(GenericWrappers.java:579)
	at utils.Reporter.reportStep(Reporter.java:20)
	at utils.Reporter.reportStep(Reporter.java:43)
	at wrappers.GenericWrappers.takeSnap(GenericWrappers.java:579)
	at utils.Reporter.reportStep(Reporter.java:20)
	at utils.Reporter.reportStep(Reporter.java:43)
	at wrappers.GenericWrappers.takeSnap(GenericWrappers.java:579)
	at utils.Reporter.reportStep(Reporter.java:20)
	at utils.Reporter.reportStep(Reporter.java:43)
	at wrappers.GenericWrappers.takeSnap(GenericWrappers.java:579)
	at utils.Reporter.reportStep(Reporter.java:20)
	at utils.Reporter.reportStep(Reporter.java:43)
	at wrappers.GenericWrappers.takeSnap(GenericWrappers.java:579)
	at utils.Reporter.reportStep(Reporter.java:20)
	at utils.Reporter.reportStep(Reporter.java:43)
	at wrappers.GenericWrappers.takeSnap(GenericWrappers.java:579)
	at utils.Reporter.reportStep(Reporter.java:20)
	at utils.Reporter.reportStep(Reporter.java:43)
	at wrappers.GenericWrappers.takeSnap(GenericWrappers.java:579)
	at utils.Reporter.reportStep(Reporter.java:20)
	at utils.Reporter.reportStep(Reporter.java:43)
	at wrappers.GenericWrappers.takeSnap(GenericWrappers.java:579)
	at utils.Reporter.reportStep(Reporter.java:20)
	at utils.Reporter.reportStep(Reporter.java:43)
	at wrappers.GenericWrappers.takeSnap(GenericWrappers.java:579)
	at utils.Reporter.reportStep(Reporter.java:20)
	at utils.Reporter.reportStep(Reporter.java:43)
	at wrappers.GenericWrappers.takeSnap(GenericWrappers.java:579)
	at utils.Reporter.reportStep(Reporter.java:20)
	at utils.Reporter.reportStep(Reporter.java:43)
	at wrappers.GenericWrappers.takeSnap(GenericWrappers.java:579)
	at utils.Reporter.reportStep(Reporter.java:20)
	at utils.Reporter.reportStep(Reporter.java:43)
	at wrappers.GenericWrappers.takeSnap(GenericWrappers.java:579)
	at utils.Reporter.reportStep(Reporter.java:20)
	at utils.Reporter.reportStep(Reporter.java:43)
	at wrappers.GenericWrappers.takeSnap(GenericWrappers.java:579)
	at utils.Reporter.reportStep(Reporter.java:20)
	at utils.Reporter.reportStep(Reporter.java:43)
	at wrappers.GenericWrappers.takeSnap(GenericWrappers.java:579)
	at utils.Reporter.reportStep(Reporter.java:20)
	at utils.Reporter.reportStep(Reporter.java:43)
	at wrappers.GenericWrappers.takeSnap(GenericWrappers.java:579)
	at utils.Reporter.reportStep(Reporter.java:20)
	at utils.Reporter.reportStep(Reporter.java:43)
	at wrappers.GenericWrappers.takeSnap(GenericWrappers.java:579)
	at utils.Reporter.reportStep(Reporter.java:20)
	at utils.Reporter.reportStep(Reporter.java:43)
	at wrappers.GenericWrappers.takeSnap(GenericWrappers.java:579)
	at utils.Reporter.reportStep(Reporter.java:20)
	at utils.Reporter.reportStep(Reporter.java:43)
	at wrappers.GenericWrappers.takeSnap(GenericWrappers.java:579)
	at utils.Reporter.reportStep(Reporter.java:20)
	at utils.Reporter.reportStep(Reporter.java:43)
	at wrappers.GenericWrappers.takeSnap(GenericWrappers.java:579)
	at utils.Reporter.reportStep(Reporter.java:20)
	at utils.Reporter.reportStep(Reporter.java:43)
	at wrappers.GenericWrappers.takeSnap(GenericWrappers.java:579)
	at utils.Reporter.reportStep(Reporter.java:20)
	at utils.Reporter.reportStep(Reporter.java:43)
	at wrappers.GenericWrappers.takeSnap(GenericWrappers.java:579)
	at utils.Reporter.reportStep(Reporter.java:20)
	at utils.Reporter.reportStep(Reporter.java:43)
	at wrappers.GenericWrappers.takeSnap(GenericWrappers.java:579)
	at utils.Reporter.reportStep(Reporter.java:20)
	at utils.Reporter.reportStep(Reporter.java:43)
	at wrappers.GenericWrappers.takeSnap(GenericWrappers.java:579)
	at utils.Reporter.reportStep(Reporter.java:20)
	at utils.Reporter.reportStep(Reporter.java:43)
	at wrappers.GenericWrappers.takeSnap(GenericWrappers.java:579)
	at utils.Reporter.reportStep(Reporter.java:20)
	at utils.Reporter.reportStep(Reporter.java:43)
	at wrappers.GenericWrappers.takeSnap(GenericWrappers.java:579)
	at utils.Reporter.reportStep(Reporter.java:20)
	at utils.Reporter.reportStep(Reporter.java:43)
	at wrappers.GenericWrappers.takeSnap(GenericWrappers.java:579)
	at utils.Reporter.reportStep(Reporter.java:20)
	at utils.Reporter.reportStep(Reporter.java:43)
	at wrappers.GenericWrappers.takeSnap(GenericWrappers.java:579)
	at utils.Reporter.reportStep(Reporter.java:20)
	at utils.Reporter.reportStep(Reporter.java:43)
	at wrappers.GenericWrappers.takeSnap(GenericWrappers.java:579)
	at utils.Reporter.reportStep(Reporter.java:20)
	at utils.Reporter.reportStep(Reporter.java:43)
	at wrappers.GenericWrappers.takeSnap(GenericWrappers.java:579)
	at utils.Reporter.reportStep(Reporter.java:20)
	at utils.Reporter.reportStep(Reporter.java:43)
	at wrappers.GenericWrappers.takeSnap(GenericWrappers.java:579)
	at utils.Reporter.reportStep(Reporter.java:20)
	at utils.Reporter.reportStep(Reporter.java:43)
	at wrappers.GenericWrappers.takeSnap(GenericWrappers.java:579)
	at utils.Reporter.reportStep(Reporter.java:20)
	at utils.Reporter.reportStep(Reporter.java:43)
	at wrappers.GenericWrappers.takeSnap(GenericWrappers.java:579)
	at utils.Reporter.reportStep(Reporter.java:20)
	at utils.Reporter.reportStep(Reporter.java:43)
	at wrappers.GenericWrappers.takeSnap(GenericWrappers.java:579)
	at utils.Reporter.reportStep(Reporter.java:20)
	at utils.Reporter.reportStep(Reporter.java:43)
	at wrappers.GenericWrappers.takeSnap(GenericWrappers.java:579)
	at utils.Reporter.reportStep(Reporter.java:20)
	at utils.Reporter.reportStep(Reporter.java:43)
	at wrappers.GenericWrappers.takeSnap(GenericWrappers.java:579)
	at utils.Reporter.reportStep(Reporter.java:20)
	at utils.Reporter.reportStep(Reporter.java:43)
	at wrappers.GenericWrappers.takeSnap(GenericWrappers.java:579)
	at utils.Reporter.reportStep(Reporter.java:20)
	at utils.Reporter.reportStep(Reporter.java:43)
	at wrappers.GenericWrappers.takeSnap(GenericWrappers.java:579)
	at utils.Reporter.reportStep(Reporter.java:20)
	at utils.Reporter.reportStep(Reporter.java:43)
	at wrappers.GenericWrappers.takeSnap(GenericWrappers.java:579)
	at utils.Reporter.reportStep(Reporter.java:20)
	at utils.Reporter.reportStep(Reporter.java:43)
	at wrappers.GenericWrappers.takeSnap(GenericWrappers.java:579)
	at utils.Reporter.reportStep(Reporter.java:20)
	at utils.Reporter.reportStep(Reporter.java:43)
	at wrappers.GenericWrappers.takeSnap(GenericWrappers.java:579)
	at utils.Reporter.reportStep(Reporter.java:20)
	at utils.Reporter.reportStep(Reporter.java:43)
	at wrappers.GenericWrappers.takeSnap(GenericWrappers.java:579)
	at utils.Reporter.reportStep(Reporter.java:20)
	at utils.Reporter.reportStep(Reporter.java:43)
	at wrappers.GenericWrappers.takeSnap(GenericWrappers.java:579)
	at utils.Reporter.reportStep(Reporter.java:20)
	at utils.Reporter.reportStep(Reporter.java:43)
	at wrappers.GenericWrappers.takeSnap(GenericWrappers.java:579)
	at utils.Reporter.reportStep(Reporter.java:20)
	at utils.Reporter.reportStep(Reporter.java:43)
	at wrappers.GenericWrappers.takeSnap(GenericWrappers.java:579)
	at utils.Reporter.reportStep(Reporter.java:20)
	at utils.Reporter.reportStep(Reporter.java:43)
	at wrappers.GenericWrappers.takeSnap(GenericWrappers.java:579)
	at utils.Reporter.reportStep(Reporter.java:20)
	at utils.Reporter.reportStep(Reporter.java:43)
	at wrappers.GenericWrappers.takeSnap(GenericWrappers.java:579)
	at utils.Reporter.reportStep(Reporter.java:20)
	at utils.Reporter.reportStep(Reporter.java:43)
	at wrappers.GenericWrappers.takeSnap(GenericWrappers.java:579)
	at utils.Reporter.reportStep(Reporter.java:20)
	at utils.Reporter.reportStep(Reporter.java:43)
	at wrappers.GenericWrappers.takeSnap(GenericWrappers.java:579)
	at utils.Reporter.reportStep(Reporter.java:20)
	at utils.Reporter.reportStep(Reporter.java:43)
	at wrappers.GenericWrappers.takeSnap(GenericWrappers.java:579)
	at utils.Reporter.reportStep(Reporter.java:20)
	at utils.Reporter.reportStep(Reporter.java:43)
	at wrappers.GenericWrappers.takeSnap(GenericWrappers.java:579)
	at utils.Reporter.reportStep(Reporter.java:20)
	at utils.Reporter.reportStep(Reporter.java:43)
	at wrappers.GenericWrappers.takeSnap(GenericWrappers.java:579)
	at utils.Reporter.reportStep(Reporter.java:20)
	at utils.Reporter.reportStep(Reporter.java:43)
	at wrappers.GenericWrappers.takeSnap(GenericWrappers.java:579)
	at utils.Reporter.reportStep(Reporter.java:20)
	at utils.Reporter.reportStep(Reporter.java:43)
	at wrappers.GenericWrappers.takeSnap(GenericWrappers.java:579)
	at utils.Reporter.reportStep(Reporter.java:20)
	at utils.Reporter.reportStep(Reporter.java:43)
	at wrappers.GenericWrappers.takeSnap(GenericWrappers.java:579)
	at utils.Reporter.reportStep(Reporter.java:20)
	at utils.Reporter.reportStep(Reporter.java:43)
	at wrappers.GenericWrappers.takeSnap(GenericWrappers.java:579)
	at utils.Reporter.reportStep(Reporter.java:20)
	at utils.Reporter.reportStep(Reporter.java:43)
	at wrappers.GenericWrappers.takeSnap(GenericWrappers.java:579)
	at utils.Reporter.reportStep(Reporter.java:20)
	at utils.Reporter.reportStep(Reporter.java:43)
	at wrappers.GenericWrappers.takeSnap(GenericWrappers.java:579)
	at utils.Reporter.reportStep(Reporter.java:20)
	at utils.Reporter.reportStep(Reporter.java:43)
	at wrappers.GenericWrappers.takeSnap(GenericWrappers.java:579)
	at utils.Reporter.reportStep(Reporter.java:20)
	at utils.Reporter.reportStep(Reporter.java:43)
	at wrappers.GenericWrappers.takeSnap(GenericWrappers.java:579)
	at utils.Reporter.reportStep(Reporter.java:20)
	at utils.Reporter.reportStep(Reporter.java:43)
	at wrappers.GenericWrappers.takeSnap(GenericWrappers.java:579)
	at utils.Reporter.reportStep(Reporter.java:20)
	at utils.Reporter.reportStep(Reporter.java:43)
	at wrappers.GenericWrappers.takeSnap(GenericWrappers.java:579)
	at utils.Reporter.reportStep(Reporter.java:20)
	at utils.Reporter.reportStep(Reporter.java:43)
	at wrappers.GenericWrappers.takeSnap(GenericWrappers.java:579)
	at utils.Reporter.reportStep(Reporter.java:20)
	at utils.Reporter.reportStep(Reporter.java:43)
	at wrappers.GenericWrappers.takeSnap(GenericWrappers.java:579)
	at utils.Reporter.reportStep(Reporter.java:20)
	at utils.Reporter.reportStep(Reporter.java:43)
	at wrappers.GenericWrappers.takeSnap(GenericWrappers.java:579)
	at utils.Reporter.reportStep(Reporter.java:20)
	at utils.Reporter.reportStep(Reporter.java:43)
	at wrappers.GenericWrappers.takeSnap(GenericWrappers.java:579)
	at utils.Reporter.reportStep(Reporter.java:20)
	at utils.Reporter.reportStep(Reporter.java:43)
	at wrappers.GenericWrappers.takeSnap(GenericWrappers.java:579)
	at utils.Reporter.reportStep(Reporter.java:20)
	at utils.Reporter.reportStep(Reporter.java:43)
	at wrappers.GenericWrappers.takeSnap(GenericWrappers.java:579)
	at utils.Reporter.reportStep(Reporter.java:20)
	at utils.Reporter.reportStep(Reporter.java:43)
	at wrappers.GenericWrappers.takeSnap(GenericWrappers.java:579)
	at utils.Reporter.reportStep(Reporter.java:20)
	at utils.Reporter.reportStep(Reporter.java:43)
	at wrappers.GenericWrappers.takeSnap(GenericWrappers.java:579)
	at utils.Reporter.reportStep(Reporter.java:20)
	at utils.Reporter.reportStep(Reporter.java:43)
	at wrappers.GenericWrappers.takeSnap(GenericWrappers.java:579)
	at utils.Reporter.reportStep(Reporter.java:20)
	at utils.Reporter.reportStep(Reporter.java:43)
	at wrappers.GenericWrappers.takeSnap(GenericWrappers.java:579)
	at utils.Reporter.reportStep(Reporter.java:20)
	at utils.Reporter.reportStep(Reporter.java:43)
	at wrappers.GenericWrappers.takeSnap(GenericWrappers.java:579)
	at utils.Reporter.reportStep(Reporter.java:20)
	at utils.Reporter.reportStep(Reporter.java:43)
	at wrappers.GenericWrappers.takeSnap(GenericWrappers.java:579)
	at utils.Reporter.reportStep(Reporter.java:20)
	at utils.Reporter.reportStep(Reporter.java:43)
	at wrappers.GenericWrappers.takeSnap(GenericWrappers.java:579)
	at utils.Reporter.reportStep(Reporter.java:20)
	at utils.Reporter.reportStep(Reporter.java:43)
	at wrappers.GenericWrappers.takeSnap(GenericWrappers.java:579)
	at utils.Reporter.reportStep(Reporter.java:20)
	at utils.Reporter.reportStep(Reporter.java:43)
	at wrappers.GenericWrappers.takeSnap(GenericWrappers.java:579)
	at utils.Reporter.reportStep(Reporter.java:20)
	at utils.Reporter.reportStep(Reporter.java:43)
	at wrappers.GenericWrappers.takeSnap(GenericWrappers.java:579)
	at utils.Reporter.reportStep(Reporter.java:20)
	at utils.Reporter.reportStep(Reporter.java:43)
	at wrappers.GenericWrappers.takeSnap(GenericWrappers.java:579)
	at utils.Reporter.reportStep(Reporter.java:20)
	at utils.Reporter.reportStep(Reporter.java:43)
	at wrappers.GenericWrappers.takeSnap(GenericWrappers.java:579)
	at utils.Reporter.reportStep(Reporter.java:20)
	at utils.Reporter.reportStep(Reporter.java:43)
	at wrappers.GenericWrappers.takeSnap(GenericWrappers.java:579)
	at utils.Reporter.reportStep(Reporter.java:20)
	at utils.Reporter.reportStep(Reporter.java:43)
	at wrappers.GenericWrappers.takeSnap(GenericWrappers.java:579)
	at utils.Reporter.reportStep(Reporter.java:20)
	at utils.Reporter.reportStep(Reporter.java:43)
	at wrappers.GenericWrappers.takeSnap(GenericWrappers.java:579)
	at utils.Reporter.reportStep(Reporter.java:20)
	at utils.Reporter.reportStep(Reporter.java:43)
	at wrappers.GenericWrappers.takeSnap(GenericWrappers.java:579)
	at utils.Reporter.reportStep(Reporter.java:20)
	at utils.Reporter.reportStep(Reporter.java:43)
	at wrappers.GenericWrappers.takeSnap(GenericWrappers.java:579)
	at utils.Reporter.reportStep(Reporter.java:20)
	at utils.Reporter.reportStep(Reporter.java:43)
	at wrappers.GenericWrappers.takeSnap(GenericWrappers.java:579)
	at utils.Reporter.reportStep(Reporter.java:20)
	at utils.Reporter.reportStep(Reporter.java:43)
	at wrappers.GenericWrappers.takeSnap(GenericWrappers.java:579)
	at utils.Reporter.reportStep(Reporter.java:20)
	at utils.Reporter.reportStep(Reporter.java:43)
	at wrappers.GenericWrappers.takeSnap(GenericWrappers.java:579)
	at utils.Reporter.reportStep(Reporter.java:20)
	at utils.Reporter.reportStep(Reporter.java:43)
	at wrappers.GenericWrappers.takeSnap(GenericWrappers.java:579)
	at utils.Reporter.reportStep(Reporter.java:20)
	at utils.Reporter.reportStep(Reporter.java:43)
	at wrappers.GenericWrappers.takeSnap(GenericWrappers.java:579)
	at utils.Reporter.reportStep(Reporter.java:20)
	at utils.Reporter.reportStep(Reporter.java:43)
	at wrappers.GenericWrappers.takeSnap(GenericWrappers.java:579)
	at utils.Reporter.reportStep(Reporter.java:20)
	at utils.Reporter.reportStep(Reporter.java:43)
	at wrappers.GenericWrappers.takeSnap(GenericWrappers.java:579)
	at utils.Reporter.reportStep(Reporter.java:20)
	at utils.Reporter.reportStep(Reporter.java:43)
	at wrappers.GenericWrappers.takeSnap(GenericWrappers.java:579)
	at utils.Reporter.reportStep(Reporter.java:20)
	at utils.Reporter.reportStep(Reporter.java:43)
	at wrappers.GenericWrappers.takeSnap(GenericWrappers.java:579)
	at utils.Reporter.reportStep(Reporter.java:20)
	at utils.Reporter.reportStep(Reporter.java:43)
	at wrappers.GenericWrappers.takeSnap(GenericWrappers.java:579)
	at utils.Reporter.reportStep(Reporter.java:20)
	at utils.Reporter.reportStep(Reporter.java:43)
	at wrappers.GenericWrappers.takeSnap(GenericWrappers.java:579)
	at utils.Reporter.reportStep(Reporter.java:20)
	at utils.Reporter.reportStep(Reporter.java:43)
	at wrappers.GenericWrappers.takeSnap(GenericWrappers.java:579)
	at utils.Reporter.reportStep(Reporter.java:20)
	at utils.Reporter.reportStep(Reporter.java:43)
	at wrappers.GenericWrappers.takeSnap(GenericWrappers.java:579)
	at utils.Reporter.reportStep(Reporter.java:20)
	at utils.Reporter.reportStep(Reporter.java:43)
	at wrappers.GenericWrappers.takeSnap(GenericWrappers.java:579)
	at utils.Reporter.reportStep(Reporter.java:20)
	at utils.Reporter.reportStep(Reporter.java:43)
	at wrappers.GenericWrappers.takeSnap(GenericWrappers.java:579)
	at utils.Reporter.reportStep(Reporter.java:20)
	at utils.Reporter.reportStep(Reporter.java:43)
	at wrappers.GenericWrappers.takeSnap(GenericWrappers.java:579)
	at utils.Reporter.reportStep(Reporter.java:20)
	at utils.Reporter.reportStep(Reporter.java:43)
	at wrappers.GenericWrappers.takeSnap(GenericWrappers.java:579)
	at utils.Reporter.reportStep(Reporter.java:20)
	at utils.Reporter.reportStep(Reporter.java:43)
	at wrappers.GenericWrappers.takeSnap(GenericWrappers.java:579)
	at utils.Reporter.reportStep(Reporter.java:20)
	at utils.Reporter.reportStep(Reporter.java:43)
	at wrappers.GenericWrappers.takeSnap(GenericWrappers.java:579)
	at utils.Reporter.reportStep(Reporter.java:20)
	at utils.Reporter.reportStep(Reporter.java:43)
	at wrappers.GenericWrappers.takeSnap(GenericWrappers.java:579)
	at utils.Reporter.reportStep(Reporter.java:20)
	at utils.Reporter.reportStep(Reporter.java:43)
	at wrappers.GenericWrappers.takeSnap(GenericWrappers.java:579)
	at utils.Reporter.reportStep(Reporter.java:20)
	at utils.Reporter.reportStep(Reporter.java:43)
]]>
            </full-stacktrace>
          </exception> <!-- java.lang.StackOverflowError -->
          <reporter-output>
          </reporter-output>
        </test-method> <!-- beforeMethod -->
        <test-method status="SKIP" signature="loginLogOut(java.lang.String, java.lang.String, java.lang.String)[pri:0, instance:testcases.TC001_Login@1a485d2]" name="loginLogOut" duration-ms="0" started-at="2019-10-27T14:55:26Z" data-provider="fetchData" finished-at="2019-10-27T14:55:26Z">
          <exception class="java.lang.StackOverflowError">
            <full-stacktrace>
              <![CDATA[java.lang.StackOverflowError
	at java.security.AccessController.doPrivileged(Native Method)
	at java.net.URLClassLoader.findClass(URLClassLoader.java:362)
	at java.lang.ClassLoader.loadClass(ClassLoader.java:424)
	at java.lang.ClassLoader.loadClass(ClassLoader.java:411)
	at sun.misc.Launcher$AppClassLoader.loadClass(Launcher.java:349)
	at java.lang.ClassLoader.loadClass(ClassLoader.java:357)
	at org.openqa.selenium.remote.service.DriverCommandExecutor.execute(DriverCommandExecutor.java:84)
	at org.openqa.selenium.remote.RemoteWebDriver.execute(RemoteWebDriver.java:637)
	at org.openqa.selenium.remote.RemoteWebDriver.execute(RemoteWebDriver.java:694)
	at org.openqa.selenium.remote.RemoteWebDriver.getScreenshotAs(RemoteWebDriver.java:382)
	at wrappers.GenericWrappers.takeSnap(GenericWrappers.java:577)
	at utils.Reporter.reportStep(Reporter.java:20)
	at utils.Reporter.reportStep(Reporter.java:43)
	at wrappers.GenericWrappers.takeSnap(GenericWrappers.java:579)
	at utils.Reporter.reportStep(Reporter.java:20)
	at utils.Reporter.reportStep(Reporter.java:43)
	at wrappers.GenericWrappers.takeSnap(GenericWrappers.java:579)
	at utils.Reporter.reportStep(Reporter.java:20)
	at utils.Reporter.reportStep(Reporter.java:43)
	at wrappers.GenericWrappers.takeSnap(GenericWrappers.java:579)
	at utils.Reporter.reportStep(Reporter.java:20)
	at utils.Reporter.reportStep(Reporter.java:43)
	at wrappers.GenericWrappers.takeSnap(GenericWrappers.java:579)
	at utils.Reporter.reportStep(Reporter.java:20)
	at utils.Reporter.reportStep(Reporter.java:43)
	at wrappers.GenericWrappers.takeSnap(GenericWrappers.java:579)
	at utils.Reporter.reportStep(Reporter.java:20)
	at utils.Reporter.reportStep(Reporter.java:43)
	at wrappers.GenericWrappers.takeSnap(GenericWrappers.java:579)
	at utils.Reporter.reportStep(Reporter.java:20)
	at utils.Reporter.reportStep(Reporter.java:43)
	at wrappers.GenericWrappers.takeSnap(GenericWrappers.java:579)
	at utils.Reporter.reportStep(Reporter.java:20)
	at utils.Reporter.reportStep(Reporter.java:43)
	at wrappers.GenericWrappers.takeSnap(GenericWrappers.java:579)
	at utils.Reporter.reportStep(Reporter.java:20)
	at utils.Reporter.reportStep(Reporter.java:43)
	at wrappers.GenericWrappers.takeSnap(GenericWrappers.java:579)
	at utils.Reporter.reportStep(Reporter.java:20)
	at utils.Reporter.reportStep(Reporter.java:43)
	at wrappers.GenericWrappers.takeSnap(GenericWrappers.java:579)
	at utils.Reporter.reportStep(Reporter.java:20)
	at utils.Reporter.reportStep(Reporter.java:43)
	at wrappers.GenericWrappers.takeSnap(GenericWrappers.java:579)
	at utils.Reporter.reportStep(Reporter.java:20)
	at utils.Reporter.reportStep(Reporter.java:43)
	at wrappers.GenericWrappers.takeSnap(GenericWrappers.java:579)
	at utils.Reporter.reportStep(Reporter.java:20)
	at utils.Reporter.reportStep(Reporter.java:43)
	at wrappers.GenericWrappers.takeSnap(GenericWrappers.java:579)
	at utils.Reporter.reportStep(Reporter.java:20)
	at utils.Reporter.reportStep(Reporter.java:43)
	at wrappers.GenericWrappers.takeSnap(GenericWrappers.java:579)
	at utils.Reporter.reportStep(Reporter.java:20)
	at utils.Reporter.reportStep(Reporter.java:43)
	at wrappers.GenericWrappers.takeSnap(GenericWrappers.java:579)
	at utils.Reporter.reportStep(Reporter.java:20)
	at utils.Reporter.reportStep(Reporter.java:43)
	at wrappers.GenericWrappers.takeSnap(GenericWrappers.java:579)
	at utils.Reporter.reportStep(Reporter.java:20)
	at utils.Reporter.reportStep(Reporter.java:43)
	at wrappers.GenericWrappers.takeSnap(GenericWrappers.java:579)
	at utils.Reporter.reportStep(Reporter.java:20)
	at utils.Reporter.reportStep(Reporter.java:43)
	at wrappers.GenericWrappers.takeSnap(GenericWrappers.java:579)
	at utils.Reporter.reportStep(Reporter.java:20)
	at utils.Reporter.reportStep(Reporter.java:43)
	at wrappers.GenericWrappers.takeSnap(GenericWrappers.java:579)
	at utils.Reporter.reportStep(Reporter.java:20)
	at utils.Reporter.reportStep(Reporter.java:43)
	at wrappers.GenericWrappers.takeSnap(GenericWrappers.java:579)
	at utils.Reporter.reportStep(Reporter.java:20)
	at utils.Reporter.reportStep(Reporter.java:43)
	at wrappers.GenericWrappers.takeSnap(GenericWrappers.java:579)
	at utils.Reporter.reportStep(Reporter.java:20)
	at utils.Reporter.reportStep(Reporter.java:43)
	at wrappers.GenericWrappers.takeSnap(GenericWrappers.java:579)
	at utils.Reporter.reportStep(Reporter.java:20)
	at utils.Reporter.reportStep(Reporter.java:43)
	at wrappers.GenericWrappers.takeSnap(GenericWrappers.java:579)
	at utils.Reporter.reportStep(Reporter.java:20)
	at utils.Reporter.reportStep(Reporter.java:43)
	at wrappers.GenericWrappers.takeSnap(GenericWrappers.java:579)
	at utils.Reporter.reportStep(Reporter.java:20)
	at utils.Reporter.reportStep(Reporter.java:43)
	at wrappers.GenericWrappers.takeSnap(GenericWrappers.java:579)
	at utils.Reporter.reportStep(Reporter.java:20)
	at utils.Reporter.reportStep(Reporter.java:43)
	at wrappers.GenericWrappers.takeSnap(GenericWrappers.java:579)
	at utils.Reporter.reportStep(Reporter.java:20)
	at utils.Reporter.reportStep(Reporter.java:43)
	at wrappers.GenericWrappers.takeSnap(GenericWrappers.java:579)
	at utils.Reporter.reportStep(Reporter.java:20)
	at utils.Reporter.reportStep(Reporter.java:43)
	at wrappers.GenericWrappers.takeSnap(GenericWrappers.java:579)
	at utils.Reporter.reportStep(Reporter.java:20)
	at utils.Reporter.reportStep(Reporter.java:43)
	at wrappers.GenericWrappers.takeSnap(GenericWrappers.java:579)
	at utils.Reporter.reportStep(Reporter.java:20)
	at utils.Reporter.reportStep(Reporter.java:43)
	at wrappers.GenericWrappers.takeSnap(GenericWrappers.java:579)
	at utils.Reporter.reportStep(Reporter.java:20)
	at utils.Reporter.reportStep(Reporter.java:43)
	at wrappers.GenericWrappers.takeSnap(GenericWrappers.java:579)
	at utils.Reporter.reportStep(Reporter.java:20)
	at utils.Reporter.reportStep(Reporter.java:43)
	at wrappers.GenericWrappers.takeSnap(GenericWrappers.java:579)
	at utils.Reporter.reportStep(Reporter.java:20)
	at utils.Reporter.reportStep(Reporter.java:43)
	at wrappers.GenericWrappers.takeSnap(GenericWrappers.java:579)
	at utils.Reporter.reportStep(Reporter.java:20)
	at utils.Reporter.reportStep(Reporter.java:43)
	at wrappers.GenericWrappers.takeSnap(GenericWrappers.java:579)
	at utils.Reporter.reportStep(Reporter.java:20)
	at utils.Reporter.reportStep(Reporter.java:43)
	at wrappers.GenericWrappers.takeSnap(GenericWrappers.java:579)
	at utils.Reporter.reportStep(Reporter.java:20)
	at utils.Reporter.reportStep(Reporter.java:43)
	at wrappers.GenericWrappers.takeSnap(GenericWrappers.java:579)
	at utils.Reporter.reportStep(Reporter.java:20)
	at utils.Reporter.reportStep(Reporter.java:43)
	at wrappers.GenericWrappers.takeSnap(GenericWrappers.java:579)
	at utils.Reporter.reportStep(Reporter.java:20)
	at utils.Reporter.reportStep(Reporter.java:43)
	at wrappers.GenericWrappers.takeSnap(GenericWrappers.java:579)
	at utils.Reporter.reportStep(Reporter.java:20)
	at utils.Reporter.reportStep(Reporter.java:43)
	at wrappers.GenericWrappers.takeSnap(GenericWrappers.java:579)
	at utils.Reporter.reportStep(Reporter.java:20)
	at utils.Reporter.reportStep(Reporter.java:43)
	at wrappers.GenericWrappers.takeSnap(GenericWrappers.java:579)
	at utils.Reporter.reportStep(Reporter.java:20)
	at utils.Reporter.reportStep(Reporter.java:43)
	at wrappers.GenericWrappers.takeSnap(GenericWrappers.java:579)
	at utils.Reporter.reportStep(Reporter.java:20)
	at utils.Reporter.reportStep(Reporter.java:43)
	at wrappers.GenericWrappers.takeSnap(GenericWrappers.java:579)
	at utils.Reporter.reportStep(Reporter.java:20)
	at utils.Reporter.reportStep(Reporter.java:43)
	at wrappers.GenericWrappers.takeSnap(GenericWrappers.java:579)
	at utils.Reporter.reportStep(Reporter.java:20)
	at utils.Reporter.reportStep(Reporter.java:43)
	at wrappers.GenericWrappers.takeSnap(GenericWrappers.java:579)
	at utils.Reporter.reportStep(Reporter.java:20)
	at utils.Reporter.reportStep(Reporter.java:43)
	at wrappers.GenericWrappers.takeSnap(GenericWrappers.java:579)
	at utils.Reporter.reportStep(Reporter.java:20)
	at utils.Reporter.reportStep(Reporter.java:43)
	at wrappers.GenericWrappers.takeSnap(GenericWrappers.java:579)
	at utils.Reporter.reportStep(Reporter.java:20)
	at utils.Reporter.reportStep(Reporter.java:43)
	at wrappers.GenericWrappers.takeSnap(GenericWrappers.java:579)
	at utils.Reporter.reportStep(Reporter.java:20)
	at utils.Reporter.reportStep(Reporter.java:43)
	at wrappers.GenericWrappers.takeSnap(GenericWrappers.java:579)
	at utils.Reporter.reportStep(Reporter.java:20)
	at utils.Reporter.reportStep(Reporter.java:43)
	at wrappers.GenericWrappers.takeSnap(GenericWrappers.java:579)
	at utils.Reporter.reportStep(Reporter.java:20)
	at utils.Reporter.reportStep(Reporter.java:43)
	at wrappers.GenericWrappers.takeSnap(GenericWrappers.java:579)
	at utils.Reporter.reportStep(Reporter.java:20)
	at utils.Reporter.reportStep(Reporter.java:43)
	at wrappers.GenericWrappers.takeSnap(GenericWrappers.java:579)
	at utils.Reporter.reportStep(Reporter.java:20)
	at utils.Reporter.reportStep(Reporter.java:43)
	at wrappers.GenericWrappers.takeSnap(GenericWrappers.java:579)
	at utils.Reporter.reportStep(Reporter.java:20)
	at utils.Reporter.reportStep(Reporter.java:43)
	at wrappers.GenericWrappers.takeSnap(GenericWrappers.java:579)
	at utils.Reporter.reportStep(Reporter.java:20)
	at utils.Reporter.reportStep(Reporter.java:43)
	at wrappers.GenericWrappers.takeSnap(GenericWrappers.java:579)
	at utils.Reporter.reportStep(Reporter.java:20)
	at utils.Reporter.reportStep(Reporter.java:43)
	at wrappers.GenericWrappers.takeSnap(GenericWrappers.java:579)
	at utils.Reporter.reportStep(Reporter.java:20)
	at utils.Reporter.reportStep(Reporter.java:43)
	at wrappers.GenericWrappers.takeSnap(GenericWrappers.java:579)
	at utils.Reporter.reportStep(Reporter.java:20)
	at utils.Reporter.reportStep(Reporter.java:43)
	at wrappers.GenericWrappers.takeSnap(GenericWrappers.java:579)
	at utils.Reporter.reportStep(Reporter.java:20)
	at utils.Reporter.reportStep(Reporter.java:43)
	at wrappers.GenericWrappers.takeSnap(GenericWrappers.java:579)
	at utils.Reporter.reportStep(Reporter.java:20)
	at utils.Reporter.reportStep(Reporter.java:43)
	at wrappers.GenericWrappers.takeSnap(GenericWrappers.java:579)
	at utils.Reporter.reportStep(Reporter.java:20)
	at utils.Reporter.reportStep(Reporter.java:43)
	at wrappers.GenericWrappers.takeSnap(GenericWrappers.java:579)
	at utils.Reporter.reportStep(Reporter.java:20)
	at utils.Reporter.reportStep(Reporter.java:43)
	at wrappers.GenericWrappers.takeSnap(GenericWrappers.java:579)
	at utils.Reporter.reportStep(Reporter.java:20)
	at utils.Reporter.reportStep(Reporter.java:43)
	at wrappers.GenericWrappers.takeSnap(GenericWrappers.java:579)
	at utils.Reporter.reportStep(Reporter.java:20)
	at utils.Reporter.reportStep(Reporter.java:43)
	at wrappers.GenericWrappers.takeSnap(GenericWrappers.java:579)
	at utils.Reporter.reportStep(Reporter.java:20)
	at utils.Reporter.reportStep(Reporter.java:43)
	at wrappers.GenericWrappers.takeSnap(GenericWrappers.java:579)
	at utils.Reporter.reportStep(Reporter.java:20)
	at utils.Reporter.reportStep(Reporter.java:43)
	at wrappers.GenericWrappers.takeSnap(GenericWrappers.java:579)
	at utils.Reporter.reportStep(Reporter.java:20)
	at utils.Reporter.reportStep(Reporter.java:43)
	at wrappers.GenericWrappers.takeSnap(GenericWrappers.java:579)
	at utils.Reporter.reportStep(Reporter.java:20)
	at utils.Reporter.reportStep(Reporter.java:43)
	at wrappers.GenericWrappers.takeSnap(GenericWrappers.java:579)
	at utils.Reporter.reportStep(Reporter.java:20)
	at utils.Reporter.reportStep(Reporter.java:43)
	at wrappers.GenericWrappers.takeSnap(GenericWrappers.java:579)
	at utils.Reporter.reportStep(Reporter.java:20)
	at utils.Reporter.reportStep(Reporter.java:43)
	at wrappers.GenericWrappers.takeSnap(GenericWrappers.java:579)
	at utils.Reporter.reportStep(Reporter.java:20)
	at utils.Reporter.reportStep(Reporter.java:43)
	at wrappers.GenericWrappers.takeSnap(GenericWrappers.java:579)
	at utils.Reporter.reportStep(Reporter.java:20)
	at utils.Reporter.reportStep(Reporter.java:43)
	at wrappers.GenericWrappers.takeSnap(GenericWrappers.java:579)
	at utils.Reporter.reportStep(Reporter.java:20)
	at utils.Reporter.reportStep(Reporter.java:43)
	at wrappers.GenericWrappers.takeSnap(GenericWrappers.java:579)
	at utils.Reporter.reportStep(Reporter.java:20)
	at utils.Reporter.reportStep(Reporter.java:43)
	at wrappers.GenericWrappers.takeSnap(GenericWrappers.java:579)
	at utils.Reporter.reportStep(Reporter.java:20)
	at utils.Reporter.reportStep(Reporter.java:43)
	at wrappers.GenericWrappers.takeSnap(GenericWrappers.java:579)
	at utils.Reporter.reportStep(Reporter.java:20)
	at utils.Reporter.reportStep(Reporter.java:43)
	at wrappers.GenericWrappers.takeSnap(GenericWrappers.java:579)
	at utils.Reporter.reportStep(Reporter.java:20)
	at utils.Reporter.reportStep(Reporter.java:43)
	at wrappers.GenericWrappers.takeSnap(GenericWrappers.java:579)
	at utils.Reporter.reportStep(Reporter.java:20)
	at utils.Reporter.reportStep(Reporter.java:43)
	at wrappers.GenericWrappers.takeSnap(GenericWrappers.java:579)
	at utils.Reporter.reportStep(Reporter.java:20)
	at utils.Reporter.reportStep(Reporter.java:43)
	at wrappers.GenericWrappers.takeSnap(GenericWrappers.java:579)
	at utils.Reporter.reportStep(Reporter.java:20)
	at utils.Reporter.reportStep(Reporter.java:43)
	at wrappers.GenericWrappers.takeSnap(GenericWrappers.java:579)
	at utils.Reporter.reportStep(Reporter.java:20)
	at utils.Reporter.reportStep(Reporter.java:43)
	at wrappers.GenericWrappers.takeSnap(GenericWrappers.java:579)
	at utils.Reporter.reportStep(Reporter.java:20)
	at utils.Reporter.reportStep(Reporter.java:43)
	at wrappers.GenericWrappers.takeSnap(GenericWrappers.java:579)
	at utils.Reporter.reportStep(Reporter.java:20)
	at utils.Reporter.reportStep(Reporter.java:43)
	at wrappers.GenericWrappers.takeSnap(GenericWrappers.java:579)
	at utils.Reporter.reportStep(Reporter.java:20)
	at utils.Reporter.reportStep(Reporter.java:43)
	at wrappers.GenericWrappers.takeSnap(GenericWrappers.java:579)
	at utils.Reporter.reportStep(Reporter.java:20)
	at utils.Reporter.reportStep(Reporter.java:43)
	at wrappers.GenericWrappers.takeSnap(GenericWrappers.java:579)
	at utils.Reporter.reportStep(Reporter.java:20)
	at utils.Reporter.reportStep(Reporter.java:43)
	at wrappers.GenericWrappers.takeSnap(GenericWrappers.java:579)
	at utils.Reporter.reportStep(Reporter.java:20)
	at utils.Reporter.reportStep(Reporter.java:43)
	at wrappers.GenericWrappers.takeSnap(GenericWrappers.java:579)
	at utils.Reporter.reportStep(Reporter.java:20)
	at utils.Reporter.reportStep(Reporter.java:43)
	at wrappers.GenericWrappers.takeSnap(GenericWrappers.java:579)
	at utils.Reporter.reportStep(Reporter.java:20)
	at utils.Reporter.reportStep(Reporter.java:43)
	at wrappers.GenericWrappers.takeSnap(GenericWrappers.java:579)
	at utils.Reporter.reportStep(Reporter.java:20)
	at utils.Reporter.reportStep(Reporter.java:43)
	at wrappers.GenericWrappers.takeSnap(GenericWrappers.java:579)
	at utils.Reporter.reportStep(Reporter.java:20)
	at utils.Reporter.reportStep(Reporter.java:43)
	at wrappers.GenericWrappers.takeSnap(GenericWrappers.java:579)
	at utils.Reporter.reportStep(Reporter.java:20)
	at utils.Reporter.reportStep(Reporter.java:43)
	at wrappers.GenericWrappers.takeSnap(GenericWrappers.java:579)
	at utils.Reporter.reportStep(Reporter.java:20)
	at utils.Reporter.reportStep(Reporter.java:43)
	at wrappers.GenericWrappers.takeSnap(GenericWrappers.java:579)
	at utils.Reporter.reportStep(Reporter.java:20)
	at utils.Reporter.reportStep(Reporter.java:43)
	at wrappers.GenericWrappers.takeSnap(GenericWrappers.java:579)
	at utils.Reporter.reportStep(Reporter.java:20)
	at utils.Reporter.reportStep(Reporter.java:43)
	at wrappers.GenericWrappers.takeSnap(GenericWrappers.java:579)
	at utils.Reporter.reportStep(Reporter.java:20)
	at utils.Reporter.reportStep(Reporter.java:43)
	at wrappers.GenericWrappers.takeSnap(GenericWrappers.java:579)
	at utils.Reporter.reportStep(Reporter.java:20)
	at utils.Reporter.reportStep(Reporter.java:43)
	at wrappers.GenericWrappers.takeSnap(GenericWrappers.java:579)
	at utils.Reporter.reportStep(Reporter.java:20)
	at utils.Reporter.reportStep(Reporter.java:43)
	at wrappers.GenericWrappers.takeSnap(GenericWrappers.java:579)
	at utils.Reporter.reportStep(Reporter.java:20)
	at utils.Reporter.reportStep(Reporter.java:43)
	at wrappers.GenericWrappers.takeSnap(GenericWrappers.java:579)
	at utils.Reporter.reportStep(Reporter.java:20)
	at utils.Reporter.reportStep(Reporter.java:43)
	at wrappers.GenericWrappers.takeSnap(GenericWrappers.java:579)
	at utils.Reporter.reportStep(Reporter.java:20)
	at utils.Reporter.reportStep(Reporter.java:43)
	at wrappers.GenericWrappers.takeSnap(GenericWrappers.java:579)
	at utils.Reporter.reportStep(Reporter.java:20)
	at utils.Reporter.reportStep(Reporter.java:43)
	at wrappers.GenericWrappers.takeSnap(GenericWrappers.java:579)
	at utils.Reporter.reportStep(Reporter.java:20)
	at utils.Reporter.reportStep(Reporter.java:43)
	at wrappers.GenericWrappers.takeSnap(GenericWrappers.java:579)
	at utils.Reporter.reportStep(Reporter.java:20)
	at utils.Reporter.reportStep(Reporter.java:43)
	at wrappers.GenericWrappers.takeSnap(GenericWrappers.java:579)
	at utils.Reporter.reportStep(Reporter.java:20)
	at utils.Reporter.reportStep(Reporter.java:43)
	at wrappers.GenericWrappers.takeSnap(GenericWrappers.java:579)
	at utils.Reporter.reportStep(Reporter.java:20)
	at utils.Reporter.reportStep(Reporter.java:43)
	at wrappers.GenericWrappers.takeSnap(GenericWrappers.java:579)
	at utils.Reporter.reportStep(Reporter.java:20)
	at utils.Reporter.reportStep(Reporter.java:43)
	at wrappers.GenericWrappers.takeSnap(GenericWrappers.java:579)
	at utils.Reporter.reportStep(Reporter.java:20)
	at utils.Reporter.reportStep(Reporter.java:43)
	at wrappers.GenericWrappers.takeSnap(GenericWrappers.java:579)
	at utils.Reporter.reportStep(Reporter.java:20)
	at utils.Reporter.reportStep(Reporter.java:43)
	at wrappers.GenericWrappers.takeSnap(GenericWrappers.java:579)
	at utils.Reporter.reportStep(Reporter.java:20)
	at utils.Reporter.reportStep(Reporter.java:43)
	at wrappers.GenericWrappers.takeSnap(GenericWrappers.java:579)
	at utils.Reporter.reportStep(Reporter.java:20)
	at utils.Reporter.reportStep(Reporter.java:43)
	at wrappers.GenericWrappers.takeSnap(GenericWrappers.java:579)
	at utils.Reporter.reportStep(Reporter.java:20)
	at utils.Reporter.reportStep(Reporter.java:43)
	at wrappers.GenericWrappers.takeSnap(GenericWrappers.java:579)
	at utils.Reporter.reportStep(Reporter.java:20)
	at utils.Reporter.reportStep(Reporter.java:43)
	at wrappers.GenericWrappers.takeSnap(GenericWrappers.java:579)
	at utils.Reporter.reportStep(Reporter.java:20)
	at utils.Reporter.reportStep(Reporter.java:43)
	at wrappers.GenericWrappers.takeSnap(GenericWrappers.java:579)
	at utils.Reporter.reportStep(Reporter.java:20)
	at utils.Reporter.reportStep(Reporter.java:43)
	at wrappers.GenericWrappers.takeSnap(GenericWrappers.java:579)
	at utils.Reporter.reportStep(Reporter.java:20)
	at utils.Reporter.reportStep(Reporter.java:43)
	at wrappers.GenericWrappers.takeSnap(GenericWrappers.java:579)
	at utils.Reporter.reportStep(Reporter.java:20)
	at utils.Reporter.reportStep(Reporter.java:43)
	at wrappers.GenericWrappers.takeSnap(GenericWrappers.java:579)
	at utils.Reporter.reportStep(Reporter.java:20)
	at utils.Reporter.reportStep(Reporter.java:43)
	at wrappers.GenericWrappers.takeSnap(GenericWrappers.java:579)
	at utils.Reporter.reportStep(Reporter.java:20)
	at utils.Reporter.reportStep(Reporter.java:43)
	at wrappers.GenericWrappers.takeSnap(GenericWrappers.java:579)
	at utils.Reporter.reportStep(Reporter.java:20)
	at utils.Reporter.reportStep(Reporter.java:43)
	at wrappers.GenericWrappers.takeSnap(GenericWrappers.java:579)
	at utils.Reporter.reportStep(Reporter.java:20)
	at utils.Reporter.reportStep(Reporter.java:43)
	at wrappers.GenericWrappers.takeSnap(GenericWrappers.java:579)
	at utils.Reporter.reportStep(Reporter.java:20)
	at utils.Reporter.reportStep(Reporter.java:43)
	at wrappers.GenericWrappers.takeSnap(GenericWrappers.java:579)
	at utils.Reporter.reportStep(Reporter.java:20)
	at utils.Reporter.reportStep(Reporter.java:43)
	at wrappers.GenericWrappers.takeSnap(GenericWrappers.java:579)
	at utils.Reporter.reportStep(Reporter.java:20)
	at utils.Reporter.reportStep(Reporter.java:43)
	at wrappers.GenericWrappers.takeSnap(GenericWrappers.java:579)
	at utils.Reporter.reportStep(Reporter.java:20)
	at utils.Reporter.reportStep(Reporter.java:43)
	at wrappers.GenericWrappers.takeSnap(GenericWrappers.java:579)
	at utils.Reporter.reportStep(Reporter.java:20)
	at utils.Reporter.reportStep(Reporter.java:43)
	at wrappers.GenericWrappers.takeSnap(GenericWrappers.java:579)
	at utils.Reporter.reportStep(Reporter.java:20)
	at utils.Reporter.reportStep(Reporter.java:43)
	at wrappers.GenericWrappers.takeSnap(GenericWrappers.java:579)
	at utils.Reporter.reportStep(Reporter.java:20)
	at utils.Reporter.reportStep(Reporter.java:43)
	at wrappers.GenericWrappers.takeSnap(GenericWrappers.java:579)
	at utils.Reporter.reportStep(Reporter.java:20)
	at utils.Reporter.reportStep(Reporter.java:43)
	at wrappers.GenericWrappers.takeSnap(GenericWrappers.java:579)
	at utils.Reporter.reportStep(Reporter.java:20)
	at utils.Reporter.reportStep(Reporter.java:43)
	at wrappers.GenericWrappers.takeSnap(GenericWrappers.java:579)
	at utils.Reporter.reportStep(Reporter.java:20)
	at utils.Reporter.reportStep(Reporter.java:43)
	at wrappers.GenericWrappers.takeSnap(GenericWrappers.java:579)
	at utils.Reporter.reportStep(Reporter.java:20)
	at utils.Reporter.reportStep(Reporter.java:43)
	at wrappers.GenericWrappers.takeSnap(GenericWrappers.java:579)
	at utils.Reporter.reportStep(Reporter.java:20)
	at utils.Reporter.reportStep(Reporter.java:43)
	at wrappers.GenericWrappers.takeSnap(GenericWrappers.java:579)
	at utils.Reporter.reportStep(Reporter.java:20)
	at utils.Reporter.reportStep(Reporter.java:43)
	at wrappers.GenericWrappers.takeSnap(GenericWrappers.java:579)
	at utils.Reporter.reportStep(Reporter.java:20)
	at utils.Reporter.reportStep(Reporter.java:43)
	at wrappers.GenericWrappers.takeSnap(GenericWrappers.java:579)
	at utils.Reporter.reportStep(Reporter.java:20)
	at utils.Reporter.reportStep(Reporter.java:43)
	at wrappers.GenericWrappers.takeSnap(GenericWrappers.java:579)
	at utils.Reporter.reportStep(Reporter.java:20)
	at utils.Reporter.reportStep(Reporter.java:43)
	at wrappers.GenericWrappers.takeSnap(GenericWrappers.java:579)
	at utils.Reporter.reportStep(Reporter.java:20)
	at utils.Reporter.reportStep(Reporter.java:43)
	at wrappers.GenericWrappers.takeSnap(GenericWrappers.java:579)
	at utils.Reporter.reportStep(Reporter.java:20)
[...]
	at utils.Reporter.reportStep(Reporter.java:20)
	at utils.Reporter.reportStep(Reporter.java:43)
	at wrappers.GenericWrappers.takeSnap(GenericWrappers.java:579)
	at utils.Reporter.reportStep(Reporter.java:20)
	at utils.Reporter.reportStep(Reporter.java:43)
	at wrappers.GenericWrappers.takeSnap(GenericWrappers.java:579)
	at utils.Reporter.reportStep(Reporter.java:20)
	at utils.Reporter.reportStep(Reporter.java:43)
	at wrappers.GenericWrappers.takeSnap(GenericWrappers.java:579)
	at utils.Reporter.reportStep(Reporter.java:20)
	at utils.Reporter.reportStep(Reporter.java:43)
	at wrappers.GenericWrappers.takeSnap(GenericWrappers.java:579)
	at utils.Reporter.reportStep(Reporter.java:20)
	at utils.Reporter.reportStep(Reporter.java:43)
	at wrappers.GenericWrappers.takeSnap(GenericWrappers.java:579)
	at utils.Reporter.reportStep(Reporter.java:20)
	at utils.Reporter.reportStep(Reporter.java:43)
	at wrappers.GenericWrappers.takeSnap(GenericWrappers.java:579)
	at utils.Reporter.reportStep(Reporter.java:20)
	at utils.Reporter.reportStep(Reporter.java:43)
	at wrappers.GenericWrappers.takeSnap(GenericWrappers.java:579)
	at utils.Reporter.reportStep(Reporter.java:20)
	at utils.Reporter.reportStep(Reporter.java:43)
	at wrappers.GenericWrappers.takeSnap(GenericWrappers.java:579)
	at utils.Reporter.reportStep(Reporter.java:20)
	at utils.Reporter.reportStep(Reporter.java:43)
	at wrappers.GenericWrappers.takeSnap(GenericWrappers.java:579)
	at utils.Reporter.reportStep(Reporter.java:20)
	at utils.Reporter.reportStep(Reporter.java:43)
	at wrappers.GenericWrappers.takeSnap(GenericWrappers.java:579)
	at utils.Reporter.reportStep(Reporter.java:20)
	at utils.Reporter.reportStep(Reporter.java:43)
	at wrappers.GenericWrappers.takeSnap(GenericWrappers.java:579)
	at utils.Reporter.reportStep(Reporter.java:20)
	at utils.Reporter.reportStep(Reporter.java:43)
	at wrappers.GenericWrappers.takeSnap(GenericWrappers.java:579)
	at utils.Reporter.reportStep(Reporter.java:20)
	at utils.Reporter.reportStep(Reporter.java:43)
	at wrappers.GenericWrappers.takeSnap(GenericWrappers.java:579)
	at utils.Reporter.reportStep(Reporter.java:20)
	at utils.Reporter.reportStep(Reporter.java:43)
	at wrappers.GenericWrappers.takeSnap(GenericWrappers.java:579)
	at utils.Reporter.reportStep(Reporter.java:20)
	at utils.Reporter.reportStep(Reporter.java:43)
	at wrappers.GenericWrappers.takeSnap(GenericWrappers.java:579)
	at utils.Reporter.reportStep(Reporter.java:20)
	at utils.Reporter.reportStep(Reporter.java:43)
	at wrappers.GenericWrappers.takeSnap(GenericWrappers.java:579)
	at utils.Reporter.reportStep(Reporter.java:20)
	at utils.Reporter.reportStep(Reporter.java:43)
	at wrappers.GenericWrappers.takeSnap(GenericWrappers.java:579)
	at utils.Reporter.reportStep(Reporter.java:20)
	at utils.Reporter.reportStep(Reporter.java:43)
	at wrappers.GenericWrappers.takeSnap(GenericWrappers.java:579)
	at utils.Reporter.reportStep(Reporter.java:20)
	at utils.Reporter.reportStep(Reporter.java:43)
	at wrappers.GenericWrappers.takeSnap(GenericWrappers.java:579)
	at utils.Reporter.reportStep(Reporter.java:20)
	at utils.Reporter.reportStep(Reporter.java:43)
	at wrappers.GenericWrappers.takeSnap(GenericWrappers.java:579)
	at utils.Reporter.reportStep(Reporter.java:20)
	at utils.Reporter.reportStep(Reporter.java:43)
	at wrappers.GenericWrappers.takeSnap(GenericWrappers.java:579)
	at utils.Reporter.reportStep(Reporter.java:20)
	at utils.Reporter.reportStep(Reporter.java:43)
	at wrappers.GenericWrappers.takeSnap(GenericWrappers.java:579)
	at utils.Reporter.reportStep(Reporter.java:20)
	at utils.Reporter.reportStep(Reporter.java:43)
	at wrappers.GenericWrappers.takeSnap(GenericWrappers.java:579)
	at utils.Reporter.reportStep(Reporter.java:20)
	at utils.Reporter.reportStep(Reporter.java:43)
	at wrappers.GenericWrappers.takeSnap(GenericWrappers.java:579)
	at utils.Reporter.reportStep(Reporter.java:20)
	at utils.Reporter.reportStep(Reporter.java:43)
	at wrappers.GenericWrappers.takeSnap(GenericWrappers.java:579)
	at utils.Reporter.reportStep(Reporter.java:20)
	at utils.Reporter.reportStep(Reporter.java:43)
	at wrappers.GenericWrappers.takeSnap(GenericWrappers.java:579)
	at utils.Reporter.reportStep(Reporter.java:20)
	at utils.Reporter.reportStep(Reporter.java:43)
	at wrappers.GenericWrappers.takeSnap(GenericWrappers.java:579)
	at utils.Reporter.reportStep(Reporter.java:20)
	at utils.Reporter.reportStep(Reporter.java:43)
	at wrappers.GenericWrappers.takeSnap(GenericWrappers.java:579)
	at utils.Reporter.reportStep(Reporter.java:20)
	at utils.Reporter.reportStep(Reporter.java:43)
	at wrappers.GenericWrappers.takeSnap(GenericWrappers.java:579)
	at utils.Reporter.reportStep(Reporter.java:20)
	at utils.Reporter.reportStep(Reporter.java:43)
	at wrappers.GenericWrappers.takeSnap(GenericWrappers.java:579)
	at utils.Reporter.reportStep(Reporter.java:20)
	at utils.Reporter.reportStep(Reporter.java:43)
	at wrappers.GenericWrappers.takeSnap(GenericWrappers.java:579)
	at utils.Reporter.reportStep(Reporter.java:20)
	at utils.Reporter.reportStep(Reporter.java:43)
	at wrappers.GenericWrappers.takeSnap(GenericWrappers.java:579)
	at utils.Reporter.reportStep(Reporter.java:20)
	at utils.Reporter.reportStep(Reporter.java:43)
	at wrappers.GenericWrappers.takeSnap(GenericWrappers.java:579)
	at utils.Reporter.reportStep(Reporter.java:20)
	at utils.Reporter.reportStep(Reporter.java:43)
	at wrappers.GenericWrappers.takeSnap(GenericWrappers.java:579)
	at utils.Reporter.reportStep(Reporter.java:20)
	at utils.Reporter.reportStep(Reporter.java:43)
	at wrappers.GenericWrappers.takeSnap(GenericWrappers.java:579)
	at utils.Reporter.reportStep(Reporter.java:20)
	at utils.Reporter.reportStep(Reporter.java:43)
	at wrappers.GenericWrappers.takeSnap(GenericWrappers.java:579)
	at utils.Reporter.reportStep(Reporter.java:20)
	at utils.Reporter.reportStep(Reporter.java:43)
	at wrappers.GenericWrappers.takeSnap(GenericWrappers.java:579)
	at utils.Reporter.reportStep(Reporter.java:20)
	at utils.Reporter.reportStep(Reporter.java:43)
	at wrappers.GenericWrappers.takeSnap(GenericWrappers.java:579)
	at utils.Reporter.reportStep(Reporter.java:20)
	at utils.Reporter.reportStep(Reporter.java:43)
	at wrappers.GenericWrappers.takeSnap(GenericWrappers.java:579)
	at utils.Reporter.reportStep(Reporter.java:20)
	at utils.Reporter.reportStep(Reporter.java:43)
	at wrappers.GenericWrappers.takeSnap(GenericWrappers.java:579)
	at utils.Reporter.reportStep(Reporter.java:20)
	at utils.Reporter.reportStep(Reporter.java:43)
	at wrappers.GenericWrappers.takeSnap(GenericWrappers.java:579)
	at utils.Reporter.reportStep(Reporter.java:20)
	at utils.Reporter.reportStep(Reporter.java:43)
	at wrappers.GenericWrappers.takeSnap(GenericWrappers.java:579)
	at utils.Reporter.reportStep(Reporter.java:20)
	at utils.Reporter.reportStep(Reporter.java:43)
	at wrappers.GenericWrappers.takeSnap(GenericWrappers.java:579)
	at utils.Reporter.reportStep(Reporter.java:20)
	at utils.Reporter.reportStep(Reporter.java:43)
	at wrappers.GenericWrappers.takeSnap(GenericWrappers.java:579)
	at utils.Reporter.reportStep(Reporter.java:20)
	at utils.Reporter.reportStep(Reporter.java:43)
	at wrappers.GenericWrappers.takeSnap(GenericWrappers.java:579)
	at utils.Reporter.reportStep(Reporter.java:20)
	at utils.Reporter.reportStep(Reporter.java:43)
	at wrappers.GenericWrappers.takeSnap(GenericWrappers.java:579)
	at utils.Reporter.reportStep(Reporter.java:20)
	at utils.Reporter.reportStep(Reporter.java:43)
	at wrappers.GenericWrappers.takeSnap(GenericWrappers.java:579)
	at utils.Reporter.reportStep(Reporter.java:20)
	at utils.Reporter.reportStep(Reporter.java:43)
	at wrappers.GenericWrappers.takeSnap(GenericWrappers.java:579)
	at utils.Reporter.reportStep(Reporter.java:20)
	at utils.Reporter.reportStep(Reporter.java:43)
	at wrappers.GenericWrappers.takeSnap(GenericWrappers.java:579)
	at utils.Reporter.reportStep(Reporter.java:20)
	at utils.Reporter.reportStep(Reporter.java:43)
	at wrappers.GenericWrappers.takeSnap(GenericWrappers.java:579)
	at utils.Reporter.reportStep(Reporter.java:20)
	at utils.Reporter.reportStep(Reporter.java:43)
	at wrappers.GenericWrappers.takeSnap(GenericWrappers.java:579)
	at utils.Reporter.reportStep(Reporter.java:20)
	at utils.Reporter.reportStep(Reporter.java:43)
	at wrappers.GenericWrappers.takeSnap(GenericWrappers.java:579)
	at utils.Reporter.reportStep(Reporter.java:20)
	at utils.Reporter.reportStep(Reporter.java:43)
	at wrappers.GenericWrappers.takeSnap(GenericWrappers.java:579)
	at utils.Reporter.reportStep(Reporter.java:20)
	at utils.Reporter.reportStep(Reporter.java:43)
	at wrappers.GenericWrappers.takeSnap(GenericWrappers.java:579)
	at utils.Reporter.reportStep(Reporter.java:20)
	at utils.Reporter.reportStep(Reporter.java:43)
	at wrappers.GenericWrappers.takeSnap(GenericWrappers.java:579)
	at utils.Reporter.reportStep(Reporter.java:20)
	at utils.Reporter.reportStep(Reporter.java:43)
	at wrappers.GenericWrappers.takeSnap(GenericWrappers.java:579)
	at utils.Reporter.reportStep(Reporter.java:20)
	at utils.Reporter.reportStep(Reporter.java:43)
	at wrappers.GenericWrappers.takeSnap(GenericWrappers.java:579)
	at utils.Reporter.reportStep(Reporter.java:20)
	at utils.Reporter.reportStep(Reporter.java:43)
	at wrappers.GenericWrappers.takeSnap(GenericWrappers.java:579)
	at utils.Reporter.reportStep(Reporter.java:20)
	at utils.Reporter.reportStep(Reporter.java:43)
	at wrappers.GenericWrappers.takeSnap(GenericWrappers.java:579)
	at utils.Reporter.reportStep(Reporter.java:20)
	at utils.Reporter.reportStep(Reporter.java:43)
	at wrappers.GenericWrappers.takeSnap(GenericWrappers.java:579)
	at utils.Reporter.reportStep(Reporter.java:20)
	at utils.Reporter.reportStep(Reporter.java:43)
	at wrappers.GenericWrappers.takeSnap(GenericWrappers.java:579)
	at utils.Reporter.reportStep(Reporter.java:20)
	at utils.Reporter.reportStep(Reporter.java:43)
	at wrappers.GenericWrappers.takeSnap(GenericWrappers.java:579)
	at utils.Reporter.reportStep(Reporter.java:20)
	at utils.Reporter.reportStep(Reporter.java:43)
	at wrappers.GenericWrappers.takeSnap(GenericWrappers.java:579)
	at utils.Reporter.reportStep(Reporter.java:20)
	at utils.Reporter.reportStep(Reporter.java:43)
	at wrappers.GenericWrappers.takeSnap(GenericWrappers.java:579)
	at utils.Reporter.reportStep(Reporter.java:20)
	at utils.Reporter.reportStep(Reporter.java:43)
	at wrappers.GenericWrappers.takeSnap(GenericWrappers.java:579)
	at utils.Reporter.reportStep(Reporter.java:20)
	at utils.Reporter.reportStep(Reporter.java:43)
	at wrappers.GenericWrappers.takeSnap(GenericWrappers.java:579)
	at utils.Reporter.reportStep(Reporter.java:20)
	at utils.Reporter.reportStep(Reporter.java:43)
	at wrappers.GenericWrappers.takeSnap(GenericWrappers.java:579)
	at utils.Reporter.reportStep(Reporter.java:20)
	at utils.Reporter.reportStep(Reporter.java:43)
	at wrappers.GenericWrappers.takeSnap(GenericWrappers.java:579)
	at utils.Reporter.reportStep(Reporter.java:20)
	at utils.Reporter.reportStep(Reporter.java:43)
	at wrappers.GenericWrappers.takeSnap(GenericWrappers.java:579)
	at utils.Reporter.reportStep(Reporter.java:20)
	at utils.Reporter.reportStep(Reporter.java:43)
	at wrappers.GenericWrappers.takeSnap(GenericWrappers.java:579)
	at utils.Reporter.reportStep(Reporter.java:20)
	at utils.Reporter.reportStep(Reporter.java:43)
	at wrappers.GenericWrappers.takeSnap(GenericWrappers.java:579)
	at utils.Reporter.reportStep(Reporter.java:20)
	at utils.Reporter.reportStep(Reporter.java:43)
	at wrappers.GenericWrappers.takeSnap(GenericWrappers.java:579)
	at utils.Reporter.reportStep(Reporter.java:20)
	at utils.Reporter.reportStep(Reporter.java:43)
	at wrappers.GenericWrappers.takeSnap(GenericWrappers.java:579)
	at utils.Reporter.reportStep(Reporter.java:20)
	at utils.Reporter.reportStep(Reporter.java:43)
	at wrappers.GenericWrappers.takeSnap(GenericWrappers.java:579)
	at utils.Reporter.reportStep(Reporter.java:20)
	at utils.Reporter.reportStep(Reporter.java:43)
	at wrappers.GenericWrappers.takeSnap(GenericWrappers.java:579)
	at utils.Reporter.reportStep(Reporter.java:20)
	at utils.Reporter.reportStep(Reporter.java:43)
	at wrappers.GenericWrappers.takeSnap(GenericWrappers.java:579)
	at utils.Reporter.reportStep(Reporter.java:20)
	at utils.Reporter.reportStep(Reporter.java:43)
	at wrappers.GenericWrappers.takeSnap(GenericWrappers.java:579)
	at utils.Reporter.reportStep(Reporter.java:20)
	at utils.Reporter.reportStep(Reporter.java:43)
	at wrappers.GenericWrappers.takeSnap(GenericWrappers.java:579)
	at utils.Reporter.reportStep(Reporter.java:20)
	at utils.Reporter.reportStep(Reporter.java:43)
	at wrappers.GenericWrappers.takeSnap(GenericWrappers.java:579)
	at utils.Reporter.reportStep(Reporter.java:20)
	at utils.Reporter.reportStep(Reporter.java:43)
	at wrappers.GenericWrappers.takeSnap(GenericWrappers.java:579)
	at utils.Reporter.reportStep(Reporter.java:20)
	at utils.Reporter.reportStep(Reporter.java:43)
	at wrappers.GenericWrappers.takeSnap(GenericWrappers.java:579)
	at utils.Reporter.reportStep(Reporter.java:20)
	at utils.Reporter.reportStep(Reporter.java:43)
	at wrappers.GenericWrappers.takeSnap(GenericWrappers.java:579)
	at utils.Reporter.reportStep(Reporter.java:20)
	at utils.Reporter.reportStep(Reporter.java:43)
	at wrappers.GenericWrappers.takeSnap(GenericWrappers.java:579)
	at utils.Reporter.reportStep(Reporter.java:20)
	at utils.Reporter.reportStep(Reporter.java:43)
	at wrappers.GenericWrappers.takeSnap(GenericWrappers.java:579)
	at utils.Reporter.reportStep(Reporter.java:20)
	at utils.Reporter.reportStep(Reporter.java:43)
	at wrappers.GenericWrappers.takeSnap(GenericWrappers.java:579)
	at utils.Reporter.reportStep(Reporter.java:20)
	at utils.Reporter.reportStep(Reporter.java:43)
	at wrappers.GenericWrappers.takeSnap(GenericWrappers.java:579)
	at utils.Reporter.reportStep(Reporter.java:20)
	at utils.Reporter.reportStep(Reporter.java:43)
	at wrappers.GenericWrappers.takeSnap(GenericWrappers.java:579)
	at utils.Reporter.reportStep(Reporter.java:20)
	at utils.Reporter.reportStep(Reporter.java:43)
	at wrappers.GenericWrappers.takeSnap(GenericWrappers.java:579)
	at utils.Reporter.reportStep(Reporter.java:20)
	at utils.Reporter.reportStep(Reporter.java:43)
	at wrappers.GenericWrappers.takeSnap(GenericWrappers.java:579)
	at utils.Reporter.reportStep(Reporter.java:20)
	at utils.Reporter.reportStep(Reporter.java:43)
	at wrappers.GenericWrappers.takeSnap(GenericWrappers.java:579)
	at utils.Reporter.reportStep(Reporter.java:20)
	at utils.Reporter.reportStep(Reporter.java:43)
	at wrappers.GenericWrappers.takeSnap(GenericWrappers.java:579)
	at utils.Reporter.reportStep(Reporter.java:20)
	at utils.Reporter.reportStep(Reporter.java:43)
	at wrappers.GenericWrappers.takeSnap(GenericWrappers.java:579)
	at utils.Reporter.reportStep(Reporter.java:20)
	at utils.Reporter.reportStep(Reporter.java:43)
	at wrappers.GenericWrappers.takeSnap(GenericWrappers.java:579)
	at utils.Reporter.reportStep(Reporter.java:20)
	at utils.Reporter.reportStep(Reporter.java:43)
	at wrappers.GenericWrappers.takeSnap(GenericWrappers.java:579)
	at utils.Reporter.reportStep(Reporter.java:20)
	at utils.Reporter.reportStep(Reporter.java:43)
	at wrappers.GenericWrappers.takeSnap(GenericWrappers.java:579)
	at utils.Reporter.reportStep(Reporter.java:20)
	at utils.Reporter.reportStep(Reporter.java:43)
	at wrappers.GenericWrappers.takeSnap(GenericWrappers.java:579)
	at utils.Reporter.reportStep(Reporter.java:20)
	at utils.Reporter.reportStep(Reporter.java:43)
	at wrappers.GenericWrappers.takeSnap(GenericWrappers.java:579)
	at utils.Reporter.reportStep(Reporter.java:20)
	at utils.Reporter.reportStep(Reporter.java:43)
	at wrappers.GenericWrappers.takeSnap(GenericWrappers.java:579)
	at utils.Reporter.reportStep(Reporter.java:20)
	at utils.Reporter.reportStep(Reporter.java:43)
	at wrappers.GenericWrappers.takeSnap(GenericWrappers.java:579)
	at utils.Reporter.reportStep(Reporter.java:20)
	at utils.Reporter.reportStep(Reporter.java:43)
	at wrappers.GenericWrappers.takeSnap(GenericWrappers.java:579)
	at utils.Reporter.reportStep(Reporter.java:20)
	at utils.Reporter.reportStep(Reporter.java:43)
	at wrappers.GenericWrappers.takeSnap(GenericWrappers.java:579)
	at utils.Reporter.reportStep(Reporter.java:20)
	at utils.Reporter.reportStep(Reporter.java:43)
	at wrappers.GenericWrappers.takeSnap(GenericWrappers.java:579)
	at utils.Reporter.reportStep(Reporter.java:20)
	at utils.Reporter.reportStep(Reporter.java:43)
	at wrappers.GenericWrappers.takeSnap(GenericWrappers.java:579)
	at utils.Reporter.reportStep(Reporter.java:20)
	at utils.Reporter.reportStep(Reporter.java:43)
	at wrappers.GenericWrappers.takeSnap(GenericWrappers.java:579)
	at utils.Reporter.reportStep(Reporter.java:20)
	at utils.Reporter.reportStep(Reporter.java:43)
	at wrappers.GenericWrappers.takeSnap(GenericWrappers.java:579)
	at utils.Reporter.reportStep(Reporter.java:20)
	at utils.Reporter.reportStep(Reporter.java:43)
	at wrappers.GenericWrappers.takeSnap(GenericWrappers.java:579)
	at utils.Reporter.reportStep(Reporter.java:20)
	at utils.Reporter.reportStep(Reporter.java:43)
	at wrappers.GenericWrappers.takeSnap(GenericWrappers.java:579)
	at utils.Reporter.reportStep(Reporter.java:20)
	at utils.Reporter.reportStep(Reporter.java:43)
	at wrappers.GenericWrappers.takeSnap(GenericWrappers.java:579)
	at utils.Reporter.reportStep(Reporter.java:20)
	at utils.Reporter.reportStep(Reporter.java:43)
	at wrappers.GenericWrappers.takeSnap(GenericWrappers.java:579)
	at utils.Reporter.reportStep(Reporter.java:20)
	at utils.Reporter.reportStep(Reporter.java:43)
	at wrappers.GenericWrappers.takeSnap(GenericWrappers.java:579)
	at utils.Reporter.reportStep(Reporter.java:20)
	at utils.Reporter.reportStep(Reporter.java:43)
	at wrappers.GenericWrappers.takeSnap(GenericWrappers.java:579)
	at utils.Reporter.reportStep(Reporter.java:20)
	at utils.Reporter.reportStep(Reporter.java:43)
	at wrappers.GenericWrappers.takeSnap(GenericWrappers.java:579)
	at utils.Reporter.reportStep(Reporter.java:20)
	at utils.Reporter.reportStep(Reporter.java:43)
	at wrappers.GenericWrappers.takeSnap(GenericWrappers.java:579)
	at utils.Reporter.reportStep(Reporter.java:20)
	at utils.Reporter.reportStep(Reporter.java:43)
	at wrappers.GenericWrappers.takeSnap(GenericWrappers.java:579)
	at utils.Reporter.reportStep(Reporter.java:20)
	at utils.Reporter.reportStep(Reporter.java:43)
	at wrappers.GenericWrappers.takeSnap(GenericWrappers.java:579)
	at utils.Reporter.reportStep(Reporter.java:20)
	at utils.Reporter.reportStep(Reporter.java:43)
	at wrappers.GenericWrappers.takeSnap(GenericWrappers.java:579)
	at utils.Reporter.reportStep(Reporter.java:20)
	at utils.Reporter.reportStep(Reporter.java:43)
	at wrappers.GenericWrappers.takeSnap(GenericWrappers.java:579)
	at utils.Reporter.reportStep(Reporter.java:20)
	at utils.Reporter.reportStep(Reporter.java:43)
	at wrappers.GenericWrappers.takeSnap(GenericWrappers.java:579)
	at utils.Reporter.reportStep(Reporter.java:20)
	at utils.Reporter.reportStep(Reporter.java:43)
]]>
            </full-stacktrace>
          </exception> <!-- java.lang.StackOverflowError -->
          <reporter-output>
          </reporter-output>
        </test-method> <!-- loginLogOut -->
        <test-method status="SKIP" signature="afterTest()[pri:0, instance:testcases.TC001_Login@1a485d2]" name="afterTest" is-config="true" duration-ms="0" started-at="2019-10-27T14:55:26Z" finished-at="2019-10-27T14:55:26Z">
          <reporter-output>
          </reporter-output>
        </test-method> <!-- afterTest -->
        <test-method status="SKIP" signature="afterSuite()[pri:0, instance:testcases.TC001_Login@1a485d2]" name="afterSuite" is-config="true" duration-ms="0" started-at="2019-10-27T14:55:26Z" finished-at="2019-10-27T14:55:26Z">
          <reporter-output>
          </reporter-output>
        </test-method> <!-- afterSuite -->
      </class> <!-- testcases.TC001_Login -->
    </test> <!-- Test -->
  </suite> <!-- Suite -->
</testng-results>
