<?xml version="1.0" encoding="UTF-8"?>
<!-- Generated by org.testng.reporters.JUnitReportReporter -->
<testsuite skipped="0" hostname="123-PC" name="testcases.TC001_Login" tests="2" failures="0" timestamp="31 Aug 2019 17:02:56 GMT" time="180.019" errors="2">
  <testcase name="loginLogOut" time="140.852" classname="testcases.TC001_Login">
    <error type="java.lang.StackOverflowError">
      <![CDATA[java.lang.StackOverflowError
at java.security.AccessController.doPrivileged(Native Method)
at java.net.URLClassLoader.findClass(Unknown Source)
at java.lang.ClassLoader.loadClass(Unknown Source)
at java.lang.ClassLoader.loadClass(Unknown Source)
at sun.misc.Launcher$AppClassLoader.loadClass(Unknown Source)
at java.lang.ClassLoader.loadClass(Unknown Source)
at org.openqa.selenium.remote.service.DriverCommandExecutor.execute(DriverCommandExecutor.java:84)
at org.openqa.selenium.remote.RemoteWebDriver.execute(RemoteWebDriver.java:637)
at org.openqa.selenium.remote.RemoteWebDriver.execute(RemoteWebDriver.java:694)
at org.openqa.selenium.remote.RemoteWebDriver.getScreenshotAs(RemoteWebDriver.java:382)
at wrappers.GenericWrappers.takeSnap(GenericWrappers.java:577)
at utils.Reporter.reportStep(Reporter.java:20)
at utils.Reporter.reportStep(Reporter.java:43)
at wrappers.GenericWrappers.takeSnap(GenericWrappers.java:579)
at utils.Reporter.reportStep(Reporter.java:20)
at utils.Reporter.reportStep(Reporter.java:43)
at wrappers.GenericWrappers.takeSnap(GenericWrappers.java:579)
at utils.Reporter.reportStep(Reporter.java:20)
at utils.Reporter.reportStep(Reporter.java:43)
at wrappers.GenericWrappers.takeSnap(GenericWrappers.java:579)
at utils.Reporter.reportStep(Reporter.java:20)
at utils.Reporter.reportStep(Reporter.java:43)
at wrappers.GenericWrappers.takeSnap(GenericWrappers.java:579)
at utils.Reporter.reportStep(Reporter.java:20)
at utils.Reporter.reportStep(Reporter.java:43)
at wrappers.GenericWrappers.takeSnap(GenericWrappers.java:579)
at utils.Reporter.reportStep(Reporter.java:20)
at utils.Reporter.reportStep(Reporter.java:43)
at wrappers.GenericWrappers.takeSnap(GenericWrappers.java:579)
at utils.Reporter.reportStep(Reporter.java:20)
at utils.Reporter.reportStep(Reporter.java:43)
at wrappers.GenericWrappers.takeSnap(GenericWrappers.java:579)
at utils.Reporter.reportStep(Reporter.java:20)
at utils.Reporter.reportStep(Reporter.java:43)
at wrappers.GenericWrappers.takeSnap(GenericWrappers.java:579)
at utils.Reporter.reportStep(Reporter.java:20)
at utils.Reporter.reportStep(Reporter.java:43)
at wrappers.GenericWrappers.takeSnap(GenericWrappers.java:579)
at utils.Reporter.reportStep(Reporter.java:20)
at utils.Reporter.reportStep(Reporter.java:43)
at wrappers.GenericWrappers.takeSnap(GenericWrappers.java:579)
at utils.Reporter.reportStep(Reporter.java:20)
at utils.Reporter.reportStep(Reporter.java:43)
at wrappers.GenericWrappers.takeSnap(GenericWrappers.java:579)
at utils.Reporter.reportStep(Reporter.java:20)
at utils.Reporter.reportStep(Reporter.java:43)
at wrappers.GenericWrappers.takeSnap(GenericWrappers.java:579)
at utils.Reporter.reportStep(Reporter.java:20)
at utils.Reporter.reportStep(Reporter.java:43)
at wrappers.GenericWrappers.takeSnap(GenericWrappers.java:579)
at utils.Reporter.reportStep(Reporter.java:20)
at utils.Reporter.reportStep(Reporter.java:43)
at wrappers.GenericWrappers.takeSnap(GenericWrappers.java:579)
at utils.Reporter.reportStep(Reporter.java:20)
at utils.Reporter.reportStep(Reporter.java:43)
at wrappers.GenericWrappers.takeSnap(GenericWrappers.java:579)
at utils.Reporter.reportStep(Reporter.java:20)
at utils.Reporter.reportStep(Reporter.java:43)
at wrappers.GenericWrappers.takeSnap(GenericWrappers.java:579)
at utils.Reporter.reportStep(Reporter.java:20)
at utils.Reporter.reportStep(Reporter.java:43)
at wrappers.GenericWrappers.takeSnap(GenericWrappers.java:579)
at utils.Reporter.reportStep(Reporter.java:20)
at utils.Reporter.reportStep(Reporter.java:43)
at wrappers.GenericWrappers.takeSnap(GenericWrappers.java:579)
at utils.Reporter.reportStep(Reporter.java:20)
at utils.Reporter.reportStep(Reporter.java:43)
at wrappers.GenericWrappers.takeSnap(GenericWrappers.java:579)
at utils.Reporter.reportStep(Reporter.java:20)
at utils.Reporter.reportStep(Reporter.java:43)
at wrappers.GenericWrappers.takeSnap(GenericWrappers.java:579)
at utils.Reporter.reportStep(Reporter.java:20)
at utils.Reporter.reportStep(Reporter.java:43)
at wrappers.GenericWrappers.takeSnap(GenericWrappers.java:579)
at utils.Reporter.reportStep(Reporter.java:20)
at utils.Reporter.reportStep(Reporter.java:43)
at wrappers.GenericWrappers.takeSnap(GenericWrappers.java:579)
at utils.Reporter.reportStep(Reporter.java:20)
at utils.Reporter.reportStep(Reporter.java:43)
at wrappers.GenericWrappers.takeSnap(GenericWrappers.java:579)
at utils.Reporter.reportStep(Reporter.java:20)
at utils.Reporter.reportStep(Reporter.java:43)
at wrappers.GenericWrappers.takeSnap(GenericWrappers.java:579)
at utils.Reporter.reportStep(Reporter.java:20)
at utils.Reporter.reportStep(Reporter.java:43)
at wrappers.GenericWrappers.takeSnap(GenericWrappers.java:579)
at utils.Reporter.reportStep(Reporter.java:20)
at utils.Reporter.reportStep(Reporter.java:43)
at wrappers.GenericWrappers.takeSnap(GenericWrappers.java:579)
at utils.Reporter.reportStep(Reporter.java:20)
at utils.Reporter.reportStep(Reporter.java:43)
at wrappers.GenericWrappers.takeSnap(GenericWrappers.java:579)
at utils.Reporter.reportStep(Reporter.java:20)
at utils.Reporter.reportStep(Reporter.java:43)
at wrappers.GenericWrappers.takeSnap(GenericWrappers.java:579)
at utils.Reporter.reportStep(Reporter.java:20)
at utils.Reporter.reportStep(Reporter.java:43)
at wrappers.GenericWrappers.takeSnap(GenericWrappers.java:579)
at utils.Reporter.reportStep(Reporter.java:20)
at utils.Reporter.reportStep(Reporter.java:43)
at wrappers.GenericWrappers.takeSnap(GenericWrappers.java:579)
at utils.Reporter.reportStep(Reporter.java:20)
at utils.Reporter.reportStep(Reporter.java:43)
at wrappers.GenericWrappers.takeSnap(GenericWrappers.java:579)
at utils.Reporter.reportStep(Reporter.java:20)
at utils.Reporter.reportStep(Reporter.java:43)
at wrappers.GenericWrappers.takeSnap(GenericWrappers.java:579)
at utils.Reporter.reportStep(Reporter.java:20)
at utils.Reporter.reportStep(Reporter.java:43)
at wrappers.GenericWrappers.takeSnap(GenericWrappers.java:579)
at utils.Reporter.reportStep(Reporter.java:20)
at utils.Reporter.reportStep(Reporter.java:43)
at wrappers.GenericWrappers.takeSnap(GenericWrappers.java:579)
at utils.Reporter.reportStep(Reporter.java:20)
at utils.Reporter.reportStep(Reporter.java:43)
at wrappers.GenericWrappers.takeSnap(GenericWrappers.java:579)
at utils.Reporter.reportStep(Reporter.java:20)
at utils.Reporter.reportStep(Reporter.java:43)
at wrappers.GenericWrappers.takeSnap(GenericWrappers.java:579)
at utils.Reporter.reportStep(Reporter.java:20)
at utils.Reporter.reportStep(Reporter.java:43)
at wrappers.GenericWrappers.takeSnap(GenericWrappers.java:579)
at utils.Reporter.reportStep(Reporter.java:20)
at utils.Reporter.reportStep(Reporter.java:43)
at wrappers.GenericWrappers.takeSnap(GenericWrappers.java:579)
at utils.Reporter.reportStep(Reporter.java:20)
at utils.Reporter.reportStep(Reporter.java:43)
at wrappers.GenericWrappers.takeSnap(GenericWrappers.java:579)
at utils.Reporter.reportStep(Reporter.java:20)
at utils.Reporter.reportStep(Reporter.java:43)
at wrappers.GenericWrappers.takeSnap(GenericWrappers.java:579)
at utils.Reporter.reportStep(Reporter.java:20)
at utils.Reporter.reportStep(Reporter.java:43)
at wrappers.GenericWrappers.takeSnap(GenericWrappers.java:579)
at utils.Reporter.reportStep(Reporter.java:20)
at utils.Reporter.reportStep(Reporter.java:43)
at wrappers.GenericWrappers.takeSnap(GenericWrappers.java:579)
at utils.Reporter.reportStep(Reporter.java:20)
at utils.Reporter.reportStep(Reporter.java:43)
at wrappers.GenericWrappers.takeSnap(GenericWrappers.java:579)
at utils.Reporter.reportStep(Reporter.java:20)
at utils.Reporter.reportStep(Reporter.java:43)
at wrappers.GenericWrappers.takeSnap(GenericWrappers.java:579)
at utils.Reporter.reportStep(Reporter.java:20)
at utils.Reporter.reportStep(Reporter.java:43)
at wrappers.GenericWrappers.takeSnap(GenericWrappers.java:579)
at utils.Reporter.reportStep(Reporter.java:20)
at utils.Reporter.reportStep(Reporter.java:43)
at wrappers.GenericWrappers.takeSnap(GenericWrappers.java:579)
at utils.Reporter.reportStep(Reporter.java:20)
at utils.Reporter.reportStep(Reporter.java:43)
at wrappers.GenericWrappers.takeSnap(GenericWrappers.java:579)
at utils.Reporter.reportStep(Reporter.java:20)
at utils.Reporter.reportStep(Reporter.java:43)
at wrappers.GenericWrappers.takeSnap(GenericWrappers.java:579)
at utils.Reporter.reportStep(Reporter.java:20)
at utils.Reporter.reportStep(Reporter.java:43)
at wrappers.GenericWrappers.takeSnap(GenericWrappers.java:579)
at utils.Reporter.reportStep(Reporter.java:20)
at utils.Reporter.reportStep(Reporter.java:43)
at wrappers.GenericWrappers.takeSnap(GenericWrappers.java:579)
at utils.Reporter.reportStep(Reporter.java:20)
at utils.Reporter.reportStep(Reporter.java:43)
at wrappers.GenericWrappers.takeSnap(GenericWrappers.java:579)
at utils.Reporter.reportStep(Reporter.java:20)
at utils.Reporter.reportStep(Reporter.java:43)
at wrappers.GenericWrappers.takeSnap(GenericWrappers.java:579)
at utils.Reporter.reportStep(Reporter.java:20)
at utils.Reporter.reportStep(Reporter.java:43)
at wrappers.GenericWrappers.takeSnap(GenericWrappers.java:579)
at utils.Reporter.reportStep(Reporter.java:20)
at utils.Reporter.reportStep(Reporter.java:43)
at wrappers.GenericWrappers.takeSnap(GenericWrappers.java:579)
at utils.Reporter.reportStep(Reporter.java:20)
at utils.Reporter.reportStep(Reporter.java:43)
at wrappers.GenericWrappers.takeSnap(GenericWrappers.java:579)
at utils.Reporter.reportStep(Reporter.java:20)
at utils.Reporter.reportStep(Reporter.java:43)
at wrappers.GenericWrappers.takeSnap(GenericWrappers.java:579)
at utils.Reporter.reportStep(Reporter.java:20)
at utils.Reporter.reportStep(Reporter.java:43)
at wrappers.GenericWrappers.takeSnap(GenericWrappers.java:579)
at utils.Reporter.reportStep(Reporter.java:20)
at utils.Reporter.reportStep(Reporter.java:43)
at wrappers.GenericWrappers.takeSnap(GenericWrappers.java:579)
at utils.Reporter.reportStep(Reporter.java:20)
at utils.Reporter.reportStep(Reporter.java:43)
at wrappers.GenericWrappers.takeSnap(GenericWrappers.java:579)
at utils.Reporter.reportStep(Reporter.java:20)
at utils.Reporter.reportStep(Reporter.java:43)
at wrappers.GenericWrappers.takeSnap(GenericWrappers.java:579)
at utils.Reporter.reportStep(Reporter.java:20)
at utils.Reporter.reportStep(Reporter.java:43)
at wrappers.GenericWrappers.takeSnap(GenericWrappers.java:579)
at utils.Reporter.reportStep(Reporter.java:20)
at utils.Reporter.reportStep(Reporter.java:43)
at wrappers.GenericWrappers.takeSnap(GenericWrappers.java:579)
at utils.Reporter.reportStep(Reporter.java:20)
at utils.Reporter.reportStep(Reporter.java:43)
at wrappers.GenericWrappers.takeSnap(GenericWrappers.java:579)
at utils.Reporter.reportStep(Reporter.java:20)
at utils.Reporter.reportStep(Reporter.java:43)
at wrappers.GenericWrappers.takeSnap(GenericWrappers.java:579)
at utils.Reporter.reportStep(Reporter.java:20)
at utils.Reporter.reportStep(Reporter.java:43)
at wrappers.GenericWrappers.takeSnap(GenericWrappers.java:579)
at utils.Reporter.reportStep(Reporter.java:20)
at utils.Reporter.reportStep(Reporter.java:43)
at wrappers.GenericWrappers.takeSnap(GenericWrappers.java:579)
at utils.Reporter.reportStep(Reporter.java:20)
at utils.Reporter.reportStep(Reporter.java:43)
at wrappers.GenericWrappers.takeSnap(GenericWrappers.java:579)
at utils.Reporter.reportStep(Reporter.java:20)
at utils.Reporter.reportStep(Reporter.java:43)
at wrappers.GenericWrappers.takeSnap(GenericWrappers.java:579)
at utils.Reporter.reportStep(Reporter.java:20)
at utils.Reporter.reportStep(Reporter.java:43)
at wrappers.GenericWrappers.takeSnap(GenericWrappers.java:579)
at utils.Reporter.reportStep(Reporter.java:20)
at utils.Reporter.reportStep(Reporter.java:43)
at wrappers.GenericWrappers.takeSnap(GenericWrappers.java:579)
at utils.Reporter.reportStep(Reporter.java:20)
at utils.Reporter.reportStep(Reporter.java:43)
at wrappers.GenericWrappers.takeSnap(GenericWrappers.java:579)
at utils.Reporter.reportStep(Reporter.java:20)
at utils.Reporter.reportStep(Reporter.java:43)
at wrappers.GenericWrappers.takeSnap(GenericWrappers.java:579)
at utils.Reporter.reportStep(Reporter.java:20)
at utils.Reporter.reportStep(Reporter.java:43)
at wrappers.GenericWrappers.takeSnap(GenericWrappers.java:579)
at utils.Reporter.reportStep(Reporter.java:20)
at utils.Reporter.reportStep(Reporter.java:43)
at wrappers.GenericWrappers.takeSnap(GenericWrappers.java:579)
at utils.Reporter.reportStep(Reporter.java:20)
at utils.Reporter.reportStep(Reporter.java:43)
at wrappers.GenericWrappers.takeSnap(GenericWrappers.java:579)
at utils.Reporter.reportStep(Reporter.java:20)
at utils.Reporter.reportStep(Reporter.java:43)
at wrappers.GenericWrappers.takeSnap(GenericWrappers.java:579)
at utils.Reporter.reportStep(Reporter.java:20)
at utils.Reporter.reportStep(Reporter.java:43)
at wrappers.GenericWrappers.takeSnap(GenericWrappers.java:579)
at utils.Reporter.reportStep(Reporter.java:20)
at utils.Reporter.reportStep(Reporter.java:43)
at wrappers.GenericWrappers.takeSnap(GenericWrappers.java:579)
at utils.Reporter.reportStep(Reporter.java:20)
at utils.Reporter.reportStep(Reporter.java:43)
at wrappers.GenericWrappers.takeSnap(GenericWrappers.java:579)
at utils.Reporter.reportStep(Reporter.java:20)
at utils.Reporter.reportStep(Reporter.java:43)
at wrappers.GenericWrappers.takeSnap(GenericWrappers.java:579)
at utils.Reporter.reportStep(Reporter.java:20)
at utils.Reporter.reportStep(Reporter.java:43)
at wrappers.GenericWrappers.takeSnap(GenericWrappers.java:579)
at utils.Reporter.reportStep(Reporter.java:20)
at utils.Reporter.reportStep(Reporter.java:43)
at wrappers.GenericWrappers.takeSnap(GenericWrappers.java:579)
at utils.Reporter.reportStep(Reporter.java:20)
at utils.Reporter.reportStep(Reporter.java:43)
at wrappers.GenericWrappers.takeSnap(GenericWrappers.java:579)
at utils.Reporter.reportStep(Reporter.java:20)
at utils.Reporter.reportStep(Reporter.java:43)
at wrappers.GenericWrappers.takeSnap(GenericWrappers.java:579)
at utils.Reporter.reportStep(Reporter.java:20)
at utils.Reporter.reportStep(Reporter.java:43)
at wrappers.GenericWrappers.takeSnap(GenericWrappers.java:579)
at utils.Reporter.reportStep(Reporter.java:20)
at utils.Reporter.reportStep(Reporter.java:43)
at wrappers.GenericWrappers.takeSnap(GenericWrappers.java:579)
at utils.Reporter.reportStep(Reporter.java:20)
at utils.Reporter.reportStep(Reporter.java:43)
at wrappers.GenericWrappers.takeSnap(GenericWrappers.java:579)
at utils.Reporter.reportStep(Reporter.java:20)
at utils.Reporter.reportStep(Reporter.java:43)
at wrappers.GenericWrappers.takeSnap(GenericWrappers.java:579)
at utils.Reporter.reportStep(Reporter.java:20)
at utils.Reporter.reportStep(Reporter.java:43)
at wrappers.GenericWrappers.takeSnap(GenericWrappers.java:579)
at utils.Reporter.reportStep(Reporter.java:20)
at utils.Reporter.reportStep(Reporter.java:43)
at wrappers.GenericWrappers.takeSnap(GenericWrappers.java:579)
at utils.Reporter.reportStep(Reporter.java:20)
at utils.Reporter.reportStep(Reporter.java:43)
at wrappers.GenericWrappers.takeSnap(GenericWrappers.java:579)
at utils.Reporter.reportStep(Reporter.java:20)
at utils.Reporter.reportStep(Reporter.java:43)
at wrappers.GenericWrappers.takeSnap(GenericWrappers.java:579)
at utils.Reporter.reportStep(Reporter.java:20)
at utils.Reporter.reportStep(Reporter.java:43)
at wrappers.GenericWrappers.takeSnap(GenericWrappers.java:579)
at utils.Reporter.reportStep(Reporter.java:20)
at utils.Reporter.reportStep(Reporter.java:43)
at wrappers.GenericWrappers.takeSnap(GenericWrappers.java:579)
at utils.Reporter.reportStep(Reporter.java:20)
at utils.Reporter.reportStep(Reporter.java:43)
at wrappers.GenericWrappers.takeSnap(GenericWrappers.java:579)
at utils.Reporter.reportStep(Reporter.java:20)
at utils.Reporter.reportStep(Reporter.java:43)
at wrappers.GenericWrappers.takeSnap(GenericWrappers.java:579)
at utils.Reporter.reportStep(Reporter.java:20)
at utils.Reporter.reportStep(Reporter.java:43)
at wrappers.GenericWrappers.takeSnap(GenericWrappers.java:579)
at utils.Reporter.reportStep(Reporter.java:20)
at utils.Reporter.reportStep(Reporter.java:43)
at wrappers.GenericWrappers.takeSnap(GenericWrappers.java:579)
at utils.Reporter.reportStep(Reporter.java:20)
at utils.Reporter.reportStep(Reporter.java:43)
at wrappers.GenericWrappers.takeSnap(GenericWrappers.java:579)
at utils.Reporter.reportStep(Reporter.java:20)
at utils.Reporter.reportStep(Reporter.java:43)
at wrappers.GenericWrappers.takeSnap(GenericWrappers.java:579)
at utils.Reporter.reportStep(Reporter.java:20)
at utils.Reporter.reportStep(Reporter.java:43)
at wrappers.GenericWrappers.takeSnap(GenericWrappers.java:579)
at utils.Reporter.reportStep(Reporter.java:20)
at utils.Reporter.reportStep(Reporter.java:43)
at wrappers.GenericWrappers.takeSnap(GenericWrappers.java:579)
at utils.Reporter.reportStep(Reporter.java:20)
at utils.Reporter.reportStep(Reporter.java:43)
at wrappers.GenericWrappers.takeSnap(GenericWrappers.java:579)
at utils.Reporter.reportStep(Reporter.java:20)
at utils.Reporter.reportStep(Reporter.java:43)
at wrappers.GenericWrappers.takeSnap(GenericWrappers.java:579)
at utils.Reporter.reportStep(Reporter.java:20)
at utils.Reporter.reportStep(Reporter.java:43)
at wrappers.GenericWrappers.takeSnap(GenericWrappers.java:579)
at utils.Reporter.reportStep(Reporter.java:20)
at utils.Reporter.reportStep(Reporter.java:43)
at wrappers.GenericWrappers.takeSnap(GenericWrappers.java:579)
at utils.Reporter.reportStep(Reporter.java:20)
at utils.Reporter.reportStep(Reporter.java:43)
at wrappers.GenericWrappers.takeSnap(GenericWrappers.java:579)
at utils.Reporter.reportStep(Reporter.java:20)
at utils.Reporter.reportStep(Reporter.java:43)
at wrappers.GenericWrappers.takeSnap(GenericWrappers.java:579)
at utils.Reporter.reportStep(Reporter.java:20)
at utils.Reporter.reportStep(Reporter.java:43)
at wrappers.GenericWrappers.takeSnap(GenericWrappers.java:579)
at utils.Reporter.reportStep(Reporter.java:20)
at utils.Reporter.reportStep(Reporter.java:43)
at wrappers.GenericWrappers.takeSnap(GenericWrappers.java:579)
at utils.Reporter.reportStep(Reporter.java:20)
at utils.Reporter.reportStep(Reporter.java:43)
at wrappers.GenericWrappers.takeSnap(GenericWrappers.java:579)
at utils.Reporter.reportStep(Reporter.java:20)
at utils.Reporter.reportStep(Reporter.java:43)
at wrappers.GenericWrappers.takeSnap(GenericWrappers.java:579)
at utils.Reporter.reportStep(Reporter.java:20)
at utils.Reporter.reportStep(Reporter.java:43)
at wrappers.GenericWrappers.takeSnap(GenericWrappers.java:579)
at utils.Reporter.reportStep(Reporter.java:20)
at utils.Reporter.reportStep(Reporter.java:43)
at wrappers.GenericWrappers.takeSnap(GenericWrappers.java:579)
at utils.Reporter.reportStep(Reporter.java:20)
at utils.Reporter.reportStep(Reporter.java:43)
at wrappers.GenericWrappers.takeSnap(GenericWrappers.java:579)
at utils.Reporter.reportStep(Reporter.java:20)
at utils.Reporter.reportStep(Reporter.java:43)
at wrappers.GenericWrappers.takeSnap(GenericWrappers.java:579)
at utils.Reporter.reportStep(Reporter.java:20)
at utils.Reporter.reportStep(Reporter.java:43)
at wrappers.GenericWrappers.takeSnap(GenericWrappers.java:579)
at utils.Reporter.reportStep(Reporter.java:20)
at utils.Reporter.reportStep(Reporter.java:43)
at wrappers.GenericWrappers.takeSnap(GenericWrappers.java:579)
at utils.Reporter.reportStep(Reporter.java:20)
at utils.Reporter.reportStep(Reporter.java:43)
at wrappers.GenericWrappers.takeSnap(GenericWrappers.java:579)
at utils.Reporter.reportStep(Reporter.java:20)
at utils.Reporter.reportStep(Reporter.java:43)
at wrappers.GenericWrappers.takeSnap(GenericWrappers.java:579)
at utils.Reporter.reportStep(Reporter.java:20)
at utils.Reporter.reportStep(Reporter.java:43)
at wrappers.GenericWrappers.takeSnap(GenericWrappers.java:579)
at utils.Reporter.reportStep(Reporter.java:20)
at utils.Reporter.reportStep(Reporter.java:43)
at wrappers.GenericWrappers.takeSnap(GenericWrappers.java:579)
at utils.Reporter.reportStep(Reporter.java:20)
at utils.Reporter.reportStep(Reporter.java:43)
at wrappers.GenericWrappers.takeSnap(GenericWrappers.java:579)
at utils.Reporter.reportStep(Reporter.java:20)
at utils.Reporter.reportStep(Reporter.java:43)
at wrappers.GenericWrappers.takeSnap(GenericWrappers.java:579)
at utils.Reporter.reportStep(Reporter.java:20)
at utils.Reporter.reportStep(Reporter.java:43)
at wrappers.GenericWrappers.takeSnap(GenericWrappers.java:579)
at utils.Reporter.reportStep(Reporter.java:20)
at utils.Reporter.reportStep(Reporter.java:43)
at wrappers.GenericWrappers.takeSnap(GenericWrappers.java:579)
at utils.Reporter.reportStep(Reporter.java:20)
at utils.Reporter.reportStep(Reporter.java:43)
at wrappers.GenericWrappers.takeSnap(GenericWrappers.java:579)
at utils.Reporter.reportStep(Reporter.java:20)
at utils.Reporter.reportStep(Reporter.java:43)
at wrappers.GenericWrappers.takeSnap(GenericWrappers.java:579)
at utils.Reporter.reportStep(Reporter.java:20)
at utils.Reporter.reportStep(Reporter.java:43)
at wrappers.GenericWrappers.takeSnap(GenericWrappers.java:579)
at utils.Reporter.reportStep(Reporter.java:20)
at utils.Reporter.reportStep(Reporter.java:43)
at wrappers.GenericWrappers.takeSnap(GenericWrappers.java:579)
at utils.Reporter.reportStep(Reporter.java:20)
at utils.Reporter.reportStep(Reporter.java:43)
at wrappers.GenericWrappers.takeSnap(GenericWrappers.java:579)
at utils.Reporter.reportStep(Reporter.java:20)
at utils.Reporter.reportStep(Reporter.java:43)
at wrappers.GenericWrappers.takeSnap(GenericWrappers.java:579)
at utils.Reporter.reportStep(Reporter.java:20)
at utils.Reporter.reportStep(Reporter.java:43)
at wrappers.GenericWrappers.takeSnap(GenericWrappers.java:579)
at utils.Reporter.reportStep(Reporter.java:20)
at utils.Reporter.reportStep(Reporter.java:43)
at wrappers.GenericWrappers.takeSnap(GenericWrappers.java:579)
at utils.Reporter.reportStep(Reporter.java:20)
at utils.Reporter.reportStep(Reporter.java:43)
at wrappers.GenericWrappers.takeSnap(GenericWrappers.java:579)
at utils.Reporter.reportStep(Reporter.java:20)
at utils.Reporter.reportStep(Reporter.java:43)
at wrappers.GenericWrappers.takeSnap(GenericWrappers.java:579)
at utils.Reporter.reportStep(Reporter.java:20)
at utils.Reporter.reportStep(Reporter.java:43)
at wrappers.GenericWrappers.takeSnap(GenericWrappers.java:579)
at utils.Reporter.reportStep(Reporter.java:20)
at utils.Reporter.reportStep(Reporter.java:43)
at wrappers.GenericWrappers.takeSnap(GenericWrappers.java:579)
at utils.Reporter.reportStep(Reporter.java:20)
at utils.Reporter.reportStep(Reporter.java:43)
at wrappers.GenericWrappers.takeSnap(GenericWrappers.java:579)
at utils.Reporter.reportStep(Reporter.java:20)
at utils.Reporter.reportStep(Reporter.java:43)
at wrappers.GenericWrappers.takeSnap(GenericWrappers.java:579)
at utils.Reporter.reportStep(Reporter.java:20)
at utils.Reporter.reportStep(Reporter.java:43)
at wrappers.GenericWrappers.takeSnap(GenericWrappers.java:579)
at utils.Reporter.reportStep(Reporter.java:20)
at utils.Reporter.reportStep(Reporter.java:43)
at wrappers.GenericWrappers.takeSnap(GenericWrappers.java:579)
at utils.Reporter.reportStep(Reporter.java:20)
at utils.Reporter.reportStep(Reporter.java:43)
at wrappers.GenericWrappers.takeSnap(GenericWrappers.java:579)
at utils.Reporter.reportStep(Reporter.java:20)
at utils.Reporter.reportStep(Reporter.java:43)
at wrappers.GenericWrappers.takeSnap(GenericWrappers.java:579)
at utils.Reporter.reportStep(Reporter.java:20)
at utils.Reporter.reportStep(Reporter.java:43)
at wrappers.GenericWrappers.takeSnap(GenericWrappers.java:579)
at utils.Reporter.reportStep(Reporter.java:20)
at utils.Reporter.reportStep(Reporter.java:43)
at wrappers.GenericWrappers.takeSnap(GenericWrappers.java:579)
at utils.Reporter.reportStep(Reporter.java:20)
at utils.Reporter.reportStep(Reporter.java:43)
at wrappers.GenericWrappers.takeSnap(GenericWrappers.java:579)
at utils.Reporter.reportStep(Reporter.java:20)
at utils.Reporter.reportStep(Reporter.java:43)
at wrappers.GenericWrappers.takeSnap(GenericWrappers.java:579)
at utils.Reporter.reportStep(Reporter.java:20)
at utils.Reporter.reportStep(Reporter.java:43)
at wrappers.GenericWrappers.takeSnap(GenericWrappers.java:579)
at utils.Reporter.reportStep(Reporter.java:20)
at utils.Reporter.reportStep(Reporter.java:43)
at wrappers.GenericWrappers.takeSnap(GenericWrappers.java:579)
at utils.Reporter.reportStep(Reporter.java:20)
at utils.Reporter.reportStep(Reporter.java:43)
at wrappers.GenericWrappers.takeSnap(GenericWrappers.java:579)
at utils.Reporter.reportStep(Reporter.java:20)
at utils.Reporter.reportStep(Reporter.java:43)
at wrappers.GenericWrappers.takeSnap(GenericWrappers.java:579)
at utils.Reporter.reportStep(Reporter.java:20)
at utils.Reporter.reportStep(Reporter.java:43)
at wrappers.GenericWrappers.takeSnap(GenericWrappers.java:579)
at utils.Reporter.reportStep(Reporter.java:20)
at utils.Reporter.reportStep(Reporter.java:43)
at wrappers.GenericWrappers.takeSnap(GenericWrappers.java:579)
at utils.Reporter.reportStep(Reporter.java:20)
at utils.Reporter.reportStep(Reporter.java:43)
at wrappers.GenericWrappers.takeSnap(GenericWrappers.java:579)
at utils.Reporter.reportStep(Reporter.java:20)
at utils.Reporter.reportStep(Reporter.java:43)
at wrappers.GenericWrappers.takeSnap(GenericWrappers.java:579)
at utils.Reporter.reportStep(Reporter.java:20)
at utils.Reporter.reportStep(Reporter.java:43)
at wrappers.GenericWrappers.takeSnap(GenericWrappers.java:579)
at utils.Reporter.reportStep(Reporter.java:20)
at utils.Reporter.reportStep(Reporter.java:43)
at wrappers.GenericWrappers.takeSnap(GenericWrappers.java:579)
at utils.Reporter.reportStep(Reporter.java:20)
at utils.Reporter.reportStep(Reporter.java:43)
at wrappers.GenericWrappers.takeSnap(GenericWrappers.java:579)
at utils.Reporter.reportStep(Reporter.java:20)
at utils.Reporter.reportStep(Reporter.java:43)
at wrappers.GenericWrappers.takeSnap(GenericWrappers.java:579)
at utils.Reporter.reportStep(Reporter.java:20)
at utils.Reporter.reportStep(Reporter.java:43)
at wrappers.GenericWrappers.takeSnap(GenericWrappers.java:579)
at utils.Reporter.reportStep(Reporter.java:20)
at utils.Reporter.reportStep(Reporter.java:43)
at wrappers.GenericWrappers.takeSnap(GenericWrappers.java:579)
at utils.Reporter.reportStep(Reporter.java:20)
at utils.Reporter.reportStep(Reporter.java:43)
at wrappers.GenericWrappers.takeSnap(GenericWrappers.java:579)
at utils.Reporter.reportStep(Reporter.java:20)
at utils.Reporter.reportStep(Reporter.java:43)
at wrappers.GenericWrappers.takeSnap(GenericWrappers.java:579)
at utils.Reporter.reportStep(Reporter.java:20)
at utils.Reporter.reportStep(Reporter.java:43)
at wrappers.GenericWrappers.takeSnap(GenericWrappers.java:579)
at utils.Reporter.reportStep(Reporter.java:20)
at utils.Reporter.reportStep(Reporter.java:43)
at wrappers.GenericWrappers.takeSnap(GenericWrappers.java:579)
at utils.Reporter.reportStep(Reporter.java:20)
at utils.Reporter.reportStep(Reporter.java:43)
at wrappers.GenericWrappers.takeSnap(GenericWrappers.java:579)
at utils.Reporter.reportStep(Reporter.java:20)
at utils.Reporter.reportStep(Reporter.java:43)
at wrappers.GenericWrappers.takeSnap(GenericWrappers.java:579)
at utils.Reporter.reportStep(Reporter.java:20)
at utils.Reporter.reportStep(Reporter.java:43)
at wrappers.GenericWrappers.takeSnap(GenericWrappers.java:579)
at utils.Reporter.reportStep(Reporter.java:20)
at utils.Reporter.reportStep(Reporter.java:43)
at wrappers.GenericWrappers.takeSnap(GenericWrappers.java:579)
at utils.Reporter.reportStep(Reporter.java:20)
at utils.Reporter.reportStep(Reporter.java:43)
at wrappers.GenericWrappers.takeSnap(GenericWrappers.java:579)
at utils.Reporter.reportStep(Reporter.java:20)
at utils.Reporter.reportStep(Reporter.java:43)
at wrappers.GenericWrappers.takeSnap(GenericWrappers.java:579)
at utils.Reporter.reportStep(Reporter.java:20)
at utils.Reporter.reportStep(Reporter.java:43)
at wrappers.GenericWrappers.takeSnap(GenericWrappers.java:579)
at utils.Reporter.reportStep(Reporter.java:20)
at utils.Reporter.reportStep(Reporter.java:43)
at wrappers.GenericWrappers.takeSnap(GenericWrappers.java:579)
at utils.Reporter.reportStep(Reporter.java:20)
at utils.Reporter.reportStep(Reporter.java:43)
at wrappers.GenericWrappers.takeSnap(GenericWrappers.java:579)
at utils.Reporter.reportStep(Reporter.java:20)
at utils.Reporter.reportStep(Reporter.java:43)
at wrappers.GenericWrappers.takeSnap(GenericWrappers.java:579)
at utils.Reporter.reportStep(Reporter.java:20)
at utils.Reporter.reportStep(Reporter.java:43)
at wrappers.GenericWrappers.takeSnap(GenericWrappers.java:579)
at utils.Reporter.reportStep(Reporter.java:20)
at utils.Reporter.reportStep(Reporter.java:43)
at wrappers.GenericWrappers.takeSnap(GenericWrappers.java:579)
at utils.Reporter.reportStep(Reporter.java:20)
at utils.Reporter.reportStep(Reporter.java:43)
at wrappers.GenericWrappers.takeSnap(GenericWrappers.java:579)
at utils.Reporter.reportStep(Reporter.java:20)
at utils.Reporter.reportStep(Reporter.java:43)
at wrappers.GenericWrappers.takeSnap(GenericWrappers.java:579)
at utils.Reporter.reportStep(Reporter.java:20)
at utils.Reporter.reportStep(Reporter.java:43)
at wrappers.GenericWrappers.takeSnap(GenericWrappers.java:579)
at utils.Reporter.reportStep(Reporter.java:20)
at utils.Reporter.reportStep(Reporter.java:43)
at wrappers.GenericWrappers.takeSnap(GenericWrappers.java:579)
at utils.Reporter.reportStep(Reporter.java:20)
at utils.Reporter.reportStep(Reporter.java:43)
at wrappers.GenericWrappers.takeSnap(GenericWrappers.java:579)
at utils.Reporter.reportStep(Reporter.java:20)
at utils.Reporter.reportStep(Reporter.java:43)
at wrappers.GenericWrappers.takeSnap(GenericWrappers.java:579)
at utils.Reporter.reportStep(Reporter.java:20)
at utils.Reporter.reportStep(Reporter.java:43)
at wrappers.GenericWrappers.takeSnap(GenericWrappers.java:579)
at utils.Reporter.reportStep(Reporter.java:20)
at utils.Reporter.reportStep(Reporter.java:43)
at wrappers.GenericWrappers.takeSnap(GenericWrappers.java:579)
at utils.Reporter.reportStep(Reporter.java:20)
at utils.Reporter.reportStep(Reporter.java:43)
at wrappers.GenericWrappers.takeSnap(GenericWrappers.java:579)
at utils.Reporter.reportStep(Reporter.java:20)
at utils.Reporter.reportStep(Reporter.java:43)
at wrappers.GenericWrappers.takeSnap(GenericWrappers.java:579)
at utils.Reporter.reportStep(Reporter.java:20)
at utils.Reporter.reportStep(Reporter.java:43)
at wrappers.GenericWrappers.takeSnap(GenericWrappers.java:579)
at utils.Reporter.reportStep(Reporter.java:20)
at utils.Reporter.reportStep(Reporter.java:43)
at wrappers.GenericWrappers.takeSnap(GenericWrappers.java:579)
at utils.Reporter.reportStep(Reporter.java:20)
at utils.Reporter.reportStep(Reporter.java:43)
at wrappers.GenericWrappers.takeSnap(GenericWrappers.java:579)
at utils.Reporter.reportStep(Reporter.java:20)
at utils.Reporter.reportStep(Reporter.java:43)
at wrappers.GenericWrappers.takeSnap(GenericWrappers.java:579)
at utils.Reporter.reportStep(Reporter.java:20)
at utils.Reporter.reportStep(Reporter.java:43)
at wrappers.GenericWrappers.takeSnap(GenericWrappers.java:579)
at utils.Reporter.reportStep(Reporter.java:20)
at utils.Reporter.reportStep(Reporter.java:43)
at wrappers.GenericWrappers.takeSnap(GenericWrappers.java:579)
at utils.Reporter.reportStep(Reporter.java:20)
at utils.Reporter.reportStep(Reporter.java:43)
at wrappers.GenericWrappers.takeSnap(GenericWrappers.java:579)
at utils.Reporter.reportStep(Reporter.java:20)
at utils.Reporter.reportStep(Reporter.java:43)
at wrappers.GenericWrappers.takeSnap(GenericWrappers.java:579)
at utils.Reporter.reportStep(Reporter.java:20)
at utils.Reporter.reportStep(Reporter.java:43)
at wrappers.GenericWrappers.takeSnap(GenericWrappers.java:579)
at utils.Reporter.reportStep(Reporter.java:20)
at utils.Reporter.reportStep(Reporter.java:43)
at wrappers.GenericWrappers.takeSnap(GenericWrappers.java:579)
at utils.Reporter.reportStep(Reporter.java:20)
at utils.Reporter.reportStep(Reporter.java:43)
at wrappers.GenericWrappers.takeSnap(GenericWrappers.java:579)
at utils.Reporter.reportStep(Reporter.java:20)
at utils.Reporter.reportStep(Reporter.java:43)
at wrappers.GenericWrappers.takeSnap(GenericWrappers.java:579)
at utils.Reporter.reportStep(Reporter.java:20)
at utils.Reporter.reportStep(Reporter.java:43)
at wrappers.GenericWrappers.takeSnap(GenericWrappers.java:579)
at utils.Reporter.reportStep(Reporter.java:20)
at utils.Reporter.reportStep(Reporter.java:43)
at wrappers.GenericWrappers.takeSnap(GenericWrappers.java:579)
at utils.Reporter.reportStep(Reporter.java:20)
at utils.Reporter.reportStep(Reporter.java:43)
at wrappers.GenericWrappers.takeSnap(GenericWrappers.java:579)
at utils.Reporter.reportStep(Reporter.java:20)
at utils.Reporter.reportStep(Reporter.java:43)
at wrappers.GenericWrappers.takeSnap(GenericWrappers.java:579)
at utils.Reporter.reportStep(Reporter.java:20)
at utils.Reporter.reportStep(Reporter.java:43)
at wrappers.GenericWrappers.takeSnap(GenericWrappers.java:579)
at utils.Reporter.reportStep(Reporter.java:20)
at utils.Reporter.reportStep(Reporter.java:43)
at wrappers.GenericWrappers.takeSnap(GenericWrappers.java:579)
at utils.Reporter.reportStep(Reporter.java:20)
at utils.Reporter.reportStep(Reporter.java:43)
at wrappers.GenericWrappers.takeSnap(GenericWrappers.java:579)
at utils.Reporter.reportStep(Reporter.java:20)
at utils.Reporter.reportStep(Reporter.java:43)
at wrappers.GenericWrappers.takeSnap(GenericWrappers.java:579)
at utils.Reporter.reportStep(Reporter.java:20)
at utils.Reporter.reportStep(Reporter.java:43)
at wrappers.GenericWrappers.takeSnap(GenericWrappers.java:579)
at utils.Reporter.reportStep(Reporter.java:20)
at utils.Reporter.reportStep(Reporter.java:43)
at wrappers.GenericWrappers.takeSnap(GenericWrappers.java:579)
at utils.Reporter.reportStep(Reporter.java:20)
at utils.Reporter.reportStep(Reporter.java:43)
at wrappers.GenericWrappers.takeSnap(GenericWrappers.java:579)
at utils.Reporter.reportStep(Reporter.java:20)
at utils.Reporter.reportStep(Reporter.java:43)
at wrappers.GenericWrappers.takeSnap(GenericWrappers.java:579)
at utils.Reporter.reportStep(Reporter.java:20)
at utils.Reporter.reportStep(Reporter.java:43)
at wrappers.GenericWrappers.takeSnap(GenericWrappers.java:579)
at utils.Reporter.reportStep(Reporter.java:20)
at utils.Reporter.reportStep(Reporter.java:43)
at wrappers.GenericWrappers.takeSnap(GenericWrappers.java:579)
at utils.Reporter.reportStep(Reporter.java:20)
at utils.Reporter.reportStep(Reporter.java:43)
at wrappers.GenericWrappers.takeSnap(GenericWrappers.java:579)
at utils.Reporter.reportStep(Reporter.java:20)
at utils.Reporter.reportStep(Reporter.java:43)
at wrappers.GenericWrappers.takeSnap(GenericWrappers.java:579)
at utils.Reporter.reportStep(Reporter.java:20)
at utils.Reporter.reportStep(Reporter.java:43)
at wrappers.GenericWrappers.takeSnap(GenericWrappers.java:579)
at utils.Reporter.reportStep(Reporter.java:20)
at utils.Reporter.reportStep(Reporter.java:43)
at wrappers.GenericWrappers.takeSnap(GenericWrappers.java:579)
at utils.Reporter.reportStep(Reporter.java:20)
at utils.Reporter.reportStep(Reporter.java:43)
at wrappers.GenericWrappers.takeSnap(GenericWrappers.java:579)
at utils.Reporter.reportStep(Reporter.java:20)
at utils.Reporter.reportStep(Reporter.java:43)
at wrappers.GenericWrappers.takeSnap(GenericWrappers.java:579)
at utils.Reporter.reportStep(Reporter.java:20)
at utils.Reporter.reportStep(Reporter.java:43)
at wrappers.GenericWrappers.takeSnap(GenericWrappers.java:579)
at utils.Reporter.reportStep(Reporter.java:20)
at utils.Reporter.reportStep(Reporter.java:43)
at wrappers.GenericWrappers.takeSnap(GenericWrappers.java:579)
at utils.Reporter.reportStep(Reporter.java:20)
at utils.Reporter.reportStep(Reporter.java:43)
at wrappers.GenericWrappers.takeSnap(GenericWrappers.java:579)
at utils.Reporter.reportStep(Reporter.java:20)
at utils.Reporter.reportStep(Reporter.java:43)
at wrappers.GenericWrappers.takeSnap(GenericWrappers.java:579)
at utils.Reporter.reportStep(Reporter.java:20)
at utils.Reporter.reportStep(Reporter.java:43)
at wrappers.GenericWrappers.takeSnap(GenericWrappers.java:579)
at utils.Reporter.reportStep(Reporter.java:20)
at utils.Reporter.reportStep(Reporter.java:43)
at wrappers.GenericWrappers.takeSnap(GenericWrappers.java:579)
at utils.Reporter.reportStep(Reporter.java:20)
at utils.Reporter.reportStep(Reporter.java:43)
at wrappers.GenericWrappers.takeSnap(GenericWrappers.java:579)
at utils.Reporter.reportStep(Reporter.java:20)
at utils.Reporter.reportStep(Reporter.java:43)
at wrappers.GenericWrappers.takeSnap(GenericWrappers.java:579)
at utils.Reporter.reportStep(Reporter.java:20)
at utils.Reporter.reportStep(Reporter.java:43)
at wrappers.GenericWrappers.takeSnap(GenericWrappers.java:579)
at utils.Reporter.reportStep(Reporter.java:20)
at utils.Reporter.reportStep(Reporter.java:43)
at wrappers.GenericWrappers.takeSnap(GenericWrappers.java:579)
at utils.Reporter.reportStep(Reporter.java:20)
at utils.Reporter.reportStep(Reporter.java:43)
at wrappers.GenericWrappers.takeSnap(GenericWrappers.java:579)
at utils.Reporter.reportStep(Reporter.java:20)
at utils.Reporter.reportStep(Reporter.java:43)
at wrappers.GenericWrappers.takeSnap(GenericWrappers.java:579)
at utils.Reporter.reportStep(Reporter.java:20)
at utils.Reporter.reportStep(Reporter.java:43)
at wrappers.GenericWrappers.takeSnap(GenericWrappers.java:579)
at utils.Reporter.reportStep(Reporter.java:20)
at utils.Reporter.reportStep(Reporter.java:43)
at wrappers.GenericWrappers.takeSnap(GenericWrappers.java:579)
at utils.Reporter.reportStep(Reporter.java:20)
at utils.Reporter.reportStep(Reporter.java:43)
at wrappers.GenericWrappers.takeSnap(GenericWrappers.java:579)
at utils.Reporter.reportStep(Reporter.java:20)
at utils.Reporter.reportStep(Reporter.java:43)
at wrappers.GenericWrappers.takeSnap(GenericWrappers.java:579)
at utils.Reporter.reportStep(Reporter.java:20)
at utils.Reporter.reportStep(Reporter.java:43)
at wrappers.GenericWrappers.takeSnap(GenericWrappers.java:579)
at utils.Reporter.reportStep(Reporter.java:20)
at utils.Reporter.reportStep(Reporter.java:43)
at wrappers.GenericWrappers.takeSnap(GenericWrappers.java:579)
at utils.Reporter.reportStep(Reporter.java:20)
at utils.Reporter.reportStep(Reporter.java:43)
at wrappers.GenericWrappers.takeSnap(GenericWrappers.java:579)
at utils.Reporter.reportStep(Reporter.java:20)
at utils.Reporter.reportStep(Reporter.java:43)
at wrappers.GenericWrappers.takeSnap(GenericWrappers.java:579)
at utils.Reporter.reportStep(Reporter.java:20)
at utils.Reporter.reportStep(Reporter.java:43)
at wrappers.GenericWrappers.takeSnap(GenericWrappers.java:579)
at utils.Reporter.reportStep(Reporter.java:20)
at utils.Reporter.reportStep(Reporter.java:43)
at wrappers.GenericWrappers.takeSnap(GenericWrappers.java:579)
at utils.Reporter.reportStep(Reporter.java:20)
at utils.Reporter.reportStep(Reporter.java:43)
at wrappers.GenericWrappers.takeSnap(GenericWrappers.java:579)
at utils.Reporter.reportStep(Reporter.java:20)
at utils.Reporter.reportStep(Reporter.java:43)
at wrappers.GenericWrappers.takeSnap(GenericWrappers.java:579)
at utils.Reporter.reportStep(Reporter.java:20)
at utils.Reporter.reportStep(Reporter.java:43)
at wrappers.GenericWrappers.takeSnap(GenericWrappers.java:579)
at utils.Reporter.reportStep(Reporter.java:20)
at utils.Reporter.reportStep(Reporter.java:43)
at wrappers.GenericWrappers.takeSnap(GenericWrappers.java:579)
at utils.Reporter.reportStep(Reporter.java:20)
at utils.Reporter.reportStep(Reporter.java:43)
at wrappers.GenericWrappers.takeSnap(GenericWrappers.java:579)
at utils.Reporter.reportStep(Reporter.java:20)
at utils.Reporter.reportStep(Reporter.java:43)
at wrappers.GenericWrappers.takeSnap(GenericWrappers.java:579)
at utils.Reporter.reportStep(Reporter.java:20)
at utils.Reporter.reportStep(Reporter.java:43)
at wrappers.GenericWrappers.takeSnap(GenericWrappers.java:579)
at utils.Reporter.reportStep(Reporter.java:20)
at utils.Reporter.reportStep(Reporter.java:43)
at wrappers.GenericWrappers.takeSnap(GenericWrappers.java:579)
at utils.Reporter.reportStep(Reporter.java:20)
at utils.Reporter.reportStep(Reporter.java:43)
at wrappers.GenericWrappers.takeSnap(GenericWrappers.java:579)
at utils.Reporter.reportStep(Reporter.java:20)
at utils.Reporter.reportStep(Reporter.java:43)
at wrappers.GenericWrappers.takeSnap(GenericWrappers.java:579)
at utils.Reporter.reportStep(Reporter.java:20)
at utils.Reporter.reportStep(Reporter.java:43)
at wrappers.GenericWrappers.takeSnap(GenericWrappers.java:579)
at utils.Reporter.reportStep(Reporter.java:20)
at utils.Reporter.reportStep(Reporter.java:43)
at wrappers.GenericWrappers.takeSnap(GenericWrappers.java:579)
at utils.Reporter.reportStep(Reporter.java:20)
at utils.Reporter.reportStep(Reporter.java:43)
at wrappers.GenericWrappers.takeSnap(GenericWrappers.java:579)
at utils.Reporter.reportStep(Reporter.java:20)
at utils.Reporter.reportStep(Reporter.java:43)
at wrappers.GenericWrappers.takeSnap(GenericWrappers.java:579)
at utils.Reporter.reportStep(Reporter.java:20)
at utils.Reporter.reportStep(Reporter.java:43)
at wrappers.GenericWrappers.takeSnap(GenericWrappers.java:579)
at utils.Reporter.reportStep(Reporter.java:20)
at utils.Reporter.reportStep(Reporter.java:43)
at wrappers.GenericWrappers.takeSnap(GenericWrappers.java:579)
at utils.Reporter.reportStep(Reporter.java:20)
at utils.Reporter.reportStep(Reporter.java:43)
at wrappers.GenericWrappers.takeSnap(GenericWrappers.java:579)
at utils.Reporter.reportStep(Reporter.java:20)
at utils.Reporter.reportStep(Reporter.java:43)
at wrappers.GenericWrappers.takeSnap(GenericWrappers.java:579)
at utils.Reporter.reportStep(Reporter.java:20)
at utils.Reporter.reportStep(Reporter.java:43)
at wrappers.GenericWrappers.takeSnap(GenericWrappers.java:579)
at utils.Reporter.reportStep(Reporter.java:20)
at utils.Reporter.reportStep(Reporter.java:43)
at wrappers.GenericWrappers.takeSnap(GenericWrappers.java:579)
at utils.Reporter.reportStep(Reporter.java:20)
at utils.Reporter.reportStep(Reporter.java:43)
at wrappers.GenericWrappers.takeSnap(GenericWrappers.java:579)
at utils.Reporter.reportStep(Reporter.java:20)
at utils.Reporter.reportStep(Reporter.java:43)
at wrappers.GenericWrappers.takeSnap(GenericWrappers.java:579)
at utils.Reporter.reportStep(Reporter.java:20)
at utils.Reporter.reportStep(Reporter.java:43)
at wrappers.GenericWrappers.takeSnap(GenericWrappers.java:579)
at utils.Reporter.reportStep(Reporter.java:20)
at utils.Reporter.reportStep(Reporter.java:43)
at wrappers.GenericWrappers.takeSnap(GenericWrappers.java:579)
at utils.Reporter.reportStep(Reporter.java:20)
at utils.Reporter.reportStep(Reporter.java:43)
at wrappers.GenericWrappers.takeSnap(GenericWrappers.java:579)
at utils.Reporter.reportStep(Reporter.java:20)
at utils.Reporter.reportStep(Reporter.java:43)
at wrappers.GenericWrappers.takeSnap(GenericWrappers.java:579)
at utils.Reporter.reportStep(Reporter.java:20)
at utils.Reporter.reportStep(Reporter.java:43)
at wrappers.GenericWrappers.takeSnap(GenericWrappers.java:579)
at utils.Reporter.reportStep(Reporter.java:20)
at utils.Reporter.reportStep(Reporter.java:43)
at wrappers.GenericWrappers.takeSnap(GenericWrappers.java:579)
at utils.Reporter.reportStep(Reporter.java:20)
at utils.Reporter.reportStep(Reporter.java:43)
at wrappers.GenericWrappers.takeSnap(GenericWrappers.java:579)
at utils.Reporter.reportStep(Reporter.java:20)
at utils.Reporter.reportStep(Reporter.java:43)
at wrappers.GenericWrappers.takeSnap(GenericWrappers.java:579)
at utils.Reporter.reportStep(Reporter.java:20)
at utils.Reporter.reportStep(Reporter.java:43)
at wrappers.GenericWrappers.takeSnap(GenericWrappers.java:579)
at utils.Reporter.reportStep(Reporter.java:20)
at utils.Reporter.reportStep(Reporter.java:43)
at wrappers.GenericWrappers.takeSnap(GenericWrappers.java:579)
at utils.Reporter.reportStep(Reporter.java:20)
at utils.Reporter.reportStep(Reporter.java:43)
at wrappers.GenericWrappers.takeSnap(GenericWrappers.java:579)
at utils.Reporter.reportStep(Reporter.java:20)
at utils.Reporter.reportStep(Reporter.java:43)
at wrappers.GenericWrappers.takeSnap(GenericWrappers.java:579)
at utils.Reporter.reportStep(Reporter.java:20)
at utils.Reporter.reportStep(Reporter.java:43)
at wrappers.GenericWrappers.takeSnap(GenericWrappers.java:579)
at utils.Reporter.reportStep(Reporter.java:20)
at utils.Reporter.reportStep(Reporter.java:43)
at wrappers.GenericWrappers.takeSnap(GenericWrappers.java:579)
at utils.Reporter.reportStep(Reporter.java:20)
at utils.Reporter.reportStep(Reporter.java:43)
at wrappers.GenericWrappers.takeSnap(GenericWrappers.java:579)
at utils.Reporter.reportStep(Reporter.java:20)
at utils.Reporter.reportStep(Reporter.java:43)
at wrappers.GenericWrappers.takeSnap(GenericWrappers.java:579)
at utils.Reporter.reportStep(Reporter.java:20)
at utils.Reporter.reportStep(Reporter.java:43)
at wrappers.GenericWrappers.takeSnap(GenericWrappers.java:579)
at utils.Reporter.reportStep(Reporter.java:20)
at utils.Reporter.reportStep(Reporter.java:43)
at wrappers.GenericWrappers.takeSnap(GenericWrappers.java:579)
at utils.Reporter.reportStep(Reporter.java:20)
at utils.Reporter.reportStep(Reporter.java:43)
at wrappers.GenericWrappers.takeSnap(GenericWrappers.java:579)
at utils.Reporter.reportStep(Reporter.java:20)
at utils.Reporter.reportStep(Reporter.java:43)
at wrappers.GenericWrappers.takeSnap(GenericWrappers.java:579)
at utils.Reporter.reportStep(Reporter.java:20)
at utils.Reporter.reportStep(Reporter.java:43)
at wrappers.GenericWrappers.takeSnap(GenericWrappers.java:579)
at utils.Reporter.reportStep(Reporter.java:20)
at utils.Reporter.reportStep(Reporter.java:43)
at wrappers.GenericWrappers.takeSnap(GenericWrappers.java:579)
at utils.Reporter.reportStep(Reporter.java:20)
at utils.Reporter.reportStep(Reporter.java:43)
at wrappers.GenericWrappers.takeSnap(GenericWrappers.java:579)
at utils.Reporter.reportStep(Reporter.java:20)
at utils.Reporter.reportStep(Reporter.java:43)
at wrappers.GenericWrappers.takeSnap(GenericWrappers.java:579)
at utils.Reporter.reportStep(Reporter.java:20)
at utils.Reporter.reportStep(Reporter.java:43)
at wrappers.GenericWrappers.takeSnap(GenericWrappers.java:579)
at utils.Reporter.reportStep(Reporter.java:20)
at utils.Reporter.reportStep(Reporter.java:43)
at wrappers.GenericWrappers.takeSnap(GenericWrappers.java:579)
at utils.Reporter.reportStep(Reporter.java:20)
at utils.Reporter.reportStep(Reporter.java:43)
at wrappers.GenericWrappers.takeSnap(GenericWrappers.java:579)
at utils.Reporter.reportStep(Reporter.java:20)
at utils.Reporter.reportStep(Reporter.java:43)
at wrappers.GenericWrappers.takeSnap(GenericWrappers.java:579)
at utils.Reporter.reportStep(Reporter.java:20)
at utils.Reporter.reportStep(Reporter.java:43)
at wrappers.GenericWrappers.takeSnap(GenericWrappers.java:579)
at utils.Reporter.reportStep(Reporter.java:20)
at utils.Reporter.reportStep(Reporter.java:43)
at wrappers.GenericWrappers.takeSnap(GenericWrappers.java:579)
at utils.Reporter.reportStep(Reporter.java:20)
at utils.Reporter.reportStep(Reporter.java:43)
at wrappers.GenericWrappers.takeSnap(GenericWrappers.java:579)
at utils.Reporter.reportStep(Reporter.java:20)
at utils.Reporter.reportStep(Reporter.java:43)
at wrappers.GenericWrappers.takeSnap(GenericWrappers.java:579)
at utils.Reporter.reportStep(Reporter.java:20)
at utils.Reporter.reportStep(Reporter.java:43)
at wrappers.GenericWrappers.takeSnap(GenericWrappers.java:579)
at utils.Reporter.reportStep(Reporter.java:20)
at utils.Reporter.reportStep(Reporter.java:43)
at wrappers.GenericWrappers.takeSnap(GenericWrappers.java:579)
at utils.Reporter.reportStep(Reporter.java:20)
at utils.Reporter.reportStep(Reporter.java:43)
at wrappers.GenericWrappers.takeSnap(GenericWrappers.java:579)
at utils.Reporter.reportStep(Reporter.java:20)
at utils.Reporter.reportStep(Reporter.java:43)
at wrappers.GenericWrappers.takeSnap(GenericWrappers.java:579)
at utils.Reporter.reportStep(Reporter.java:20)
at utils.Reporter.reportStep(Reporter.java:43)
at wrappers.GenericWrappers.takeSnap(GenericWrappers.java:579)
at utils.Reporter.reportStep(Reporter.java:20)
at utils.Reporter.reportStep(Reporter.java:43)
at wrappers.GenericWrappers.takeSnap(GenericWrappers.java:579)
at utils.Reporter.reportStep(Reporter.java:20)
at utils.Reporter.reportStep(Reporter.java:43)
at wrappers.GenericWrappers.takeSnap(GenericWrappers.java:579)
at utils.Reporter.reportStep(Reporter.java:20)
at utils.Reporter.reportStep(Reporter.java:43)
at wrappers.GenericWrappers.takeSnap(GenericWrappers.java:579)
at utils.Reporter.reportStep(Reporter.java:20)
at utils.Reporter.reportStep(Reporter.java:43)
at wrappers.GenericWrappers.takeSnap(GenericWrappers.java:579)
at utils.Reporter.reportStep(Reporter.java:20)
at utils.Reporter.reportStep(Reporter.java:43)
at wrappers.GenericWrappers.takeSnap(GenericWrappers.java:579)
at utils.Reporter.reportStep(Reporter.java:20)
at utils.Reporter.reportStep(Reporter.java:43)
at wrappers.GenericWrappers.takeSnap(GenericWrappers.java:579)
at utils.Reporter.reportStep(Reporter.java:20)
at utils.Reporter.reportStep(Reporter.java:43)
at wrappers.GenericWrappers.takeSnap(GenericWrappers.java:579)
at utils.Reporter.reportStep(Reporter.java:20)
at utils.Reporter.reportStep(Reporter.java:43)
at wrappers.GenericWrappers.takeSnap(GenericWrappers.java:579)
at utils.Reporter.reportStep(Reporter.java:20)
at utils.Reporter.reportStep(Reporter.java:43)
at wrappers.GenericWrappers.takeSnap(GenericWrappers.java:579)
at utils.Reporter.reportStep(Reporter.java:20)
at utils.Reporter.reportStep(Reporter.java:43)
at wrappers.GenericWrappers.takeSnap(GenericWrappers.java:579)
at utils.Reporter.reportStep(Reporter.java:20)
at utils.Reporter.reportStep(Reporter.java:43)
at wrappers.GenericWrappers.takeSnap(GenericWrappers.java:579)
at utils.Reporter.reportStep(Reporter.java:20)
at utils.Reporter.reportStep(Reporter.java:43)
at wrappers.GenericWrappers.takeSnap(GenericWrappers.java:579)
at utils.Reporter.reportStep(Reporter.java:20)
at utils.Reporter.reportStep(Reporter.java:43)
at wrappers.GenericWrappers.takeSnap(GenericWrappers.java:579)
at utils.Reporter.reportStep(Reporter.java:20)
at utils.Reporter.reportStep(Reporter.java:43)
at wrappers.GenericWrappers.takeSnap(GenericWrappers.java:579)
at utils.Reporter.reportStep(Reporter.java:20)
at utils.Reporter.reportStep(Reporter.java:43)
at wrappers.GenericWrappers.takeSnap(GenericWrappers.java:579)
at utils.Reporter.reportStep(Reporter.java:20)
at utils.Reporter.reportStep(Reporter.java:43)
at wrappers.GenericWrappers.takeSnap(GenericWrappers.java:579)
at utils.Reporter.reportStep(Reporter.java:20)
at utils.Reporter.reportStep(Reporter.java:43)
at wrappers.GenericWrappers.takeSnap(GenericWrappers.java:579)
at utils.Reporter.reportStep(Reporter.java:20)
at utils.Reporter.reportStep(Reporter.java:43)
at wrappers.GenericWrappers.takeSnap(GenericWrappers.java:579)
at utils.Reporter.reportStep(Reporter.java:20)
at utils.Reporter.reportStep(Reporter.java:43)
at wrappers.GenericWrappers.takeSnap(GenericWrappers.java:579)
at utils.Reporter.reportStep(Reporter.java:20)
at utils.Reporter.reportStep(Reporter.java:43)
at wrappers.GenericWrappers.takeSnap(GenericWrappers.java:579)
at utils.Reporter.reportStep(Reporter.java:20)
at utils.Reporter.reportStep(Reporter.java:43)
at wrappers.GenericWrappers.takeSnap(GenericWrappers.java:579)
at utils.Reporter.reportStep(Reporter.java:20)
at utils.Reporter.reportStep(Reporter.java:43)
at wrappers.GenericWrappers.takeSnap(GenericWrappers.java:579)
at utils.Reporter.reportStep(Reporter.java:20)
at utils.Reporter.reportStep(Reporter.java:43)
at wrappers.GenericWrappers.takeSnap(GenericWrappers.java:579)
at utils.Reporter.reportStep(Reporter.java:20)
at utils.Reporter.reportStep(Reporter.java:43)
at wrappers.GenericWrappers.takeSnap(GenericWrappers.java:579)
at utils.Reporter.reportStep(Reporter.java:20)
at utils.Reporter.reportStep(Reporter.java:43)
at wrappers.GenericWrappers.takeSnap(GenericWrappers.java:579)
at utils.Reporter.reportStep(Reporter.java:20)
at utils.Reporter.reportStep(Reporter.java:43)
at wrappers.GenericWrappers.takeSnap(GenericWrappers.java:579)
at utils.Reporter.reportStep(Reporter.java:20)
at utils.Reporter.reportStep(Reporter.java:43)
at wrappers.GenericWrappers.takeSnap(GenericWrappers.java:579)
at utils.Reporter.reportStep(Reporter.java:20)
at utils.Reporter.reportStep(Reporter.java:43)
at wrappers.GenericWrappers.takeSnap(GenericWrappers.java:579)
at utils.Reporter.reportStep(Reporter.java:20)
at utils.Reporter.reportStep(Reporter.java:43)
at wrappers.GenericWrappers.takeSnap(GenericWrappers.java:579)
at utils.Reporter.reportStep(Reporter.java:20)
at utils.Reporter.reportStep(Reporter.java:43)
at wrappers.GenericWrappers.takeSnap(GenericWrappers.java:579)
at utils.Reporter.reportStep(Reporter.java:20)
at utils.Reporter.reportStep(Reporter.java:43)
at wrappers.GenericWrappers.takeSnap(GenericWrappers.java:579)
at utils.Reporter.reportStep(Reporter.java:20)
at utils.Reporter.reportStep(Reporter.java:43)
at wrappers.GenericWrappers.takeSnap(GenericWrappers.java:579)
at utils.Reporter.reportStep(Reporter.java:20)
at utils.Reporter.reportStep(Reporter.java:43)
at wrappers.GenericWrappers.takeSnap(GenericWrappers.java:579)
at utils.Reporter.reportStep(Reporter.java:20)
at utils.Reporter.reportStep(Reporter.java:43)
at wrappers.GenericWrappers.takeSnap(GenericWrappers.java:579)
at utils.Reporter.reportStep(Reporter.java:20)
at utils.Reporter.reportStep(Reporter.java:43)
at wrappers.GenericWrappers.takeSnap(GenericWrappers.java:579)
at utils.Reporter.reportStep(Reporter.java:20)
at utils.Reporter.reportStep(Reporter.java:43)
at wrappers.GenericWrappers.takeSnap(GenericWrappers.java:579)
at utils.Reporter.reportStep(Reporter.java:20)
at utils.Reporter.reportStep(Reporter.java:43)
]]>
    </error>
  </testcase> <!-- loginLogOut -->
  <testcase name="loginLogOut" time="39.167" classname="testcases.TC001_Login">
    <error type="java.lang.StackOverflowError">
      <![CDATA[java.lang.StackOverflowError
at java.security.AccessController.doPrivileged(Native Method)
at java.net.URLClassLoader.findClass(Unknown Source)
at java.lang.ClassLoader.loadClass(Unknown Source)
at java.lang.ClassLoader.loadClass(Unknown Source)
at sun.misc.Launcher$AppClassLoader.loadClass(Unknown Source)
at java.lang.ClassLoader.loadClass(Unknown Source)
at org.openqa.selenium.remote.service.DriverCommandExecutor.execute(DriverCommandExecutor.java:84)
at org.openqa.selenium.remote.RemoteWebDriver.execute(RemoteWebDriver.java:637)
at org.openqa.selenium.remote.RemoteWebDriver.execute(RemoteWebDriver.java:694)
at org.openqa.selenium.remote.RemoteWebDriver.getScreenshotAs(RemoteWebDriver.java:382)
at wrappers.GenericWrappers.takeSnap(GenericWrappers.java:577)
at utils.Reporter.reportStep(Reporter.java:20)
at utils.Reporter.reportStep(Reporter.java:43)
at wrappers.GenericWrappers.takeSnap(GenericWrappers.java:579)
at utils.Reporter.reportStep(Reporter.java:20)
at utils.Reporter.reportStep(Reporter.java:43)
at wrappers.GenericWrappers.takeSnap(GenericWrappers.java:579)
at utils.Reporter.reportStep(Reporter.java:20)
at utils.Reporter.reportStep(Reporter.java:43)
at wrappers.GenericWrappers.takeSnap(GenericWrappers.java:579)
at utils.Reporter.reportStep(Reporter.java:20)
at utils.Reporter.reportStep(Reporter.java:43)
at wrappers.GenericWrappers.takeSnap(GenericWrappers.java:579)
at utils.Reporter.reportStep(Reporter.java:20)
at utils.Reporter.reportStep(Reporter.java:43)
at wrappers.GenericWrappers.takeSnap(GenericWrappers.java:579)
at utils.Reporter.reportStep(Reporter.java:20)
at utils.Reporter.reportStep(Reporter.java:43)
at wrappers.GenericWrappers.takeSnap(GenericWrappers.java:579)
at utils.Reporter.reportStep(Reporter.java:20)
at utils.Reporter.reportStep(Reporter.java:43)
at wrappers.GenericWrappers.takeSnap(GenericWrappers.java:579)
at utils.Reporter.reportStep(Reporter.java:20)
at utils.Reporter.reportStep(Reporter.java:43)
at wrappers.GenericWrappers.takeSnap(GenericWrappers.java:579)
at utils.Reporter.reportStep(Reporter.java:20)
at utils.Reporter.reportStep(Reporter.java:43)
at wrappers.GenericWrappers.takeSnap(GenericWrappers.java:579)
at utils.Reporter.reportStep(Reporter.java:20)
at utils.Reporter.reportStep(Reporter.java:43)
at wrappers.GenericWrappers.takeSnap(GenericWrappers.java:579)
at utils.Reporter.reportStep(Reporter.java:20)
at utils.Reporter.reportStep(Reporter.java:43)
at wrappers.GenericWrappers.takeSnap(GenericWrappers.java:579)
at utils.Reporter.reportStep(Reporter.java:20)
at utils.Reporter.reportStep(Reporter.java:43)
at wrappers.GenericWrappers.takeSnap(GenericWrappers.java:579)
at utils.Reporter.reportStep(Reporter.java:20)
at utils.Reporter.reportStep(Reporter.java:43)
at wrappers.GenericWrappers.takeSnap(GenericWrappers.java:579)
at utils.Reporter.reportStep(Reporter.java:20)
at utils.Reporter.reportStep(Reporter.java:43)
at wrappers.GenericWrappers.takeSnap(GenericWrappers.java:579)
at utils.Reporter.reportStep(Reporter.java:20)
at utils.Reporter.reportStep(Reporter.java:43)
at wrappers.GenericWrappers.takeSnap(GenericWrappers.java:579)
at utils.Reporter.reportStep(Reporter.java:20)
at utils.Reporter.reportStep(Reporter.java:43)
at wrappers.GenericWrappers.takeSnap(GenericWrappers.java:579)
at utils.Reporter.reportStep(Reporter.java:20)
at utils.Reporter.reportStep(Reporter.java:43)
at wrappers.GenericWrappers.takeSnap(GenericWrappers.java:579)
at utils.Reporter.reportStep(Reporter.java:20)
at utils.Reporter.reportStep(Reporter.java:43)
at wrappers.GenericWrappers.takeSnap(GenericWrappers.java:579)
at utils.Reporter.reportStep(Reporter.java:20)
at utils.Reporter.reportStep(Reporter.java:43)
at wrappers.GenericWrappers.takeSnap(GenericWrappers.java:579)
at utils.Reporter.reportStep(Reporter.java:20)
at utils.Reporter.reportStep(Reporter.java:43)
at wrappers.GenericWrappers.takeSnap(GenericWrappers.java:579)
at utils.Reporter.reportStep(Reporter.java:20)
at utils.Reporter.reportStep(Reporter.java:43)
at wrappers.GenericWrappers.takeSnap(GenericWrappers.java:579)
at utils.Reporter.reportStep(Reporter.java:20)
at utils.Reporter.reportStep(Reporter.java:43)
at wrappers.GenericWrappers.takeSnap(GenericWrappers.java:579)
at utils.Reporter.reportStep(Reporter.java:20)
at utils.Reporter.reportStep(Reporter.java:43)
at wrappers.GenericWrappers.takeSnap(GenericWrappers.java:579)
at utils.Reporter.reportStep(Reporter.java:20)
at utils.Reporter.reportStep(Reporter.java:43)
at wrappers.GenericWrappers.takeSnap(GenericWrappers.java:579)
at utils.Reporter.reportStep(Reporter.java:20)
at utils.Reporter.reportStep(Reporter.java:43)
at wrappers.GenericWrappers.takeSnap(GenericWrappers.java:579)
at utils.Reporter.reportStep(Reporter.java:20)
at utils.Reporter.reportStep(Reporter.java:43)
at wrappers.GenericWrappers.takeSnap(GenericWrappers.java:579)
at utils.Reporter.reportStep(Reporter.java:20)
at utils.Reporter.reportStep(Reporter.java:43)
at wrappers.GenericWrappers.takeSnap(GenericWrappers.java:579)
at utils.Reporter.reportStep(Reporter.java:20)
at utils.Reporter.reportStep(Reporter.java:43)
at wrappers.GenericWrappers.takeSnap(GenericWrappers.java:579)
at utils.Reporter.reportStep(Reporter.java:20)
at utils.Reporter.reportStep(Reporter.java:43)
at wrappers.GenericWrappers.takeSnap(GenericWrappers.java:579)
at utils.Reporter.reportStep(Reporter.java:20)
at utils.Reporter.reportStep(Reporter.java:43)
at wrappers.GenericWrappers.takeSnap(GenericWrappers.java:579)
at utils.Reporter.reportStep(Reporter.java:20)
at utils.Reporter.reportStep(Reporter.java:43)
at wrappers.GenericWrappers.takeSnap(GenericWrappers.java:579)
at utils.Reporter.reportStep(Reporter.java:20)
at utils.Reporter.reportStep(Reporter.java:43)
at wrappers.GenericWrappers.takeSnap(GenericWrappers.java:579)
at utils.Reporter.reportStep(Reporter.java:20)
at utils.Reporter.reportStep(Reporter.java:43)
at wrappers.GenericWrappers.takeSnap(GenericWrappers.java:579)
at utils.Reporter.reportStep(Reporter.java:20)
at utils.Reporter.reportStep(Reporter.java:43)
at wrappers.GenericWrappers.takeSnap(GenericWrappers.java:579)
at utils.Reporter.reportStep(Reporter.java:20)
at utils.Reporter.reportStep(Reporter.java:43)
at wrappers.GenericWrappers.takeSnap(GenericWrappers.java:579)
at utils.Reporter.reportStep(Reporter.java:20)
at utils.Reporter.reportStep(Reporter.java:43)
at wrappers.GenericWrappers.takeSnap(GenericWrappers.java:579)
at utils.Reporter.reportStep(Reporter.java:20)
at utils.Reporter.reportStep(Reporter.java:43)
at wrappers.GenericWrappers.takeSnap(GenericWrappers.java:579)
at utils.Reporter.reportStep(Reporter.java:20)
at utils.Reporter.reportStep(Reporter.java:43)
at wrappers.GenericWrappers.takeSnap(GenericWrappers.java:579)
at utils.Reporter.reportStep(Reporter.java:20)
at utils.Reporter.reportStep(Reporter.java:43)
at wrappers.GenericWrappers.takeSnap(GenericWrappers.java:579)
at utils.Reporter.reportStep(Reporter.java:20)
at utils.Reporter.reportStep(Reporter.java:43)
at wrappers.GenericWrappers.takeSnap(GenericWrappers.java:579)
at utils.Reporter.reportStep(Reporter.java:20)
at utils.Reporter.reportStep(Reporter.java:43)
at wrappers.GenericWrappers.takeSnap(GenericWrappers.java:579)
at utils.Reporter.reportStep(Reporter.java:20)
at utils.Reporter.reportStep(Reporter.java:43)
at wrappers.GenericWrappers.takeSnap(GenericWrappers.java:579)
at utils.Reporter.reportStep(Reporter.java:20)
at utils.Reporter.reportStep(Reporter.java:43)
at wrappers.GenericWrappers.takeSnap(GenericWrappers.java:579)
at utils.Reporter.reportStep(Reporter.java:20)
at utils.Reporter.reportStep(Reporter.java:43)
at wrappers.GenericWrappers.takeSnap(GenericWrappers.java:579)
at utils.Reporter.reportStep(Reporter.java:20)
at utils.Reporter.reportStep(Reporter.java:43)
at wrappers.GenericWrappers.takeSnap(GenericWrappers.java:579)
at utils.Reporter.reportStep(Reporter.java:20)
at utils.Reporter.reportStep(Reporter.java:43)
at wrappers.GenericWrappers.takeSnap(GenericWrappers.java:579)
at utils.Reporter.reportStep(Reporter.java:20)
at utils.Reporter.reportStep(Reporter.java:43)
at wrappers.GenericWrappers.takeSnap(GenericWrappers.java:579)
at utils.Reporter.reportStep(Reporter.java:20)
at utils.Reporter.reportStep(Reporter.java:43)
at wrappers.GenericWrappers.takeSnap(GenericWrappers.java:579)
at utils.Reporter.reportStep(Reporter.java:20)
at utils.Reporter.reportStep(Reporter.java:43)
at wrappers.GenericWrappers.takeSnap(GenericWrappers.java:579)
at utils.Reporter.reportStep(Reporter.java:20)
at utils.Reporter.reportStep(Reporter.java:43)
at wrappers.GenericWrappers.takeSnap(GenericWrappers.java:579)
at utils.Reporter.reportStep(Reporter.java:20)
at utils.Reporter.reportStep(Reporter.java:43)
at wrappers.GenericWrappers.takeSnap(GenericWrappers.java:579)
at utils.Reporter.reportStep(Reporter.java:20)
at utils.Reporter.reportStep(Reporter.java:43)
at wrappers.GenericWrappers.takeSnap(GenericWrappers.java:579)
at utils.Reporter.reportStep(Reporter.java:20)
at utils.Reporter.reportStep(Reporter.java:43)
at wrappers.GenericWrappers.takeSnap(GenericWrappers.java:579)
at utils.Reporter.reportStep(Reporter.java:20)
at utils.Reporter.reportStep(Reporter.java:43)
at wrappers.GenericWrappers.takeSnap(GenericWrappers.java:579)
at utils.Reporter.reportStep(Reporter.java:20)
at utils.Reporter.reportStep(Reporter.java:43)
at wrappers.GenericWrappers.takeSnap(GenericWrappers.java:579)
at utils.Reporter.reportStep(Reporter.java:20)
at utils.Reporter.reportStep(Reporter.java:43)
at wrappers.GenericWrappers.takeSnap(GenericWrappers.java:579)
at utils.Reporter.reportStep(Reporter.java:20)
at utils.Reporter.reportStep(Reporter.java:43)
at wrappers.GenericWrappers.takeSnap(GenericWrappers.java:579)
at utils.Reporter.reportStep(Reporter.java:20)
at utils.Reporter.reportStep(Reporter.java:43)
at wrappers.GenericWrappers.takeSnap(GenericWrappers.java:579)
at utils.Reporter.reportStep(Reporter.java:20)
at utils.Reporter.reportStep(Reporter.java:43)
at wrappers.GenericWrappers.takeSnap(GenericWrappers.java:579)
at utils.Reporter.reportStep(Reporter.java:20)
at utils.Reporter.reportStep(Reporter.java:43)
at wrappers.GenericWrappers.takeSnap(GenericWrappers.java:579)
at utils.Reporter.reportStep(Reporter.java:20)
at utils.Reporter.reportStep(Reporter.java:43)
at wrappers.GenericWrappers.takeSnap(GenericWrappers.java:579)
at utils.Reporter.reportStep(Reporter.java:20)
at utils.Reporter.reportStep(Reporter.java:43)
at wrappers.GenericWrappers.takeSnap(GenericWrappers.java:579)
at utils.Reporter.reportStep(Reporter.java:20)
at utils.Reporter.reportStep(Reporter.java:43)
at wrappers.GenericWrappers.takeSnap(GenericWrappers.java:579)
at utils.Reporter.reportStep(Reporter.java:20)
at utils.Reporter.reportStep(Reporter.java:43)
at wrappers.GenericWrappers.takeSnap(GenericWrappers.java:579)
at utils.Reporter.reportStep(Reporter.java:20)
at utils.Reporter.reportStep(Reporter.java:43)
at wrappers.GenericWrappers.takeSnap(GenericWrappers.java:579)
at utils.Reporter.reportStep(Reporter.java:20)
at utils.Reporter.reportStep(Reporter.java:43)
at wrappers.GenericWrappers.takeSnap(GenericWrappers.java:579)
at utils.Reporter.reportStep(Reporter.java:20)
at utils.Reporter.reportStep(Reporter.java:43)
at wrappers.GenericWrappers.takeSnap(GenericWrappers.java:579)
at utils.Reporter.reportStep(Reporter.java:20)
at utils.Reporter.reportStep(Reporter.java:43)
at wrappers.GenericWrappers.takeSnap(GenericWrappers.java:579)
at utils.Reporter.reportStep(Reporter.java:20)
at utils.Reporter.reportStep(Reporter.java:43)
at wrappers.GenericWrappers.takeSnap(GenericWrappers.java:579)
at utils.Reporter.reportStep(Reporter.java:20)
at utils.Reporter.reportStep(Reporter.java:43)
at wrappers.GenericWrappers.takeSnap(GenericWrappers.java:579)
at utils.Reporter.reportStep(Reporter.java:20)
at utils.Reporter.reportStep(Reporter.java:43)
at wrappers.GenericWrappers.takeSnap(GenericWrappers.java:579)
at utils.Reporter.reportStep(Reporter.java:20)
at utils.Reporter.reportStep(Reporter.java:43)
at wrappers.GenericWrappers.takeSnap(GenericWrappers.java:579)
at utils.Reporter.reportStep(Reporter.java:20)
at utils.Reporter.reportStep(Reporter.java:43)
at wrappers.GenericWrappers.takeSnap(GenericWrappers.java:579)
at utils.Reporter.reportStep(Reporter.java:20)
at utils.Reporter.reportStep(Reporter.java:43)
at wrappers.GenericWrappers.takeSnap(GenericWrappers.java:579)
at utils.Reporter.reportStep(Reporter.java:20)
at utils.Reporter.reportStep(Reporter.java:43)
at wrappers.GenericWrappers.takeSnap(GenericWrappers.java:579)
at utils.Reporter.reportStep(Reporter.java:20)
at utils.Reporter.reportStep(Reporter.java:43)
at wrappers.GenericWrappers.takeSnap(GenericWrappers.java:579)
at utils.Reporter.reportStep(Reporter.java:20)
at utils.Reporter.reportStep(Reporter.java:43)
at wrappers.GenericWrappers.takeSnap(GenericWrappers.java:579)
at utils.Reporter.reportStep(Reporter.java:20)
at utils.Reporter.reportStep(Reporter.java:43)
at wrappers.GenericWrappers.takeSnap(GenericWrappers.java:579)
at utils.Reporter.reportStep(Reporter.java:20)
at utils.Reporter.reportStep(Reporter.java:43)
at wrappers.GenericWrappers.takeSnap(GenericWrappers.java:579)
at utils.Reporter.reportStep(Reporter.java:20)
at utils.Reporter.reportStep(Reporter.java:43)
at wrappers.GenericWrappers.takeSnap(GenericWrappers.java:579)
at utils.Reporter.reportStep(Reporter.java:20)
at utils.Reporter.reportStep(Reporter.java:43)
at wrappers.GenericWrappers.takeSnap(GenericWrappers.java:579)
at utils.Reporter.reportStep(Reporter.java:20)
at utils.Reporter.reportStep(Reporter.java:43)
at wrappers.GenericWrappers.takeSnap(GenericWrappers.java:579)
at utils.Reporter.reportStep(Reporter.java:20)
at utils.Reporter.reportStep(Reporter.java:43)
at wrappers.GenericWrappers.takeSnap(GenericWrappers.java:579)
at utils.Reporter.reportStep(Reporter.java:20)
at utils.Reporter.reportStep(Reporter.java:43)
at wrappers.GenericWrappers.takeSnap(GenericWrappers.java:579)
at utils.Reporter.reportStep(Reporter.java:20)
at utils.Reporter.reportStep(Reporter.java:43)
at wrappers.GenericWrappers.takeSnap(GenericWrappers.java:579)
at utils.Reporter.reportStep(Reporter.java:20)
at utils.Reporter.reportStep(Reporter.java:43)
at wrappers.GenericWrappers.takeSnap(GenericWrappers.java:579)
at utils.Reporter.reportStep(Reporter.java:20)
at utils.Reporter.reportStep(Reporter.java:43)
at wrappers.GenericWrappers.takeSnap(GenericWrappers.java:579)
at utils.Reporter.reportStep(Reporter.java:20)
at utils.Reporter.reportStep(Reporter.java:43)
at wrappers.GenericWrappers.takeSnap(GenericWrappers.java:579)
at utils.Reporter.reportStep(Reporter.java:20)
at utils.Reporter.reportStep(Reporter.java:43)
at wrappers.GenericWrappers.takeSnap(GenericWrappers.java:579)
at utils.Reporter.reportStep(Reporter.java:20)
at utils.Reporter.reportStep(Reporter.java:43)
at wrappers.GenericWrappers.takeSnap(GenericWrappers.java:579)
at utils.Reporter.reportStep(Reporter.java:20)
at utils.Reporter.reportStep(Reporter.java:43)
at wrappers.GenericWrappers.takeSnap(GenericWrappers.java:579)
at utils.Reporter.reportStep(Reporter.java:20)
at utils.Reporter.reportStep(Reporter.java:43)
at wrappers.GenericWrappers.takeSnap(GenericWrappers.java:579)
at utils.Reporter.reportStep(Reporter.java:20)
at utils.Reporter.reportStep(Reporter.java:43)
at wrappers.GenericWrappers.takeSnap(GenericWrappers.java:579)
at utils.Reporter.reportStep(Reporter.java:20)
at utils.Reporter.reportStep(Reporter.java:43)
at wrappers.GenericWrappers.takeSnap(GenericWrappers.java:579)
at utils.Reporter.reportStep(Reporter.java:20)
at utils.Reporter.reportStep(Reporter.java:43)
at wrappers.GenericWrappers.takeSnap(GenericWrappers.java:579)
at utils.Reporter.reportStep(Reporter.java:20)
at utils.Reporter.reportStep(Reporter.java:43)
at wrappers.GenericWrappers.takeSnap(GenericWrappers.java:579)
at utils.Reporter.reportStep(Reporter.java:20)
at utils.Reporter.reportStep(Reporter.java:43)
at wrappers.GenericWrappers.takeSnap(GenericWrappers.java:579)
at utils.Reporter.reportStep(Reporter.java:20)
at utils.Reporter.reportStep(Reporter.java:43)
at wrappers.GenericWrappers.takeSnap(GenericWrappers.java:579)
at utils.Reporter.reportStep(Reporter.java:20)
at utils.Reporter.reportStep(Reporter.java:43)
at wrappers.GenericWrappers.takeSnap(GenericWrappers.java:579)
at utils.Reporter.reportStep(Reporter.java:20)
at utils.Reporter.reportStep(Reporter.java:43)
at wrappers.GenericWrappers.takeSnap(GenericWrappers.java:579)
at utils.Reporter.reportStep(Reporter.java:20)
at utils.Reporter.reportStep(Reporter.java:43)
at wrappers.GenericWrappers.takeSnap(GenericWrappers.java:579)
at utils.Reporter.reportStep(Reporter.java:20)
at utils.Reporter.reportStep(Reporter.java:43)
at wrappers.GenericWrappers.takeSnap(GenericWrappers.java:579)
at utils.Reporter.reportStep(Reporter.java:20)
at utils.Reporter.reportStep(Reporter.java:43)
at wrappers.GenericWrappers.takeSnap(GenericWrappers.java:579)
at utils.Reporter.reportStep(Reporter.java:20)
at utils.Reporter.reportStep(Reporter.java:43)
at wrappers.GenericWrappers.takeSnap(GenericWrappers.java:579)
at utils.Reporter.reportStep(Reporter.java:20)
at utils.Reporter.reportStep(Reporter.java:43)
at wrappers.GenericWrappers.takeSnap(GenericWrappers.java:579)
at utils.Reporter.reportStep(Reporter.java:20)
at utils.Reporter.reportStep(Reporter.java:43)
at wrappers.GenericWrappers.takeSnap(GenericWrappers.java:579)
at utils.Reporter.reportStep(Reporter.java:20)
at utils.Reporter.reportStep(Reporter.java:43)
at wrappers.GenericWrappers.takeSnap(GenericWrappers.java:579)
at utils.Reporter.reportStep(Reporter.java:20)
at utils.Reporter.reportStep(Reporter.java:43)
at wrappers.GenericWrappers.takeSnap(GenericWrappers.java:579)
at utils.Reporter.reportStep(Reporter.java:20)
at utils.Reporter.reportStep(Reporter.java:43)
at wrappers.GenericWrappers.takeSnap(GenericWrappers.java:579)
at utils.Reporter.reportStep(Reporter.java:20)
at utils.Reporter.reportStep(Reporter.java:43)
at wrappers.GenericWrappers.takeSnap(GenericWrappers.java:579)
at utils.Reporter.reportStep(Reporter.java:20)
at utils.Reporter.reportStep(Reporter.java:43)
at wrappers.GenericWrappers.takeSnap(GenericWrappers.java:579)
at utils.Reporter.reportStep(Reporter.java:20)
at utils.Reporter.reportStep(Reporter.java:43)
at wrappers.GenericWrappers.takeSnap(GenericWrappers.java:579)
at utils.Reporter.reportStep(Reporter.java:20)
at utils.Reporter.reportStep(Reporter.java:43)
at wrappers.GenericWrappers.takeSnap(GenericWrappers.java:579)
at utils.Reporter.reportStep(Reporter.java:20)
at utils.Reporter.reportStep(Reporter.java:43)
at wrappers.GenericWrappers.takeSnap(GenericWrappers.java:579)
at utils.Reporter.reportStep(Reporter.java:20)
at utils.Reporter.reportStep(Reporter.java:43)
at wrappers.GenericWrappers.takeSnap(GenericWrappers.java:579)
at utils.Reporter.reportStep(Reporter.java:20)
at utils.Reporter.reportStep(Reporter.java:43)
at wrappers.GenericWrappers.takeSnap(GenericWrappers.java:579)
at utils.Reporter.reportStep(Reporter.java:20)
at utils.Reporter.reportStep(Reporter.java:43)
at wrappers.GenericWrappers.takeSnap(GenericWrappers.java:579)
at utils.Reporter.reportStep(Reporter.java:20)
at utils.Reporter.reportStep(Reporter.java:43)
at wrappers.GenericWrappers.takeSnap(GenericWrappers.java:579)
at utils.Reporter.reportStep(Reporter.java:20)
at utils.Reporter.reportStep(Reporter.java:43)
at wrappers.GenericWrappers.takeSnap(GenericWrappers.java:579)
at utils.Reporter.reportStep(Reporter.java:20)
at utils.Reporter.reportStep(Reporter.java:43)
at wrappers.GenericWrappers.takeSnap(GenericWrappers.java:579)
at utils.Reporter.reportStep(Reporter.java:20)
at utils.Reporter.reportStep(Reporter.java:43)
at wrappers.GenericWrappers.takeSnap(GenericWrappers.java:579)
at utils.Reporter.reportStep(Reporter.java:20)
at utils.Reporter.reportStep(Reporter.java:43)
at wrappers.GenericWrappers.takeSnap(GenericWrappers.java:579)
at utils.Reporter.reportStep(Reporter.java:20)
at utils.Reporter.reportStep(Reporter.java:43)
at wrappers.GenericWrappers.takeSnap(GenericWrappers.java:579)
at utils.Reporter.reportStep(Reporter.java:20)
at utils.Reporter.reportStep(Reporter.java:43)
at wrappers.GenericWrappers.takeSnap(GenericWrappers.java:579)
at utils.Reporter.reportStep(Reporter.java:20)
at utils.Reporter.reportStep(Reporter.java:43)
at wrappers.GenericWrappers.takeSnap(GenericWrappers.java:579)
at utils.Reporter.reportStep(Reporter.java:20)
at utils.Reporter.reportStep(Reporter.java:43)
at wrappers.GenericWrappers.takeSnap(GenericWrappers.java:579)
at utils.Reporter.reportStep(Reporter.java:20)
at utils.Reporter.reportStep(Reporter.java:43)
at wrappers.GenericWrappers.takeSnap(GenericWrappers.java:579)
at utils.Reporter.reportStep(Reporter.java:20)
at utils.Reporter.reportStep(Reporter.java:43)
at wrappers.GenericWrappers.takeSnap(GenericWrappers.java:579)
at utils.Reporter.reportStep(Reporter.java:20)
at utils.Reporter.reportStep(Reporter.java:43)
at wrappers.GenericWrappers.takeSnap(GenericWrappers.java:579)
at utils.Reporter.reportStep(Reporter.java:20)
at utils.Reporter.reportStep(Reporter.java:43)
at wrappers.GenericWrappers.takeSnap(GenericWrappers.java:579)
at utils.Reporter.reportStep(Reporter.java:20)
at utils.Reporter.reportStep(Reporter.java:43)
at wrappers.GenericWrappers.takeSnap(GenericWrappers.java:579)
at utils.Reporter.reportStep(Reporter.java:20)
at utils.Reporter.reportStep(Reporter.java:43)
at wrappers.GenericWrappers.takeSnap(GenericWrappers.java:579)
at utils.Reporter.reportStep(Reporter.java:20)
at utils.Reporter.reportStep(Reporter.java:43)
at wrappers.GenericWrappers.takeSnap(GenericWrappers.java:579)
at utils.Reporter.reportStep(Reporter.java:20)
at utils.Reporter.reportStep(Reporter.java:43)
at wrappers.GenericWrappers.takeSnap(GenericWrappers.java:579)
at utils.Reporter.reportStep(Reporter.java:20)
at utils.Reporter.reportStep(Reporter.java:43)
at wrappers.GenericWrappers.takeSnap(GenericWrappers.java:579)
at utils.Reporter.reportStep(Reporter.java:20)
at utils.Reporter.reportStep(Reporter.java:43)
at wrappers.GenericWrappers.takeSnap(GenericWrappers.java:579)
at utils.Reporter.reportStep(Reporter.java:20)
at utils.Reporter.reportStep(Reporter.java:43)
at wrappers.GenericWrappers.takeSnap(GenericWrappers.java:579)
at utils.Reporter.reportStep(Reporter.java:20)
at utils.Reporter.reportStep(Reporter.java:43)
at wrappers.GenericWrappers.takeSnap(GenericWrappers.java:579)
at utils.Reporter.reportStep(Reporter.java:20)
at utils.Reporter.reportStep(Reporter.java:43)
at wrappers.GenericWrappers.takeSnap(GenericWrappers.java:579)
at utils.Reporter.reportStep(Reporter.java:20)
at utils.Reporter.reportStep(Reporter.java:43)
at wrappers.GenericWrappers.takeSnap(GenericWrappers.java:579)
at utils.Reporter.reportStep(Reporter.java:20)
at utils.Reporter.reportStep(Reporter.java:43)
at wrappers.GenericWrappers.takeSnap(GenericWrappers.java:579)
at utils.Reporter.reportStep(Reporter.java:20)
at utils.Reporter.reportStep(Reporter.java:43)
at wrappers.GenericWrappers.takeSnap(GenericWrappers.java:579)
at utils.Reporter.reportStep(Reporter.java:20)
at utils.Reporter.reportStep(Reporter.java:43)
at wrappers.GenericWrappers.takeSnap(GenericWrappers.java:579)
at utils.Reporter.reportStep(Reporter.java:20)
at utils.Reporter.reportStep(Reporter.java:43)
at wrappers.GenericWrappers.takeSnap(GenericWrappers.java:579)
at utils.Reporter.reportStep(Reporter.java:20)
at utils.Reporter.reportStep(Reporter.java:43)
at wrappers.GenericWrappers.takeSnap(GenericWrappers.java:579)
at utils.Reporter.reportStep(Reporter.java:20)
at utils.Reporter.reportStep(Reporter.java:43)
at wrappers.GenericWrappers.takeSnap(GenericWrappers.java:579)
at utils.Reporter.reportStep(Reporter.java:20)
at utils.Reporter.reportStep(Reporter.java:43)
at wrappers.GenericWrappers.takeSnap(GenericWrappers.java:579)
at utils.Reporter.reportStep(Reporter.java:20)
at utils.Reporter.reportStep(Reporter.java:43)
at wrappers.GenericWrappers.takeSnap(GenericWrappers.java:579)
at utils.Reporter.reportStep(Reporter.java:20)
at utils.Reporter.reportStep(Reporter.java:43)
at wrappers.GenericWrappers.takeSnap(GenericWrappers.java:579)
at utils.Reporter.reportStep(Reporter.java:20)
at utils.Reporter.reportStep(Reporter.java:43)
at wrappers.GenericWrappers.takeSnap(GenericWrappers.java:579)
at utils.Reporter.reportStep(Reporter.java:20)
at utils.Reporter.reportStep(Reporter.java:43)
at wrappers.GenericWrappers.takeSnap(GenericWrappers.java:579)
at utils.Reporter.reportStep(Reporter.java:20)
at utils.Reporter.reportStep(Reporter.java:43)
at wrappers.GenericWrappers.takeSnap(GenericWrappers.java:579)
at utils.Reporter.reportStep(Reporter.java:20)
at utils.Reporter.reportStep(Reporter.java:43)
at wrappers.GenericWrappers.takeSnap(GenericWrappers.java:579)
at utils.Reporter.reportStep(Reporter.java:20)
at utils.Reporter.reportStep(Reporter.java:43)
at wrappers.GenericWrappers.takeSnap(GenericWrappers.java:579)
at utils.Reporter.reportStep(Reporter.java:20)
at utils.Reporter.reportStep(Reporter.java:43)
at wrappers.GenericWrappers.takeSnap(GenericWrappers.java:579)
at utils.Reporter.reportStep(Reporter.java:20)
at utils.Reporter.reportStep(Reporter.java:43)
at wrappers.GenericWrappers.takeSnap(GenericWrappers.java:579)
at utils.Reporter.reportStep(Reporter.java:20)
at utils.Reporter.reportStep(Reporter.java:43)
at wrappers.GenericWrappers.takeSnap(GenericWrappers.java:579)
at utils.Reporter.reportStep(Reporter.java:20)
at utils.Reporter.reportStep(Reporter.java:43)
at wrappers.GenericWrappers.takeSnap(GenericWrappers.java:579)
at utils.Reporter.reportStep(Reporter.java:20)
[...]
at utils.Reporter.reportStep(Reporter.java:20)
at utils.Reporter.reportStep(Reporter.java:43)
at wrappers.GenericWrappers.takeSnap(GenericWrappers.java:579)
at utils.Reporter.reportStep(Reporter.java:20)
at utils.Reporter.reportStep(Reporter.java:43)
at wrappers.GenericWrappers.takeSnap(GenericWrappers.java:579)
at utils.Reporter.reportStep(Reporter.java:20)
at utils.Reporter.reportStep(Reporter.java:43)
at wrappers.GenericWrappers.takeSnap(GenericWrappers.java:579)
at utils.Reporter.reportStep(Reporter.java:20)
at utils.Reporter.reportStep(Reporter.java:43)
at wrappers.GenericWrappers.takeSnap(GenericWrappers.java:579)
at utils.Reporter.reportStep(Reporter.java:20)
at utils.Reporter.reportStep(Reporter.java:43)
at wrappers.GenericWrappers.takeSnap(GenericWrappers.java:579)
at utils.Reporter.reportStep(Reporter.java:20)
at utils.Reporter.reportStep(Reporter.java:43)
at wrappers.GenericWrappers.takeSnap(GenericWrappers.java:579)
at utils.Reporter.reportStep(Reporter.java:20)
at utils.Reporter.reportStep(Reporter.java:43)
at wrappers.GenericWrappers.takeSnap(GenericWrappers.java:579)
at utils.Reporter.reportStep(Reporter.java:20)
at utils.Reporter.reportStep(Reporter.java:43)
at wrappers.GenericWrappers.takeSnap(GenericWrappers.java:579)
at utils.Reporter.reportStep(Reporter.java:20)
at utils.Reporter.reportStep(Reporter.java:43)
at wrappers.GenericWrappers.takeSnap(GenericWrappers.java:579)
at utils.Reporter.reportStep(Reporter.java:20)
at utils.Reporter.reportStep(Reporter.java:43)
at wrappers.GenericWrappers.takeSnap(GenericWrappers.java:579)
at utils.Reporter.reportStep(Reporter.java:20)
at utils.Reporter.reportStep(Reporter.java:43)
at wrappers.GenericWrappers.takeSnap(GenericWrappers.java:579)
at utils.Reporter.reportStep(Reporter.java:20)
at utils.Reporter.reportStep(Reporter.java:43)
at wrappers.GenericWrappers.takeSnap(GenericWrappers.java:579)
at utils.Reporter.reportStep(Reporter.java:20)
at utils.Reporter.reportStep(Reporter.java:43)
at wrappers.GenericWrappers.takeSnap(GenericWrappers.java:579)
at utils.Reporter.reportStep(Reporter.java:20)
at utils.Reporter.reportStep(Reporter.java:43)
at wrappers.GenericWrappers.takeSnap(GenericWrappers.java:579)
at utils.Reporter.reportStep(Reporter.java:20)
at utils.Reporter.reportStep(Reporter.java:43)
at wrappers.GenericWrappers.takeSnap(GenericWrappers.java:579)
at utils.Reporter.reportStep(Reporter.java:20)
at utils.Reporter.reportStep(Reporter.java:43)
at wrappers.GenericWrappers.takeSnap(GenericWrappers.java:579)
at utils.Reporter.reportStep(Reporter.java:20)
at utils.Reporter.reportStep(Reporter.java:43)
at wrappers.GenericWrappers.takeSnap(GenericWrappers.java:579)
at utils.Reporter.reportStep(Reporter.java:20)
at utils.Reporter.reportStep(Reporter.java:43)
at wrappers.GenericWrappers.takeSnap(GenericWrappers.java:579)
at utils.Reporter.reportStep(Reporter.java:20)
at utils.Reporter.reportStep(Reporter.java:43)
at wrappers.GenericWrappers.takeSnap(GenericWrappers.java:579)
at utils.Reporter.reportStep(Reporter.java:20)
at utils.Reporter.reportStep(Reporter.java:43)
at wrappers.GenericWrappers.takeSnap(GenericWrappers.java:579)
at utils.Reporter.reportStep(Reporter.java:20)
at utils.Reporter.reportStep(Reporter.java:43)
at wrappers.GenericWrappers.takeSnap(GenericWrappers.java:579)
at utils.Reporter.reportStep(Reporter.java:20)
at utils.Reporter.reportStep(Reporter.java:43)
at wrappers.GenericWrappers.takeSnap(GenericWrappers.java:579)
at utils.Reporter.reportStep(Reporter.java:20)
at utils.Reporter.reportStep(Reporter.java:43)
at wrappers.GenericWrappers.takeSnap(GenericWrappers.java:579)
at utils.Reporter.reportStep(Reporter.java:20)
at utils.Reporter.reportStep(Reporter.java:43)
at wrappers.GenericWrappers.takeSnap(GenericWrappers.java:579)
at utils.Reporter.reportStep(Reporter.java:20)
at utils.Reporter.reportStep(Reporter.java:43)
at wrappers.GenericWrappers.takeSnap(GenericWrappers.java:579)
at utils.Reporter.reportStep(Reporter.java:20)
at utils.Reporter.reportStep(Reporter.java:43)
at wrappers.GenericWrappers.takeSnap(GenericWrappers.java:579)
at utils.Reporter.reportStep(Reporter.java:20)
at utils.Reporter.reportStep(Reporter.java:43)
at wrappers.GenericWrappers.takeSnap(GenericWrappers.java:579)
at utils.Reporter.reportStep(Reporter.java:20)
at utils.Reporter.reportStep(Reporter.java:43)
at wrappers.GenericWrappers.takeSnap(GenericWrappers.java:579)
at utils.Reporter.reportStep(Reporter.java:20)
at utils.Reporter.reportStep(Reporter.java:43)
at wrappers.GenericWrappers.takeSnap(GenericWrappers.java:579)
at utils.Reporter.reportStep(Reporter.java:20)
at utils.Reporter.reportStep(Reporter.java:43)
at wrappers.GenericWrappers.takeSnap(GenericWrappers.java:579)
at utils.Reporter.reportStep(Reporter.java:20)
at utils.Reporter.reportStep(Reporter.java:43)
at wrappers.GenericWrappers.takeSnap(GenericWrappers.java:579)
at utils.Reporter.reportStep(Reporter.java:20)
at utils.Reporter.reportStep(Reporter.java:43)
at wrappers.GenericWrappers.takeSnap(GenericWrappers.java:579)
at utils.Reporter.reportStep(Reporter.java:20)
at utils.Reporter.reportStep(Reporter.java:43)
at wrappers.GenericWrappers.takeSnap(GenericWrappers.java:579)
at utils.Reporter.reportStep(Reporter.java:20)
at utils.Reporter.reportStep(Reporter.java:43)
at wrappers.GenericWrappers.takeSnap(GenericWrappers.java:579)
at utils.Reporter.reportStep(Reporter.java:20)
at utils.Reporter.reportStep(Reporter.java:43)
at wrappers.GenericWrappers.takeSnap(GenericWrappers.java:579)
at utils.Reporter.reportStep(Reporter.java:20)
at utils.Reporter.reportStep(Reporter.java:43)
at wrappers.GenericWrappers.takeSnap(GenericWrappers.java:579)
at utils.Reporter.reportStep(Reporter.java:20)
at utils.Reporter.reportStep(Reporter.java:43)
at wrappers.GenericWrappers.takeSnap(GenericWrappers.java:579)
at utils.Reporter.reportStep(Reporter.java:20)
at utils.Reporter.reportStep(Reporter.java:43)
at wrappers.GenericWrappers.takeSnap(GenericWrappers.java:579)
at utils.Reporter.reportStep(Reporter.java:20)
at utils.Reporter.reportStep(Reporter.java:43)
at wrappers.GenericWrappers.takeSnap(GenericWrappers.java:579)
at utils.Reporter.reportStep(Reporter.java:20)
at utils.Reporter.reportStep(Reporter.java:43)
at wrappers.GenericWrappers.takeSnap(GenericWrappers.java:579)
at utils.Reporter.reportStep(Reporter.java:20)
at utils.Reporter.reportStep(Reporter.java:43)
at wrappers.GenericWrappers.takeSnap(GenericWrappers.java:579)
at utils.Reporter.reportStep(Reporter.java:20)
at utils.Reporter.reportStep(Reporter.java:43)
at wrappers.GenericWrappers.takeSnap(GenericWrappers.java:579)
at utils.Reporter.reportStep(Reporter.java:20)
at utils.Reporter.reportStep(Reporter.java:43)
at wrappers.GenericWrappers.takeSnap(GenericWrappers.java:579)
at utils.Reporter.reportStep(Reporter.java:20)
at utils.Reporter.reportStep(Reporter.java:43)
at wrappers.GenericWrappers.takeSnap(GenericWrappers.java:579)
at utils.Reporter.reportStep(Reporter.java:20)
at utils.Reporter.reportStep(Reporter.java:43)
at wrappers.GenericWrappers.takeSnap(GenericWrappers.java:579)
at utils.Reporter.reportStep(Reporter.java:20)
at utils.Reporter.reportStep(Reporter.java:43)
at wrappers.GenericWrappers.takeSnap(GenericWrappers.java:579)
at utils.Reporter.reportStep(Reporter.java:20)
at utils.Reporter.reportStep(Reporter.java:43)
at wrappers.GenericWrappers.takeSnap(GenericWrappers.java:579)
at utils.Reporter.reportStep(Reporter.java:20)
at utils.Reporter.reportStep(Reporter.java:43)
at wrappers.GenericWrappers.takeSnap(GenericWrappers.java:579)
at utils.Reporter.reportStep(Reporter.java:20)
at utils.Reporter.reportStep(Reporter.java:43)
at wrappers.GenericWrappers.takeSnap(GenericWrappers.java:579)
at utils.Reporter.reportStep(Reporter.java:20)
at utils.Reporter.reportStep(Reporter.java:43)
at wrappers.GenericWrappers.takeSnap(GenericWrappers.java:579)
at utils.Reporter.reportStep(Reporter.java:20)
at utils.Reporter.reportStep(Reporter.java:43)
at wrappers.GenericWrappers.takeSnap(GenericWrappers.java:579)
at utils.Reporter.reportStep(Reporter.java:20)
at utils.Reporter.reportStep(Reporter.java:43)
at wrappers.GenericWrappers.takeSnap(GenericWrappers.java:579)
at utils.Reporter.reportStep(Reporter.java:20)
at utils.Reporter.reportStep(Reporter.java:43)
at wrappers.GenericWrappers.takeSnap(GenericWrappers.java:579)
at utils.Reporter.reportStep(Reporter.java:20)
at utils.Reporter.reportStep(Reporter.java:43)
at wrappers.GenericWrappers.takeSnap(GenericWrappers.java:579)
at utils.Reporter.reportStep(Reporter.java:20)
at utils.Reporter.reportStep(Reporter.java:43)
at wrappers.GenericWrappers.takeSnap(GenericWrappers.java:579)
at utils.Reporter.reportStep(Reporter.java:20)
at utils.Reporter.reportStep(Reporter.java:43)
at wrappers.GenericWrappers.takeSnap(GenericWrappers.java:579)
at utils.Reporter.reportStep(Reporter.java:20)
at utils.Reporter.reportStep(Reporter.java:43)
at wrappers.GenericWrappers.takeSnap(GenericWrappers.java:579)
at utils.Reporter.reportStep(Reporter.java:20)
at utils.Reporter.reportStep(Reporter.java:43)
at wrappers.GenericWrappers.takeSnap(GenericWrappers.java:579)
at utils.Reporter.reportStep(Reporter.java:20)
at utils.Reporter.reportStep(Reporter.java:43)
at wrappers.GenericWrappers.takeSnap(GenericWrappers.java:579)
at utils.Reporter.reportStep(Reporter.java:20)
at utils.Reporter.reportStep(Reporter.java:43)
at wrappers.GenericWrappers.takeSnap(GenericWrappers.java:579)
at utils.Reporter.reportStep(Reporter.java:20)
at utils.Reporter.reportStep(Reporter.java:43)
at wrappers.GenericWrappers.takeSnap(GenericWrappers.java:579)
at utils.Reporter.reportStep(Reporter.java:20)
at utils.Reporter.reportStep(Reporter.java:43)
at wrappers.GenericWrappers.takeSnap(GenericWrappers.java:579)
at utils.Reporter.reportStep(Reporter.java:20)
at utils.Reporter.reportStep(Reporter.java:43)
at wrappers.GenericWrappers.takeSnap(GenericWrappers.java:579)
at utils.Reporter.reportStep(Reporter.java:20)
at utils.Reporter.reportStep(Reporter.java:43)
at wrappers.GenericWrappers.takeSnap(GenericWrappers.java:579)
at utils.Reporter.reportStep(Reporter.java:20)
at utils.Reporter.reportStep(Reporter.java:43)
at wrappers.GenericWrappers.takeSnap(GenericWrappers.java:579)
at utils.Reporter.reportStep(Reporter.java:20)
at utils.Reporter.reportStep(Reporter.java:43)
at wrappers.GenericWrappers.takeSnap(GenericWrappers.java:579)
at utils.Reporter.reportStep(Reporter.java:20)
at utils.Reporter.reportStep(Reporter.java:43)
at wrappers.GenericWrappers.takeSnap(GenericWrappers.java:579)
at utils.Reporter.reportStep(Reporter.java:20)
at utils.Reporter.reportStep(Reporter.java:43)
at wrappers.GenericWrappers.takeSnap(GenericWrappers.java:579)
at utils.Reporter.reportStep(Reporter.java:20)
at utils.Reporter.reportStep(Reporter.java:43)
at wrappers.GenericWrappers.takeSnap(GenericWrappers.java:579)
at utils.Reporter.reportStep(Reporter.java:20)
at utils.Reporter.reportStep(Reporter.java:43)
at wrappers.GenericWrappers.takeSnap(GenericWrappers.java:579)
at utils.Reporter.reportStep(Reporter.java:20)
at utils.Reporter.reportStep(Reporter.java:43)
at wrappers.GenericWrappers.takeSnap(GenericWrappers.java:579)
at utils.Reporter.reportStep(Reporter.java:20)
at utils.Reporter.reportStep(Reporter.java:43)
at wrappers.GenericWrappers.takeSnap(GenericWrappers.java:579)
at utils.Reporter.reportStep(Reporter.java:20)
at utils.Reporter.reportStep(Reporter.java:43)
at wrappers.GenericWrappers.takeSnap(GenericWrappers.java:579)
at utils.Reporter.reportStep(Reporter.java:20)
at utils.Reporter.reportStep(Reporter.java:43)
at wrappers.GenericWrappers.takeSnap(GenericWrappers.java:579)
at utils.Reporter.reportStep(Reporter.java:20)
at utils.Reporter.reportStep(Reporter.java:43)
at wrappers.GenericWrappers.takeSnap(GenericWrappers.java:579)
at utils.Reporter.reportStep(Reporter.java:20)
at utils.Reporter.reportStep(Reporter.java:43)
at wrappers.GenericWrappers.takeSnap(GenericWrappers.java:579)
at utils.Reporter.reportStep(Reporter.java:20)
at utils.Reporter.reportStep(Reporter.java:43)
at wrappers.GenericWrappers.takeSnap(GenericWrappers.java:579)
at utils.Reporter.reportStep(Reporter.java:20)
at utils.Reporter.reportStep(Reporter.java:43)
at wrappers.GenericWrappers.takeSnap(GenericWrappers.java:579)
at utils.Reporter.reportStep(Reporter.java:20)
at utils.Reporter.reportStep(Reporter.java:43)
at wrappers.GenericWrappers.takeSnap(GenericWrappers.java:579)
at utils.Reporter.reportStep(Reporter.java:20)
at utils.Reporter.reportStep(Reporter.java:43)
at wrappers.GenericWrappers.takeSnap(GenericWrappers.java:579)
at utils.Reporter.reportStep(Reporter.java:20)
at utils.Reporter.reportStep(Reporter.java:43)
at wrappers.GenericWrappers.takeSnap(GenericWrappers.java:579)
at utils.Reporter.reportStep(Reporter.java:20)
at utils.Reporter.reportStep(Reporter.java:43)
at wrappers.GenericWrappers.takeSnap(GenericWrappers.java:579)
at utils.Reporter.reportStep(Reporter.java:20)
at utils.Reporter.reportStep(Reporter.java:43)
at wrappers.GenericWrappers.takeSnap(GenericWrappers.java:579)
at utils.Reporter.reportStep(Reporter.java:20)
at utils.Reporter.reportStep(Reporter.java:43)
at wrappers.GenericWrappers.takeSnap(GenericWrappers.java:579)
at utils.Reporter.reportStep(Reporter.java:20)
at utils.Reporter.reportStep(Reporter.java:43)
at wrappers.GenericWrappers.takeSnap(GenericWrappers.java:579)
at utils.Reporter.reportStep(Reporter.java:20)
at utils.Reporter.reportStep(Reporter.java:43)
at wrappers.GenericWrappers.takeSnap(GenericWrappers.java:579)
at utils.Reporter.reportStep(Reporter.java:20)
at utils.Reporter.reportStep(Reporter.java:43)
at wrappers.GenericWrappers.takeSnap(GenericWrappers.java:579)
at utils.Reporter.reportStep(Reporter.java:20)
at utils.Reporter.reportStep(Reporter.java:43)
at wrappers.GenericWrappers.takeSnap(GenericWrappers.java:579)
at utils.Reporter.reportStep(Reporter.java:20)
at utils.Reporter.reportStep(Reporter.java:43)
at wrappers.GenericWrappers.takeSnap(GenericWrappers.java:579)
at utils.Reporter.reportStep(Reporter.java:20)
at utils.Reporter.reportStep(Reporter.java:43)
at wrappers.GenericWrappers.takeSnap(GenericWrappers.java:579)
at utils.Reporter.reportStep(Reporter.java:20)
at utils.Reporter.reportStep(Reporter.java:43)
at wrappers.GenericWrappers.takeSnap(GenericWrappers.java:579)
at utils.Reporter.reportStep(Reporter.java:20)
at utils.Reporter.reportStep(Reporter.java:43)
at wrappers.GenericWrappers.takeSnap(GenericWrappers.java:579)
at utils.Reporter.reportStep(Reporter.java:20)
at utils.Reporter.reportStep(Reporter.java:43)
at wrappers.GenericWrappers.takeSnap(GenericWrappers.java:579)
at utils.Reporter.reportStep(Reporter.java:20)
at utils.Reporter.reportStep(Reporter.java:43)
at wrappers.GenericWrappers.takeSnap(GenericWrappers.java:579)
at utils.Reporter.reportStep(Reporter.java:20)
at utils.Reporter.reportStep(Reporter.java:43)
at wrappers.GenericWrappers.takeSnap(GenericWrappers.java:579)
at utils.Reporter.reportStep(Reporter.java:20)
at utils.Reporter.reportStep(Reporter.java:43)
at wrappers.GenericWrappers.takeSnap(GenericWrappers.java:579)
at utils.Reporter.reportStep(Reporter.java:20)
at utils.Reporter.reportStep(Reporter.java:43)
at wrappers.GenericWrappers.takeSnap(GenericWrappers.java:579)
at utils.Reporter.reportStep(Reporter.java:20)
at utils.Reporter.reportStep(Reporter.java:43)
at wrappers.GenericWrappers.takeSnap(GenericWrappers.java:579)
at utils.Reporter.reportStep(Reporter.java:20)
at utils.Reporter.reportStep(Reporter.java:43)
at wrappers.GenericWrappers.takeSnap(GenericWrappers.java:579)
at utils.Reporter.reportStep(Reporter.java:20)
at utils.Reporter.reportStep(Reporter.java:43)
at wrappers.GenericWrappers.takeSnap(GenericWrappers.java:579)
at utils.Reporter.reportStep(Reporter.java:20)
at utils.Reporter.reportStep(Reporter.java:43)
at wrappers.GenericWrappers.takeSnap(GenericWrappers.java:579)
at utils.Reporter.reportStep(Reporter.java:20)
at utils.Reporter.reportStep(Reporter.java:43)
at wrappers.GenericWrappers.takeSnap(GenericWrappers.java:579)
at utils.Reporter.reportStep(Reporter.java:20)
at utils.Reporter.reportStep(Reporter.java:43)
at wrappers.GenericWrappers.takeSnap(GenericWrappers.java:579)
at utils.Reporter.reportStep(Reporter.java:20)
at utils.Reporter.reportStep(Reporter.java:43)
at wrappers.GenericWrappers.takeSnap(GenericWrappers.java:579)
at utils.Reporter.reportStep(Reporter.java:20)
at utils.Reporter.reportStep(Reporter.java:43)
at wrappers.GenericWrappers.takeSnap(GenericWrappers.java:579)
at utils.Reporter.reportStep(Reporter.java:20)
at utils.Reporter.reportStep(Reporter.java:43)
at wrappers.GenericWrappers.takeSnap(GenericWrappers.java:579)
at utils.Reporter.reportStep(Reporter.java:20)
at utils.Reporter.reportStep(Reporter.java:43)
at wrappers.GenericWrappers.takeSnap(GenericWrappers.java:579)
at utils.Reporter.reportStep(Reporter.java:20)
at utils.Reporter.reportStep(Reporter.java:43)
at wrappers.GenericWrappers.takeSnap(GenericWrappers.java:579)
at utils.Reporter.reportStep(Reporter.java:20)
at utils.Reporter.reportStep(Reporter.java:43)
at wrappers.GenericWrappers.takeSnap(GenericWrappers.java:579)
at utils.Reporter.reportStep(Reporter.java:20)
at utils.Reporter.reportStep(Reporter.java:43)
at wrappers.GenericWrappers.takeSnap(GenericWrappers.java:579)
at utils.Reporter.reportStep(Reporter.java:20)
at utils.Reporter.reportStep(Reporter.java:43)
at wrappers.GenericWrappers.takeSnap(GenericWrappers.java:579)
at utils.Reporter.reportStep(Reporter.java:20)
at utils.Reporter.reportStep(Reporter.java:43)
at wrappers.GenericWrappers.takeSnap(GenericWrappers.java:579)
at utils.Reporter.reportStep(Reporter.java:20)
at utils.Reporter.reportStep(Reporter.java:43)
at wrappers.GenericWrappers.takeSnap(GenericWrappers.java:579)
at utils.Reporter.reportStep(Reporter.java:20)
at utils.Reporter.reportStep(Reporter.java:43)
at wrappers.GenericWrappers.takeSnap(GenericWrappers.java:579)
at utils.Reporter.reportStep(Reporter.java:20)
at utils.Reporter.reportStep(Reporter.java:43)
at wrappers.GenericWrappers.takeSnap(GenericWrappers.java:579)
at utils.Reporter.reportStep(Reporter.java:20)
at utils.Reporter.reportStep(Reporter.java:43)
at wrappers.GenericWrappers.takeSnap(GenericWrappers.java:579)
at utils.Reporter.reportStep(Reporter.java:20)
at utils.Reporter.reportStep(Reporter.java:43)
at wrappers.GenericWrappers.takeSnap(GenericWrappers.java:579)
at utils.Reporter.reportStep(Reporter.java:20)
at utils.Reporter.reportStep(Reporter.java:43)
at wrappers.GenericWrappers.takeSnap(GenericWrappers.java:579)
at utils.Reporter.reportStep(Reporter.java:20)
at utils.Reporter.reportStep(Reporter.java:43)
at wrappers.GenericWrappers.takeSnap(GenericWrappers.java:579)
at utils.Reporter.reportStep(Reporter.java:20)
at utils.Reporter.reportStep(Reporter.java:43)
at wrappers.GenericWrappers.takeSnap(GenericWrappers.java:579)
at utils.Reporter.reportStep(Reporter.java:20)
at utils.Reporter.reportStep(Reporter.java:43)
at wrappers.GenericWrappers.takeSnap(GenericWrappers.java:579)
at utils.Reporter.reportStep(Reporter.java:20)
at utils.Reporter.reportStep(Reporter.java:43)
at wrappers.GenericWrappers.takeSnap(GenericWrappers.java:579)
at utils.Reporter.reportStep(Reporter.java:20)
at utils.Reporter.reportStep(Reporter.java:43)
at wrappers.GenericWrappers.takeSnap(GenericWrappers.java:579)
at utils.Reporter.reportStep(Reporter.java:20)
at utils.Reporter.reportStep(Reporter.java:43)
at wrappers.GenericWrappers.takeSnap(GenericWrappers.java:579)
at utils.Reporter.reportStep(Reporter.java:20)
at utils.Reporter.reportStep(Reporter.java:43)
at wrappers.GenericWrappers.takeSnap(GenericWrappers.java:579)
at utils.Reporter.reportStep(Reporter.java:20)
at utils.Reporter.reportStep(Reporter.java:43)
at wrappers.GenericWrappers.takeSnap(GenericWrappers.java:579)
at utils.Reporter.reportStep(Reporter.java:20)
at utils.Reporter.reportStep(Reporter.java:43)
]]>
    </error>
  </testcase> <!-- loginLogOut -->
</testsuite> <!-- testcases.TC001_Login -->
